<?xml version="1.0" encoding="UTF-8"?>
<testsuites name="TestSuite" time="1212" tests="6" failures="2" errors="0">
   <testsuite name="TestSuite" tests="6" failures="2" errors="0" time="1212" timestamp="2018-09-11 23:10:38" hostname="dshiosaky - dshiosaky-LTP" id="Test Suites/TestSuite">
      <properties>
         <property name="deviceName" value=""/>
         <property name="devicePlatform" value=""/>
         <property name="logFolder" value="C:\\Users\\dshiosaky\\Desktop\\KatalonProjects\\OE_user_Activation\\Reports\\TestSuite\\20180911_231025"/>
         <property name="logFiles" value="C:\\Users\\dshiosaky\\Desktop\\KatalonProjects\\OE_user_Activation\\Reports\\TestSuite\\20180911_231025\\execution0.log"/>
         <property name="attachments" value="C:\\Users\\dshiosaky\\Desktop\\KatalonProjects\\OE_user_Activation\\Reports\\TestSuite\\20180911_231025\\1536722086496.png, C:\\Users\\dshiosaky\\Desktop\\KatalonProjects\\OE_user_Activation\\Reports\\TestSuite\\20180911_231025\\1536722695909.png"/>
         <property name="hostName" value="dshiosaky - dshiosaky-LTP"/>
         <property name="os" value="Windows 10 64bit"/>
         <property name="katalonVersion" value="5.7.0.1"/>
         <property name="browser" value="Chrome 68.0.3440.106"/>
         <property name="hostAddress" value="169.254.245.58"/>
         <property name="sessionId" value="41bf0281f888d3b33d97472a1b24611f"/>
         <property name="seleniumVersion" value="3.7.1"/>
         <property name="proxyInformation" value="ProxyInformation{proxyOption=NO_PROXY, proxyServerType=HTTP, password=, proxyServerAddress=, proxyServerPort=0}"/>
         <property name="platform" value="Windows 10"/>
      </properties>
      <testcase name="Test Cases/Convert Lead in sf" classname="Test Cases/Convert Lead in sf" status="PASSED">
         <system-out><![CDATA[2018-09-11 23:10:39 - [TEST_CASE][PASSED] - Test Cases/Convert Lead in sf: Test Cases/Convert Lead in sf

2018-09-11 23:10:40 - [TEST_STEP][PASSED] - openBrowser: Browser is opened with url: ''

2018-09-11 23:10:45 - [MESSAGE][PASSED] - Browser is opened with url: ''

2018-09-11 23:10:45 - [TEST_STEP][PASSED] - maximizeWindow: Current window maximized

2018-09-11 23:10:47 - [MESSAGE][PASSED] - Current window maximized

2018-09-11 23:10:47 - [TEST_STEP][PASSED] - navigateToUrl: Navigate to 'https://test.salesforce.com/' successfully

2018-09-11 23:10:48 - [MESSAGE][PASSED] - Navigate to 'https://test.salesforce.com/' successfully

2018-09-11 23:10:48 - [TEST_STEP][PASSED] - delay: Delayed 5 second(s)

2018-09-11 23:10:53 - [MESSAGE][PASSED] - Delayed 5 second(s)

2018-09-11 23:10:53 - [TEST_STEP][PASSED] - setText: Text 'daniel.shiosaky@openenglish.com.stg' is set on object 'Object Repository/Page_Login  Salesforce/input_username'

2018-09-11 23:10:54 - [MESSAGE][PASSED] - Text 'daniel.shiosaky@openenglish.com.stg' is set on object 'Object Repository/Page_Login  Salesforce/input_username'

2018-09-11 23:10:54 - [TEST_STEP][PASSED] - setText: Text 'Ds.4285716010*' is set on object 'Object Repository/Page_Login  Salesforce/input_pw'

2018-09-11 23:10:55 - [MESSAGE][PASSED] - Text 'Ds.4285716010*' is set on object 'Object Repository/Page_Login  Salesforce/input_pw'

2018-09-11 23:10:55 - [TEST_STEP][PASSED] - click: Object: 'Object Repository/Page_Login  Salesforce/input_Login' is clicked on

2018-09-11 23:10:57 - [MESSAGE][PASSED] - Object: 'Object Repository/Page_Login  Salesforce/input_Login' is clicked on

2018-09-11 23:10:57 - [TEST_STEP][PASSED] - delay: Delayed 5 second(s)

2018-09-11 23:11:02 - [MESSAGE][PASSED] - Delayed 5 second(s)

2018-09-11 23:11:02 - [TEST_STEP][PASSED] - click: Object: 'Object Repository/Page_Salesforce - Performance Editi/a_Leads' is clicked on

2018-09-11 23:11:06 - [MESSAGE][PASSED] - Object: 'Object Repository/Page_Salesforce - Performance Editi/a_Leads' is clicked on

2018-09-11 23:11:06 - [TEST_STEP][PASSED] - setText: Text 'jenkins.desktoplevelone@mailinator.com' is set on object 'Object Repository/Page_Leads Home  Salesforce - Perfo/input_str'

2018-09-11 23:11:08 - [MESSAGE][PASSED] - Text 'jenkins.desktoplevelone@mailinator.com' is set on object 'Object Repository/Page_Leads Home  Salesforce - Perfo/input_str'

2018-09-11 23:11:08 - [TEST_STEP][PASSED] - click: Object: 'Object Repository/Page_Leads Home  Salesforce - Perfo/input_phSearchButton' is clicked on

2018-09-11 23:11:10 - [MESSAGE][PASSED] - Object: 'Object Repository/Page_Leads Home  Salesforce - Perfo/input_phSearchButton' is clicked on

2018-09-11 23:11:10 - [TEST_STEP][PASSED] - delay: Delayed 5 second(s)

2018-09-11 23:11:15 - [MESSAGE][PASSED] - Delayed 5 second(s)

2018-09-11 23:11:15 - [TEST_STEP][PASSED] - click: Object: 'Object Repository/Page_Search Results  Salesforce - P (1)/a_StudentName' is clicked on

2018-09-11 23:11:18 - [MESSAGE][PASSED] - Object: 'Object Repository/Page_Search Results  Salesforce - P (1)/a_StudentName' is clicked on

2018-09-11 23:11:18 - [TEST_STEP][PASSED] - click: Object: 'Object Repository/Page_Lead Daniel Levelthree  Salesf/input_sales_tool' is clicked on

2018-09-11 23:11:21 - [MESSAGE][PASSED] - Object: 'Object Repository/Page_Lead Daniel Levelthree  Salesf/input_sales_tool' is clicked on

2018-09-11 23:11:21 - [TEST_STEP][PASSED] - click: Object: 'Object Repository/Page_Sales Tool  Salesforce - Perfo/input_j_id0frmConditionscmdOrg' is clicked on

2018-09-11 23:11:23 - [MESSAGE][PASSED] - Object: 'Object Repository/Page_Sales Tool  Salesforce - Perfo/input_j_id0frmConditionscmdOrg' is clicked on

2018-09-11 23:11:23 - [TEST_STEP][PASSED] - click: Object: 'Object Repository/Page_Sales Tool  Salesforce - Perfo/button_SELECT DISCOUNT' is clicked on

2018-09-11 23:11:23 - [MESSAGE][PASSED] - Object: 'Object Repository/Page_Sales Tool  Salesforce - Perfo/button_SELECT DISCOUNT' is clicked on

2018-09-11 23:11:23 - [TEST_STEP][PASSED] - click: Object: 'Object Repository/Page_Sales Tool  Salesforce - Perfo/input_j_id0j_id110j_id111mainF' is clicked on

2018-09-11 23:11:23 - [MESSAGE][PASSED] - Object: 'Object Repository/Page_Sales Tool  Salesforce - Perfo/input_j_id0j_id110j_id111mainF' is clicked on

2018-09-11 23:11:23 - [TEST_STEP][PASSED] - click: Object: 'Object Repository/Page_Sales Tool  Salesforce - Perfo/input_j_id0j_id110j_id111mainF_1' is clicked on

2018-09-11 23:11:25 - [MESSAGE][PASSED] - Object: 'Object Repository/Page_Sales Tool  Salesforce - Perfo/input_j_id0j_id110j_id111mainF_1' is clicked on

2018-09-11 23:11:25 - [TEST_STEP][PASSED] - click: Object: 'Object Repository/Page_Sales Tool  Salesforce - Perfo/input_j_id0j_id110j_id111mainF_2' is clicked on

2018-09-11 23:11:25 - [MESSAGE][PASSED] - Object: 'Object Repository/Page_Sales Tool  Salesforce - Perfo/input_j_id0j_id110j_id111mainF_2' is clicked on

2018-09-11 23:11:25 - [TEST_STEP][PASSED] - delay: Delayed 30 second(s)

2018-09-11 23:11:55 - [MESSAGE][PASSED] - Delayed 30 second(s)

2018-09-11 23:11:55 - [TEST_STEP][PASSED] - switchToFrame: Switched to iframe: 'Object Repository/Page_Sales Tool  Salesforce - Perfo (1)/iframe_immediateCapture_iframe'

2018-09-11 23:11:55 - [TEST_STEP][PASSED] - delay: Delayed 5 second(s)

2018-09-11 23:12:00 - [MESSAGE][PASSED] - Delayed 5 second(s)

2018-09-11 23:12:00 - [TEST_STEP][PASSED] - selectOptionByLabel: All options with label 'Visa' are selected in object 'Object Repository/Page_Sales Tool  Salesforce - Perfo (1)/select_VisaMasterCard' 

2018-09-11 23:12:00 - [MESSAGE][PASSED] - All options with label 'Visa' are selected in object 'Object Repository/Page_Sales Tool  Salesforce - Perfo (1)/select_VisaMasterCard' 

2018-09-11 23:12:00 - [TEST_STEP][PASSED] - setText: Text '4012 8888 8888 1881' is set on object 'Object Repository/Page_Sales Tool  Salesforce - Perfo (1)/input_CardNumber'

2018-09-11 23:12:02 - [MESSAGE][PASSED] - Text '4012 8888 8888 1881' is set on object 'Object Repository/Page_Sales Tool  Salesforce - Perfo (1)/input_CardNumber'

2018-09-11 23:12:02 - [TEST_STEP][PASSED] - setText: Text '10 / 2019' is set on object 'Object Repository/Page_Sales Tool  Salesforce - Perfo (1)/input_CardExpiry'

2018-09-11 23:12:02 - [MESSAGE][PASSED] - Text '10 / 2019' is set on object 'Object Repository/Page_Sales Tool  Salesforce - Perfo (1)/input_CardExpiry'

2018-09-11 23:12:02 - [TEST_STEP][PASSED] - setText: Text 'Approved' is set on object 'Object Repository/Page_Sales Tool  Salesforce - Perfo (1)/input_CardName'

2018-09-11 23:12:03 - [MESSAGE][PASSED] - Text 'Approved' is set on object 'Object Repository/Page_Sales Tool  Salesforce - Perfo (1)/input_CardName'

2018-09-11 23:12:03 - [TEST_STEP][PASSED] - setText: Text '123' is set on object 'Object Repository/Page_Sales Tool  Salesforce - Perfo (1)/input_CardCvv'

2018-09-11 23:12:03 - [MESSAGE][PASSED] - Text '123' is set on object 'Object Repository/Page_Sales Tool  Salesforce - Perfo (1)/input_CardCvv'

2018-09-11 23:12:03 - [TEST_STEP][PASSED] - setText: Text 'Approved' is set on object 'Object Repository/Page_Sales Tool  Salesforce - Perfo (1)/input_contractHolderName'

2018-09-11 23:12:04 - [MESSAGE][PASSED] - Text 'Approved' is set on object 'Object Repository/Page_Sales Tool  Salesforce - Perfo (1)/input_contractHolderName'

2018-09-11 23:12:04 - [TEST_STEP][PASSED] - delay: Delayed 5 second(s)

2018-09-11 23:12:09 - [MESSAGE][PASSED] - Delayed 5 second(s)

2018-09-11 23:12:09 - [TEST_STEP][PASSED] - click: Object: 'Object Repository/Page_Sales Tool  Salesforce - Perfo/label_I accept the terms and w' is clicked on

2018-09-11 23:12:09 - [MESSAGE][PASSED] - Object: 'Object Repository/Page_Sales Tool  Salesforce - Perfo/label_I accept the terms and w' is clicked on

2018-09-11 23:12:09 - [TEST_STEP][PASSED] - click: Object: 'Object Repository/Page_Sales Tool  Salesforce - Perfo/label_Term of the Course I und' is clicked on

2018-09-11 23:12:09 - [MESSAGE][PASSED] - Object: 'Object Repository/Page_Sales Tool  Salesforce - Perfo/label_Term of the Course I und' is clicked on

2018-09-11 23:12:09 - [TEST_STEP][PASSED] - delay: Delayed 5 second(s)

2018-09-11 23:12:14 - [MESSAGE][PASSED] - Delayed 5 second(s)

2018-09-11 23:12:14 - [TEST_STEP][PASSED] - click: Object: 'Object Repository/Page_Sales Tool  Salesforce - Perfo (1)/button_Submit payment' is clicked on

2018-09-11 23:12:14 - [MESSAGE][PASSED] - Object: 'Object Repository/Page_Sales Tool  Salesforce - Perfo (1)/button_Submit payment' is clicked on

2018-09-11 23:12:14 - [TEST_STEP][PASSED] - delay: Delayed 60 second(s)

2018-09-11 23:13:14 - [MESSAGE][PASSED] - Delayed 60 second(s)

2018-09-11 23:13:14 - [TEST_STEP][PASSED] - verifyTextPresent: Text 'Congratulations! Your payment is successfully processed!' is present on page  using regular expression

2018-09-11 23:13:15 - [MESSAGE][PASSED] - Text 'Congratulations! Your payment is successfully processed!' is present on page  using regular expression

2018-09-11 23:13:15 - [TEST_STEP][PASSED] - switchToDefaultContent: Switching to default content

2018-09-11 23:13:15 - [TEST_STEP][PASSED] - click: Object: 'Object Repository/Page_Sales Tool  Salesforce - Perfo/input_j_id0j_id110j_id111mainF_3' is clicked on

2018-09-11 23:13:21 - [MESSAGE][PASSED] - Object: 'Object Repository/Page_Sales Tool  Salesforce - Perfo/input_j_id0j_id110j_id111mainF_3' is clicked on

2018-09-11 23:13:21 - [TEST_STEP][PASSED] - delay: Delayed 15 second(s)

2018-09-11 23:13:36 - [MESSAGE][PASSED] - Delayed 15 second(s)

2018-09-11 23:13:36 - [TEST_STEP][PASSED] - closeBrowser: Browser is closed

2018-09-11 23:13:37 - [MESSAGE][PASSED] - Browser is closed]]></system-out>
         <system-err><![CDATA[]]></system-err>
      </testcase>
      <testcase name="Test Cases/Convert Lead in sf" classname="Test Cases/Convert Lead in sf" status="FAILED">
         <failure type="FAILED" message="(Stack trace: com.kms.katalon.core.exception.StepFailedException: Unable to click on object 'Object Repository/Page_Search Results  Salesforce - P (1)/a_StudentName' (Root cause: com.kms.katalon.core.webui.exception.WebElementNotFoundException: Web element with id: 'Object Repository/Page_Search Results  Salesforce - P (1)/a_StudentName' located by 'By.xpath: html/body/div[1]/div[2]/table/tbody/tr/td/div[2]/table/tbody/tr/td[2]/div[2]/div[2]/div[2]/div/div[2]/div/div[2]/table/tbody/tr[2]/th/a' not found)
	at com.kms.katalon.core.keyword.internal.KeywordMain.stepFailed(KeywordMain.groovy:36)
	at com.kms.katalon.core.webui.keyword.internal.WebUIKeywordMain.stepFailed(WebUIKeywordMain.groovy:65)
	at com.kms.katalon.core.webui.keyword.internal.WebUIKeywordMain.runKeyword(WebUIKeywordMain.groovy:27)
	at com.kms.katalon.core.webui.keyword.builtin.ClickKeyword.click(ClickKeyword.groovy:86)
	at com.kms.katalon.core.webui.keyword.builtin.ClickKeyword.execute(ClickKeyword.groovy:67)
	at com.kms.katalon.core.keyword.internal.KeywordExecutor.executeKeywordForPlatform(KeywordExecutor.groovy:53)
	at com.kms.katalon.core.webui.keyword.WebUiBuiltInKeywords.click(WebUiBuiltInKeywords.groovy:616)
	at com.kms.katalon.core.webui.keyword.WebUiBuiltInKeywords$click$3.call(Unknown Source)
	at Script1521090863390.run(Script1521090863390.groovy:46)
	at com.kms.katalon.core.main.ScriptEngine.run(ScriptEngine.java:183)
	at com.kms.katalon.core.main.ScriptEngine.runScriptAsRawText(ScriptEngine.java:108)
	at com.kms.katalon.core.main.TestCaseExecutor.runScript(TestCaseExecutor.java:294)
	at com.kms.katalon.core.main.TestCaseExecutor.doExecute(TestCaseExecutor.java:285)
	at com.kms.katalon.core.main.TestCaseExecutor.processExecutionPhase(TestCaseExecutor.java:264)
	at com.kms.katalon.core.main.TestCaseExecutor.accessMainPhase(TestCaseExecutor.java:256)
	at com.kms.katalon.core.main.TestCaseExecutor.execute(TestCaseExecutor.java:200)
	at com.kms.katalon.core.main.TestSuiteExecutor.accessTestCaseMainPhase(TestSuiteExecutor.java:129)
	at com.kms.katalon.core.main.TestSuiteExecutor.accessTestSuiteMainPhase(TestSuiteExecutor.java:112)
	at com.kms.katalon.core.main.TestSuiteExecutor.execute(TestSuiteExecutor.java:81)
	at com.kms.katalon.core.main.TestCaseMain.startTestSuite(TestCaseMain.java:142)
	at com.kms.katalon.core.main.TestCaseMain$startTestSuite$0.call(Unknown Source)
	at org.codehaus.groovy.runtime.callsite.CallSiteArray.defaultCall(CallSiteArray.java:48)
	at org.codehaus.groovy.runtime.callsite.AbstractCallSite.call(AbstractCallSite.java:113)
	at org.codehaus.groovy.runtime.callsite.AbstractCallSite.call(AbstractCallSite.java:141)
	at TempTestSuite1536721834649.run(TempTestSuite1536721834649.groovy:36)
	at groovy.lang.GroovyShell.runScriptOrMainOrTestOrRunnable(GroovyShell.java:263)
	at groovy.lang.GroovyShell.run(GroovyShell.java:518)
	at groovy.lang.GroovyShell.run(GroovyShell.java:507)
	at groovy.ui.GroovyMain.processOnce(GroovyMain.java:653)
	at groovy.ui.GroovyMain.run(GroovyMain.java:384)
	at groovy.ui.GroovyMain.process(GroovyMain.java:370)
	at groovy.ui.GroovyMain.processArgs(GroovyMain.java:129)
	at groovy.ui.GroovyMain.main(GroovyMain.java:109)
	at sun.reflect.NativeMethodAccessorImpl.invoke0(Native Method)
	at sun.reflect.NativeMethodAccessorImpl.invoke(NativeMethodAccessorImpl.java:62)
	at sun.reflect.DelegatingMethodAccessorImpl.invoke(DelegatingMethodAccessorImpl.java:43)
	at java.lang.reflect.Method.invoke(Method.java:498)
	at org.codehaus.groovy.tools.GroovyStarter.rootLoader(GroovyStarter.java:109)
	at org.codehaus.groovy.tools.GroovyStarter.main(GroovyStarter.java:131)
)"/>
         <system-out><![CDATA[2018-09-11 23:13:37 - [TEST_CASE][FAILED] - Test Cases/Convert Lead in sf: Test Cases/Convert Lead in sf FAILED because (of) (Stack trace: com.kms.katalon.core.exception.StepFailedException: Unable to click on object 'Object Repository/Page_Search Results  Salesforce - P (1)/a_StudentName' (Root cause: com.kms.katalon.core.webui.exception.WebElementNotFoundException: Web element with id: 'Object Repository/Page_Search Results  Salesforce - P (1)/a_StudentName' located by 'By.xpath: html/body/div[1]/div[2]/table/tbody/tr/td/div[2]/table/tbody/tr/td[2]/div[2]/div[2]/div[2]/div/div[2]/div/div[2]/table/tbody/tr[2]/th/a' not found)
	at com.kms.katalon.core.keyword.internal.KeywordMain.stepFailed(KeywordMain.groovy:36)
	at com.kms.katalon.core.webui.keyword.internal.WebUIKeywordMain.stepFailed(WebUIKeywordMain.groovy:65)
	at com.kms.katalon.core.webui.keyword.internal.WebUIKeywordMain.runKeyword(WebUIKeywordMain.groovy:27)
	at com.kms.katalon.core.webui.keyword.builtin.ClickKeyword.click(ClickKeyword.groovy:86)
	at com.kms.katalon.core.webui.keyword.builtin.ClickKeyword.execute(ClickKeyword.groovy:67)
	at com.kms.katalon.core.keyword.internal.KeywordExecutor.executeKeywordForPlatform(KeywordExecutor.groovy:53)
	at com.kms.katalon.core.webui.keyword.WebUiBuiltInKeywords.click(WebUiBuiltInKeywords.groovy:616)
	at com.kms.katalon.core.webui.keyword.WebUiBuiltInKeywords$click$3.call(Unknown Source)
	at Script1521090863390.run(Script1521090863390.groovy:46)
	at com.kms.katalon.core.main.ScriptEngine.run(ScriptEngine.java:183)
	at com.kms.katalon.core.main.ScriptEngine.runScriptAsRawText(ScriptEngine.java:108)
	at com.kms.katalon.core.main.TestCaseExecutor.runScript(TestCaseExecutor.java:294)
	at com.kms.katalon.core.main.TestCaseExecutor.doExecute(TestCaseExecutor.java:285)
	at com.kms.katalon.core.main.TestCaseExecutor.processExecutionPhase(TestCaseExecutor.java:264)
	at com.kms.katalon.core.main.TestCaseExecutor.accessMainPhase(TestCaseExecutor.java:256)
	at com.kms.katalon.core.main.TestCaseExecutor.execute(TestCaseExecutor.java:200)
	at com.kms.katalon.core.main.TestSuiteExecutor.accessTestCaseMainPhase(TestSuiteExecutor.java:129)
	at com.kms.katalon.core.main.TestSuiteExecutor.accessTestSuiteMainPhase(TestSuiteExecutor.java:112)
	at com.kms.katalon.core.main.TestSuiteExecutor.execute(TestSuiteExecutor.java:81)
	at com.kms.katalon.core.main.TestCaseMain.startTestSuite(TestCaseMain.java:142)
	at com.kms.katalon.core.main.TestCaseMain$startTestSuite$0.call(Unknown Source)
	at org.codehaus.groovy.runtime.callsite.CallSiteArray.defaultCall(CallSiteArray.java:48)
	at org.codehaus.groovy.runtime.callsite.AbstractCallSite.call(AbstractCallSite.java:113)
	at org.codehaus.groovy.runtime.callsite.AbstractCallSite.call(AbstractCallSite.java:141)
	at TempTestSuite1536721834649.run(TempTestSuite1536721834649.groovy:36)
	at groovy.lang.GroovyShell.runScriptOrMainOrTestOrRunnable(GroovyShell.java:263)
	at groovy.lang.GroovyShell.run(GroovyShell.java:518)
	at groovy.lang.GroovyShell.run(GroovyShell.java:507)
	at groovy.ui.GroovyMain.processOnce(GroovyMain.java:653)
	at groovy.ui.GroovyMain.run(GroovyMain.java:384)
	at groovy.ui.GroovyMain.process(GroovyMain.java:370)
	at groovy.ui.GroovyMain.processArgs(GroovyMain.java:129)
	at groovy.ui.GroovyMain.main(GroovyMain.java:109)
	at sun.reflect.NativeMethodAccessorImpl.invoke0(Native Method)
	at sun.reflect.NativeMethodAccessorImpl.invoke(NativeMethodAccessorImpl.java:62)
	at sun.reflect.DelegatingMethodAccessorImpl.invoke(DelegatingMethodAccessorImpl.java:43)
	at java.lang.reflect.Method.invoke(Method.java:498)
	at org.codehaus.groovy.tools.GroovyStarter.rootLoader(GroovyStarter.java:109)
	at org.codehaus.groovy.tools.GroovyStarter.main(GroovyStarter.java:131)
)

2018-09-11 23:13:37 - [TEST_STEP][PASSED] - openBrowser: Browser is opened with url: ''

2018-09-11 23:13:40 - [MESSAGE][PASSED] - Browser is opened with url: ''

2018-09-11 23:13:40 - [TEST_STEP][PASSED] - maximizeWindow: Current window maximized

2018-09-11 23:13:41 - [MESSAGE][PASSED] - Current window maximized

2018-09-11 23:13:41 - [TEST_STEP][PASSED] - navigateToUrl: Navigate to 'https://test.salesforce.com/' successfully

2018-09-11 23:13:43 - [MESSAGE][PASSED] - Navigate to 'https://test.salesforce.com/' successfully

2018-09-11 23:13:43 - [TEST_STEP][PASSED] - delay: Delayed 5 second(s)

2018-09-11 23:13:48 - [MESSAGE][PASSED] - Delayed 5 second(s)

2018-09-11 23:13:48 - [TEST_STEP][PASSED] - setText: Text 'daniel.shiosaky@openenglish.com.stg' is set on object 'Object Repository/Page_Login  Salesforce/input_username'

2018-09-11 23:13:49 - [MESSAGE][PASSED] - Text 'daniel.shiosaky@openenglish.com.stg' is set on object 'Object Repository/Page_Login  Salesforce/input_username'

2018-09-11 23:13:49 - [TEST_STEP][PASSED] - setText: Text 'Ds.4285716010*' is set on object 'Object Repository/Page_Login  Salesforce/input_pw'

2018-09-11 23:13:49 - [MESSAGE][PASSED] - Text 'Ds.4285716010*' is set on object 'Object Repository/Page_Login  Salesforce/input_pw'

2018-09-11 23:13:49 - [TEST_STEP][PASSED] - click: Object: 'Object Repository/Page_Login  Salesforce/input_Login' is clicked on

2018-09-11 23:13:53 - [MESSAGE][PASSED] - Object: 'Object Repository/Page_Login  Salesforce/input_Login' is clicked on

2018-09-11 23:13:53 - [TEST_STEP][PASSED] - delay: Delayed 5 second(s)

2018-09-11 23:13:58 - [MESSAGE][PASSED] - Delayed 5 second(s)

2018-09-11 23:13:58 - [TEST_STEP][PASSED] - click: Object: 'Object Repository/Page_Salesforce - Performance Editi/a_Leads' is clicked on

2018-09-11 23:14:02 - [MESSAGE][PASSED] - Object: 'Object Repository/Page_Salesforce - Performance Editi/a_Leads' is clicked on

2018-09-11 23:14:02 - [TEST_STEP][PASSED] - setText: Text 'jenkins.desktopleveltwo@mailinator.com' is set on object 'Object Repository/Page_Leads Home  Salesforce - Perfo/input_str'

2018-09-11 23:14:04 - [MESSAGE][PASSED] - Text 'jenkins.desktopleveltwo@mailinator.com' is set on object 'Object Repository/Page_Leads Home  Salesforce - Perfo/input_str'

2018-09-11 23:14:04 - [TEST_STEP][PASSED] - click: Object: 'Object Repository/Page_Leads Home  Salesforce - Perfo/input_phSearchButton' is clicked on

2018-09-11 23:14:04 - [MESSAGE][PASSED] - Object: 'Object Repository/Page_Leads Home  Salesforce - Perfo/input_phSearchButton' is clicked on

2018-09-11 23:14:04 - [TEST_STEP][PASSED] - delay: Delayed 5 second(s)

2018-09-11 23:14:09 - [MESSAGE][PASSED] - Delayed 5 second(s)

2018-09-11 23:14:09 - [TEST_STEP][FAILED] - click: Unable to click on object 'Object Repository/Page_Search Results  Salesforce - P (1)/a_StudentName' (Root cause: com.kms.katalon.core.webui.exception.WebElementNotFoundException: Web element with id: 'Object Repository/Page_Search Results  Salesforce - P (1)/a_StudentName' located by 'By.xpath: html/body/div[1]/div[2]/table/tbody/tr/td/div[2]/table/tbody/tr/td[2]/div[2]/div[2]/div[2]/div/div[2]/div/div[2]/table/tbody/tr[2]/th/a' not found)

2018-09-11 23:14:46 - [MESSAGE][FAILED] - Unable to click on object 'Object Repository/Page_Search Results  Salesforce - P (1)/a_StudentName' (Root cause: com.kms.katalon.core.webui.exception.WebElementNotFoundException: Web element with id: 'Object Repository/Page_Search Results  Salesforce - P (1)/a_StudentName' located by 'By.xpath: html/body/div[1]/div[2]/table/tbody/tr/td/div[2]/table/tbody/tr/td[2]/div[2]/div[2]/div[2]/div/div[2]/div/div[2]/table/tbody/tr[2]/th/a' not found)
[[ATTACHMENT|C:\\Users\\dshiosaky\\Desktop\\KatalonProjects\\OE_user_Activation\\Reports\\TestSuite\\20180911_231025\\1536722086496.png]]]]></system-out>
         <system-err><![CDATA[2018-09-11 23:13:37 - [TEST_CASE][FAILED] - Test Cases/Convert Lead in sf: Test Cases/Convert Lead in sf FAILED because (of) (Stack trace: com.kms.katalon.core.exception.StepFailedException: Unable to click on object 'Object Repository/Page_Search Results  Salesforce - P (1)/a_StudentName' (Root cause: com.kms.katalon.core.webui.exception.WebElementNotFoundException: Web element with id: 'Object Repository/Page_Search Results  Salesforce - P (1)/a_StudentName' located by 'By.xpath: html/body/div[1]/div[2]/table/tbody/tr/td/div[2]/table/tbody/tr/td[2]/div[2]/div[2]/div[2]/div/div[2]/div/div[2]/table/tbody/tr[2]/th/a' not found)
	at com.kms.katalon.core.keyword.internal.KeywordMain.stepFailed(KeywordMain.groovy:36)
	at com.kms.katalon.core.webui.keyword.internal.WebUIKeywordMain.stepFailed(WebUIKeywordMain.groovy:65)
	at com.kms.katalon.core.webui.keyword.internal.WebUIKeywordMain.runKeyword(WebUIKeywordMain.groovy:27)
	at com.kms.katalon.core.webui.keyword.builtin.ClickKeyword.click(ClickKeyword.groovy:86)
	at com.kms.katalon.core.webui.keyword.builtin.ClickKeyword.execute(ClickKeyword.groovy:67)
	at com.kms.katalon.core.keyword.internal.KeywordExecutor.executeKeywordForPlatform(KeywordExecutor.groovy:53)
	at com.kms.katalon.core.webui.keyword.WebUiBuiltInKeywords.click(WebUiBuiltInKeywords.groovy:616)
	at com.kms.katalon.core.webui.keyword.WebUiBuiltInKeywords$click$3.call(Unknown Source)
	at Script1521090863390.run(Script1521090863390.groovy:46)
	at com.kms.katalon.core.main.ScriptEngine.run(ScriptEngine.java:183)
	at com.kms.katalon.core.main.ScriptEngine.runScriptAsRawText(ScriptEngine.java:108)
	at com.kms.katalon.core.main.TestCaseExecutor.runScript(TestCaseExecutor.java:294)
	at com.kms.katalon.core.main.TestCaseExecutor.doExecute(TestCaseExecutor.java:285)
	at com.kms.katalon.core.main.TestCaseExecutor.processExecutionPhase(TestCaseExecutor.java:264)
	at com.kms.katalon.core.main.TestCaseExecutor.accessMainPhase(TestCaseExecutor.java:256)
	at com.kms.katalon.core.main.TestCaseExecutor.execute(TestCaseExecutor.java:200)
	at com.kms.katalon.core.main.TestSuiteExecutor.accessTestCaseMainPhase(TestSuiteExecutor.java:129)
	at com.kms.katalon.core.main.TestSuiteExecutor.accessTestSuiteMainPhase(TestSuiteExecutor.java:112)
	at com.kms.katalon.core.main.TestSuiteExecutor.execute(TestSuiteExecutor.java:81)
	at com.kms.katalon.core.main.TestCaseMain.startTestSuite(TestCaseMain.java:142)
	at com.kms.katalon.core.main.TestCaseMain$startTestSuite$0.call(Unknown Source)
	at org.codehaus.groovy.runtime.callsite.CallSiteArray.defaultCall(CallSiteArray.java:48)
	at org.codehaus.groovy.runtime.callsite.AbstractCallSite.call(AbstractCallSite.java:113)
	at org.codehaus.groovy.runtime.callsite.AbstractCallSite.call(AbstractCallSite.java:141)
	at TempTestSuite1536721834649.run(TempTestSuite1536721834649.groovy:36)
	at groovy.lang.GroovyShell.runScriptOrMainOrTestOrRunnable(GroovyShell.java:263)
	at groovy.lang.GroovyShell.run(GroovyShell.java:518)
	at groovy.lang.GroovyShell.run(GroovyShell.java:507)
	at groovy.ui.GroovyMain.processOnce(GroovyMain.java:653)
	at groovy.ui.GroovyMain.run(GroovyMain.java:384)
	at groovy.ui.GroovyMain.process(GroovyMain.java:370)
	at groovy.ui.GroovyMain.processArgs(GroovyMain.java:129)
	at groovy.ui.GroovyMain.main(GroovyMain.java:109)
	at sun.reflect.NativeMethodAccessorImpl.invoke0(Native Method)
	at sun.reflect.NativeMethodAccessorImpl.invoke(NativeMethodAccessorImpl.java:62)
	at sun.reflect.DelegatingMethodAccessorImpl.invoke(DelegatingMethodAccessorImpl.java:43)
	at java.lang.reflect.Method.invoke(Method.java:498)
	at org.codehaus.groovy.tools.GroovyStarter.rootLoader(GroovyStarter.java:109)
	at org.codehaus.groovy.tools.GroovyStarter.main(GroovyStarter.java:131)
)]]></system-err>
      </testcase>
      <testcase name="Test Cases/Convert Lead in sf" classname="Test Cases/Convert Lead in sf" status="PASSED">
         <system-out><![CDATA[2018-09-11 23:14:46 - [TEST_CASE][PASSED] - Test Cases/Convert Lead in sf: Test Cases/Convert Lead in sf

2018-09-11 23:14:46 - [TEST_STEP][PASSED] - openBrowser: Browser is opened with url: ''

2018-09-11 23:14:46 - [MESSAGE][WARNING] - A browser is already opened. Closing browser and opening a new one

2018-09-11 23:14:50 - [MESSAGE][PASSED] - Browser is opened with url: ''

2018-09-11 23:14:50 - [TEST_STEP][PASSED] - maximizeWindow: Current window maximized

2018-09-11 23:14:51 - [MESSAGE][PASSED] - Current window maximized

2018-09-11 23:14:51 - [TEST_STEP][PASSED] - navigateToUrl: Navigate to 'https://test.salesforce.com/' successfully

2018-09-11 23:14:58 - [MESSAGE][PASSED] - Navigate to 'https://test.salesforce.com/' successfully

2018-09-11 23:14:58 - [TEST_STEP][PASSED] - delay: Delayed 5 second(s)

2018-09-11 23:15:03 - [MESSAGE][PASSED] - Delayed 5 second(s)

2018-09-11 23:15:03 - [TEST_STEP][PASSED] - setText: Text 'daniel.shiosaky@openenglish.com.stg' is set on object 'Object Repository/Page_Login  Salesforce/input_username'

2018-09-11 23:15:03 - [MESSAGE][PASSED] - Text 'daniel.shiosaky@openenglish.com.stg' is set on object 'Object Repository/Page_Login  Salesforce/input_username'

2018-09-11 23:15:03 - [TEST_STEP][PASSED] - setText: Text 'Ds.4285716010*' is set on object 'Object Repository/Page_Login  Salesforce/input_pw'

2018-09-11 23:15:04 - [MESSAGE][PASSED] - Text 'Ds.4285716010*' is set on object 'Object Repository/Page_Login  Salesforce/input_pw'

2018-09-11 23:15:04 - [TEST_STEP][PASSED] - click: Object: 'Object Repository/Page_Login  Salesforce/input_Login' is clicked on

2018-09-11 23:15:07 - [MESSAGE][PASSED] - Object: 'Object Repository/Page_Login  Salesforce/input_Login' is clicked on

2018-09-11 23:15:07 - [TEST_STEP][PASSED] - delay: Delayed 5 second(s)

2018-09-11 23:15:12 - [MESSAGE][PASSED] - Delayed 5 second(s)

2018-09-11 23:15:12 - [TEST_STEP][PASSED] - click: Object: 'Object Repository/Page_Salesforce - Performance Editi/a_Leads' is clicked on

2018-09-11 23:15:16 - [MESSAGE][PASSED] - Object: 'Object Repository/Page_Salesforce - Performance Editi/a_Leads' is clicked on

2018-09-11 23:15:16 - [TEST_STEP][PASSED] - setText: Text 'jenkins.desktoplevelthree@mailinator.com' is set on object 'Object Repository/Page_Leads Home  Salesforce - Perfo/input_str'

2018-09-11 23:15:18 - [MESSAGE][PASSED] - Text 'jenkins.desktoplevelthree@mailinator.com' is set on object 'Object Repository/Page_Leads Home  Salesforce - Perfo/input_str'

2018-09-11 23:15:18 - [TEST_STEP][PASSED] - click: Object: 'Object Repository/Page_Leads Home  Salesforce - Perfo/input_phSearchButton' is clicked on

2018-09-11 23:15:22 - [MESSAGE][PASSED] - Object: 'Object Repository/Page_Leads Home  Salesforce - Perfo/input_phSearchButton' is clicked on

2018-09-11 23:15:22 - [TEST_STEP][PASSED] - delay: Delayed 5 second(s)

2018-09-11 23:15:27 - [MESSAGE][PASSED] - Delayed 5 second(s)

2018-09-11 23:15:27 - [TEST_STEP][PASSED] - click: Object: 'Object Repository/Page_Search Results  Salesforce - P (1)/a_StudentName' is clicked on

2018-09-11 23:15:29 - [MESSAGE][PASSED] - Object: 'Object Repository/Page_Search Results  Salesforce - P (1)/a_StudentName' is clicked on

2018-09-11 23:15:29 - [TEST_STEP][PASSED] - click: Object: 'Object Repository/Page_Lead Daniel Levelthree  Salesf/input_sales_tool' is clicked on

2018-09-11 23:15:31 - [MESSAGE][PASSED] - Object: 'Object Repository/Page_Lead Daniel Levelthree  Salesf/input_sales_tool' is clicked on

2018-09-11 23:15:31 - [TEST_STEP][PASSED] - click: Object: 'Object Repository/Page_Sales Tool  Salesforce - Perfo/input_j_id0frmConditionscmdOrg' is clicked on

2018-09-11 23:15:34 - [MESSAGE][PASSED] - Object: 'Object Repository/Page_Sales Tool  Salesforce - Perfo/input_j_id0frmConditionscmdOrg' is clicked on

2018-09-11 23:15:34 - [TEST_STEP][PASSED] - click: Object: 'Object Repository/Page_Sales Tool  Salesforce - Perfo/button_SELECT DISCOUNT' is clicked on

2018-09-11 23:15:35 - [MESSAGE][PASSED] - Object: 'Object Repository/Page_Sales Tool  Salesforce - Perfo/button_SELECT DISCOUNT' is clicked on

2018-09-11 23:15:35 - [TEST_STEP][PASSED] - click: Object: 'Object Repository/Page_Sales Tool  Salesforce - Perfo/input_j_id0j_id110j_id111mainF' is clicked on

2018-09-11 23:15:35 - [MESSAGE][PASSED] - Object: 'Object Repository/Page_Sales Tool  Salesforce - Perfo/input_j_id0j_id110j_id111mainF' is clicked on

2018-09-11 23:15:35 - [TEST_STEP][PASSED] - click: Object: 'Object Repository/Page_Sales Tool  Salesforce - Perfo/input_j_id0j_id110j_id111mainF_1' is clicked on

2018-09-11 23:15:37 - [MESSAGE][PASSED] - Object: 'Object Repository/Page_Sales Tool  Salesforce - Perfo/input_j_id0j_id110j_id111mainF_1' is clicked on

2018-09-11 23:15:37 - [TEST_STEP][PASSED] - click: Object: 'Object Repository/Page_Sales Tool  Salesforce - Perfo/input_j_id0j_id110j_id111mainF_2' is clicked on

2018-09-11 23:15:37 - [MESSAGE][PASSED] - Object: 'Object Repository/Page_Sales Tool  Salesforce - Perfo/input_j_id0j_id110j_id111mainF_2' is clicked on

2018-09-11 23:15:37 - [TEST_STEP][PASSED] - delay: Delayed 30 second(s)

2018-09-11 23:16:07 - [MESSAGE][PASSED] - Delayed 30 second(s)

2018-09-11 23:16:07 - [TEST_STEP][PASSED] - switchToFrame: Switched to iframe: 'Object Repository/Page_Sales Tool  Salesforce - Perfo (1)/iframe_immediateCapture_iframe'

2018-09-11 23:16:07 - [TEST_STEP][PASSED] - delay: Delayed 5 second(s)

2018-09-11 23:16:12 - [MESSAGE][PASSED] - Delayed 5 second(s)

2018-09-11 23:16:12 - [TEST_STEP][PASSED] - selectOptionByLabel: All options with label 'Visa' are selected in object 'Object Repository/Page_Sales Tool  Salesforce - Perfo (1)/select_VisaMasterCard' 

2018-09-11 23:16:12 - [MESSAGE][PASSED] - All options with label 'Visa' are selected in object 'Object Repository/Page_Sales Tool  Salesforce - Perfo (1)/select_VisaMasterCard' 

2018-09-11 23:16:12 - [TEST_STEP][PASSED] - setText: Text '4012 8888 8888 1881' is set on object 'Object Repository/Page_Sales Tool  Salesforce - Perfo (1)/input_CardNumber'

2018-09-11 23:16:14 - [MESSAGE][PASSED] - Text '4012 8888 8888 1881' is set on object 'Object Repository/Page_Sales Tool  Salesforce - Perfo (1)/input_CardNumber'

2018-09-11 23:16:14 - [TEST_STEP][PASSED] - setText: Text '10 / 2019' is set on object 'Object Repository/Page_Sales Tool  Salesforce - Perfo (1)/input_CardExpiry'

2018-09-11 23:16:14 - [MESSAGE][PASSED] - Text '10 / 2019' is set on object 'Object Repository/Page_Sales Tool  Salesforce - Perfo (1)/input_CardExpiry'

2018-09-11 23:16:14 - [TEST_STEP][PASSED] - setText: Text 'Approved' is set on object 'Object Repository/Page_Sales Tool  Salesforce - Perfo (1)/input_CardName'

2018-09-11 23:16:15 - [MESSAGE][PASSED] - Text 'Approved' is set on object 'Object Repository/Page_Sales Tool  Salesforce - Perfo (1)/input_CardName'

2018-09-11 23:16:15 - [TEST_STEP][PASSED] - setText: Text '123' is set on object 'Object Repository/Page_Sales Tool  Salesforce - Perfo (1)/input_CardCvv'

2018-09-11 23:16:15 - [MESSAGE][PASSED] - Text '123' is set on object 'Object Repository/Page_Sales Tool  Salesforce - Perfo (1)/input_CardCvv'

2018-09-11 23:16:15 - [TEST_STEP][PASSED] - setText: Text 'Approved' is set on object 'Object Repository/Page_Sales Tool  Salesforce - Perfo (1)/input_contractHolderName'

2018-09-11 23:16:16 - [MESSAGE][PASSED] - Text 'Approved' is set on object 'Object Repository/Page_Sales Tool  Salesforce - Perfo (1)/input_contractHolderName'

2018-09-11 23:16:16 - [TEST_STEP][PASSED] - delay: Delayed 5 second(s)

2018-09-11 23:16:21 - [MESSAGE][PASSED] - Delayed 5 second(s)

2018-09-11 23:16:21 - [TEST_STEP][PASSED] - click: Object: 'Object Repository/Page_Sales Tool  Salesforce - Perfo/label_I accept the terms and w' is clicked on

2018-09-11 23:16:21 - [MESSAGE][PASSED] - Object: 'Object Repository/Page_Sales Tool  Salesforce - Perfo/label_I accept the terms and w' is clicked on

2018-09-11 23:16:21 - [TEST_STEP][PASSED] - click: Object: 'Object Repository/Page_Sales Tool  Salesforce - Perfo/label_Term of the Course I und' is clicked on

2018-09-11 23:16:21 - [MESSAGE][PASSED] - Object: 'Object Repository/Page_Sales Tool  Salesforce - Perfo/label_Term of the Course I und' is clicked on

2018-09-11 23:16:21 - [TEST_STEP][PASSED] - delay: Delayed 5 second(s)

2018-09-11 23:16:26 - [MESSAGE][PASSED] - Delayed 5 second(s)

2018-09-11 23:16:26 - [TEST_STEP][PASSED] - click: Object: 'Object Repository/Page_Sales Tool  Salesforce - Perfo (1)/button_Submit payment' is clicked on

2018-09-11 23:16:26 - [MESSAGE][PASSED] - Object: 'Object Repository/Page_Sales Tool  Salesforce - Perfo (1)/button_Submit payment' is clicked on

2018-09-11 23:16:26 - [TEST_STEP][PASSED] - delay: Delayed 60 second(s)

2018-09-11 23:17:26 - [MESSAGE][PASSED] - Delayed 60 second(s)

2018-09-11 23:17:26 - [TEST_STEP][PASSED] - verifyTextPresent: Text 'Congratulations! Your payment is successfully processed!' is present on page  using regular expression

2018-09-11 23:17:27 - [MESSAGE][PASSED] - Text 'Congratulations! Your payment is successfully processed!' is present on page  using regular expression

2018-09-11 23:17:27 - [TEST_STEP][PASSED] - switchToDefaultContent: Switching to default content

2018-09-11 23:17:27 - [TEST_STEP][PASSED] - click: Object: 'Object Repository/Page_Sales Tool  Salesforce - Perfo/input_j_id0j_id110j_id111mainF_3' is clicked on

2018-09-11 23:17:32 - [MESSAGE][PASSED] - Object: 'Object Repository/Page_Sales Tool  Salesforce - Perfo/input_j_id0j_id110j_id111mainF_3' is clicked on

2018-09-11 23:17:32 - [TEST_STEP][PASSED] - delay: Delayed 15 second(s)

2018-09-11 23:17:47 - [MESSAGE][PASSED] - Delayed 15 second(s)

2018-09-11 23:17:47 - [TEST_STEP][PASSED] - closeBrowser: Browser is closed

2018-09-11 23:17:48 - [MESSAGE][PASSED] - Browser is closed]]></system-out>
         <system-err><![CDATA[]]></system-err>
      </testcase>
      <testcase name="Test Cases/Convert Lead in sf" classname="Test Cases/Convert Lead in sf" status="PASSED">
         <system-out><![CDATA[2018-09-11 23:17:48 - [TEST_CASE][PASSED] - Test Cases/Convert Lead in sf: Test Cases/Convert Lead in sf

2018-09-11 23:17:48 - [TEST_STEP][PASSED] - openBrowser: Browser is opened with url: ''

2018-09-11 23:17:51 - [MESSAGE][PASSED] - Browser is opened with url: ''

2018-09-11 23:17:51 - [TEST_STEP][PASSED] - maximizeWindow: Current window maximized

2018-09-11 23:17:52 - [MESSAGE][PASSED] - Current window maximized

2018-09-11 23:17:52 - [TEST_STEP][PASSED] - navigateToUrl: Navigate to 'https://test.salesforce.com/' successfully

2018-09-11 23:17:54 - [MESSAGE][PASSED] - Navigate to 'https://test.salesforce.com/' successfully

2018-09-11 23:17:54 - [TEST_STEP][PASSED] - delay: Delayed 5 second(s)

2018-09-11 23:17:59 - [MESSAGE][PASSED] - Delayed 5 second(s)

2018-09-11 23:17:59 - [TEST_STEP][PASSED] - setText: Text 'daniel.shiosaky@openenglish.com.stg' is set on object 'Object Repository/Page_Login  Salesforce/input_username'

2018-09-11 23:18:00 - [MESSAGE][PASSED] - Text 'daniel.shiosaky@openenglish.com.stg' is set on object 'Object Repository/Page_Login  Salesforce/input_username'

2018-09-11 23:18:00 - [TEST_STEP][PASSED] - setText: Text 'Ds.4285716010*' is set on object 'Object Repository/Page_Login  Salesforce/input_pw'

2018-09-11 23:18:00 - [MESSAGE][PASSED] - Text 'Ds.4285716010*' is set on object 'Object Repository/Page_Login  Salesforce/input_pw'

2018-09-11 23:18:00 - [TEST_STEP][PASSED] - click: Object: 'Object Repository/Page_Login  Salesforce/input_Login' is clicked on

2018-09-11 23:18:03 - [MESSAGE][PASSED] - Object: 'Object Repository/Page_Login  Salesforce/input_Login' is clicked on

2018-09-11 23:18:03 - [TEST_STEP][PASSED] - delay: Delayed 5 second(s)

2018-09-11 23:18:08 - [MESSAGE][PASSED] - Delayed 5 second(s)

2018-09-11 23:18:08 - [TEST_STEP][PASSED] - click: Object: 'Object Repository/Page_Salesforce - Performance Editi/a_Leads' is clicked on

2018-09-11 23:18:12 - [MESSAGE][PASSED] - Object: 'Object Repository/Page_Salesforce - Performance Editi/a_Leads' is clicked on

2018-09-11 23:18:12 - [TEST_STEP][PASSED] - setText: Text 'jenkins.desktoplevelfour@mailinator.com' is set on object 'Object Repository/Page_Leads Home  Salesforce - Perfo/input_str'

2018-09-11 23:18:14 - [MESSAGE][PASSED] - Text 'jenkins.desktoplevelfour@mailinator.com' is set on object 'Object Repository/Page_Leads Home  Salesforce - Perfo/input_str'

2018-09-11 23:18:14 - [TEST_STEP][PASSED] - click: Object: 'Object Repository/Page_Leads Home  Salesforce - Perfo/input_phSearchButton' is clicked on

2018-09-11 23:18:17 - [MESSAGE][PASSED] - Object: 'Object Repository/Page_Leads Home  Salesforce - Perfo/input_phSearchButton' is clicked on

2018-09-11 23:18:17 - [TEST_STEP][PASSED] - delay: Delayed 5 second(s)

2018-09-11 23:18:22 - [MESSAGE][PASSED] - Delayed 5 second(s)

2018-09-11 23:18:22 - [TEST_STEP][PASSED] - click: Object: 'Object Repository/Page_Search Results  Salesforce - P (1)/a_StudentName' is clicked on

2018-09-11 23:18:25 - [MESSAGE][PASSED] - Object: 'Object Repository/Page_Search Results  Salesforce - P (1)/a_StudentName' is clicked on

2018-09-11 23:18:25 - [TEST_STEP][PASSED] - click: Object: 'Object Repository/Page_Lead Daniel Levelthree  Salesf/input_sales_tool' is clicked on

2018-09-11 23:18:27 - [MESSAGE][PASSED] - Object: 'Object Repository/Page_Lead Daniel Levelthree  Salesf/input_sales_tool' is clicked on

2018-09-11 23:18:27 - [TEST_STEP][PASSED] - click: Object: 'Object Repository/Page_Sales Tool  Salesforce - Perfo/input_j_id0frmConditionscmdOrg' is clicked on

2018-09-11 23:18:29 - [MESSAGE][PASSED] - Object: 'Object Repository/Page_Sales Tool  Salesforce - Perfo/input_j_id0frmConditionscmdOrg' is clicked on

2018-09-11 23:18:29 - [TEST_STEP][PASSED] - click: Object: 'Object Repository/Page_Sales Tool  Salesforce - Perfo/button_SELECT DISCOUNT' is clicked on

2018-09-11 23:18:29 - [MESSAGE][PASSED] - Object: 'Object Repository/Page_Sales Tool  Salesforce - Perfo/button_SELECT DISCOUNT' is clicked on

2018-09-11 23:18:29 - [TEST_STEP][PASSED] - click: Object: 'Object Repository/Page_Sales Tool  Salesforce - Perfo/input_j_id0j_id110j_id111mainF' is clicked on

2018-09-11 23:18:29 - [MESSAGE][PASSED] - Object: 'Object Repository/Page_Sales Tool  Salesforce - Perfo/input_j_id0j_id110j_id111mainF' is clicked on

2018-09-11 23:18:29 - [TEST_STEP][PASSED] - click: Object: 'Object Repository/Page_Sales Tool  Salesforce - Perfo/input_j_id0j_id110j_id111mainF_1' is clicked on

2018-09-11 23:18:31 - [MESSAGE][PASSED] - Object: 'Object Repository/Page_Sales Tool  Salesforce - Perfo/input_j_id0j_id110j_id111mainF_1' is clicked on

2018-09-11 23:18:31 - [TEST_STEP][PASSED] - click: Object: 'Object Repository/Page_Sales Tool  Salesforce - Perfo/input_j_id0j_id110j_id111mainF_2' is clicked on

2018-09-11 23:18:31 - [MESSAGE][PASSED] - Object: 'Object Repository/Page_Sales Tool  Salesforce - Perfo/input_j_id0j_id110j_id111mainF_2' is clicked on

2018-09-11 23:18:31 - [TEST_STEP][PASSED] - delay: Delayed 30 second(s)

2018-09-11 23:19:01 - [MESSAGE][PASSED] - Delayed 30 second(s)

2018-09-11 23:19:01 - [TEST_STEP][PASSED] - switchToFrame: Switched to iframe: 'Object Repository/Page_Sales Tool  Salesforce - Perfo (1)/iframe_immediateCapture_iframe'

2018-09-11 23:19:01 - [TEST_STEP][PASSED] - delay: Delayed 5 second(s)

2018-09-11 23:19:06 - [MESSAGE][PASSED] - Delayed 5 second(s)

2018-09-11 23:19:06 - [TEST_STEP][PASSED] - selectOptionByLabel: All options with label 'Visa' are selected in object 'Object Repository/Page_Sales Tool  Salesforce - Perfo (1)/select_VisaMasterCard' 

2018-09-11 23:19:06 - [MESSAGE][PASSED] - All options with label 'Visa' are selected in object 'Object Repository/Page_Sales Tool  Salesforce - Perfo (1)/select_VisaMasterCard' 

2018-09-11 23:19:06 - [TEST_STEP][PASSED] - setText: Text '4012 8888 8888 1881' is set on object 'Object Repository/Page_Sales Tool  Salesforce - Perfo (1)/input_CardNumber'

2018-09-11 23:19:07 - [MESSAGE][PASSED] - Text '4012 8888 8888 1881' is set on object 'Object Repository/Page_Sales Tool  Salesforce - Perfo (1)/input_CardNumber'

2018-09-11 23:19:07 - [TEST_STEP][PASSED] - setText: Text '10 / 2019' is set on object 'Object Repository/Page_Sales Tool  Salesforce - Perfo (1)/input_CardExpiry'

2018-09-11 23:19:08 - [MESSAGE][PASSED] - Text '10 / 2019' is set on object 'Object Repository/Page_Sales Tool  Salesforce - Perfo (1)/input_CardExpiry'

2018-09-11 23:19:08 - [TEST_STEP][PASSED] - setText: Text 'Approved' is set on object 'Object Repository/Page_Sales Tool  Salesforce - Perfo (1)/input_CardName'

2018-09-11 23:19:09 - [MESSAGE][PASSED] - Text 'Approved' is set on object 'Object Repository/Page_Sales Tool  Salesforce - Perfo (1)/input_CardName'

2018-09-11 23:19:09 - [TEST_STEP][PASSED] - setText: Text '123' is set on object 'Object Repository/Page_Sales Tool  Salesforce - Perfo (1)/input_CardCvv'

2018-09-11 23:19:09 - [MESSAGE][PASSED] - Text '123' is set on object 'Object Repository/Page_Sales Tool  Salesforce - Perfo (1)/input_CardCvv'

2018-09-11 23:19:09 - [TEST_STEP][PASSED] - setText: Text 'Approved' is set on object 'Object Repository/Page_Sales Tool  Salesforce - Perfo (1)/input_contractHolderName'

2018-09-11 23:19:09 - [MESSAGE][PASSED] - Text 'Approved' is set on object 'Object Repository/Page_Sales Tool  Salesforce - Perfo (1)/input_contractHolderName'

2018-09-11 23:19:09 - [TEST_STEP][PASSED] - delay: Delayed 5 second(s)

2018-09-11 23:19:14 - [MESSAGE][PASSED] - Delayed 5 second(s)

2018-09-11 23:19:14 - [TEST_STEP][PASSED] - click: Object: 'Object Repository/Page_Sales Tool  Salesforce - Perfo/label_I accept the terms and w' is clicked on

2018-09-11 23:19:15 - [MESSAGE][PASSED] - Object: 'Object Repository/Page_Sales Tool  Salesforce - Perfo/label_I accept the terms and w' is clicked on

2018-09-11 23:19:15 - [TEST_STEP][PASSED] - click: Object: 'Object Repository/Page_Sales Tool  Salesforce - Perfo/label_Term of the Course I und' is clicked on

2018-09-11 23:19:15 - [MESSAGE][PASSED] - Object: 'Object Repository/Page_Sales Tool  Salesforce - Perfo/label_Term of the Course I und' is clicked on

2018-09-11 23:19:15 - [TEST_STEP][PASSED] - delay: Delayed 5 second(s)

2018-09-11 23:19:20 - [MESSAGE][PASSED] - Delayed 5 second(s)

2018-09-11 23:19:20 - [TEST_STEP][PASSED] - click: Object: 'Object Repository/Page_Sales Tool  Salesforce - Perfo (1)/button_Submit payment' is clicked on

2018-09-11 23:19:20 - [MESSAGE][PASSED] - Object: 'Object Repository/Page_Sales Tool  Salesforce - Perfo (1)/button_Submit payment' is clicked on

2018-09-11 23:19:20 - [TEST_STEP][PASSED] - delay: Delayed 60 second(s)

2018-09-11 23:20:20 - [MESSAGE][PASSED] - Delayed 60 second(s)

2018-09-11 23:20:20 - [TEST_STEP][PASSED] - verifyTextPresent: Text 'Congratulations! Your payment is successfully processed!' is present on page  using regular expression

2018-09-11 23:20:21 - [MESSAGE][PASSED] - Text 'Congratulations! Your payment is successfully processed!' is present on page  using regular expression

2018-09-11 23:20:21 - [TEST_STEP][PASSED] - switchToDefaultContent: Switching to default content

2018-09-11 23:20:21 - [TEST_STEP][PASSED] - click: Object: 'Object Repository/Page_Sales Tool  Salesforce - Perfo/input_j_id0j_id110j_id111mainF_3' is clicked on

2018-09-11 23:20:25 - [MESSAGE][PASSED] - Object: 'Object Repository/Page_Sales Tool  Salesforce - Perfo/input_j_id0j_id110j_id111mainF_3' is clicked on

2018-09-11 23:20:25 - [TEST_STEP][PASSED] - delay: Delayed 15 second(s)

2018-09-11 23:20:40 - [MESSAGE][PASSED] - Delayed 15 second(s)

2018-09-11 23:20:40 - [TEST_STEP][PASSED] - closeBrowser: Browser is closed

2018-09-11 23:20:41 - [MESSAGE][PASSED] - Browser is closed]]></system-out>
         <system-err><![CDATA[]]></system-err>
      </testcase>
      <testcase name="Test Cases/Convert Lead in sf" classname="Test Cases/Convert Lead in sf" status="PASSED">
         <system-out><![CDATA[2018-09-11 23:20:41 - [TEST_CASE][PASSED] - Test Cases/Convert Lead in sf: Test Cases/Convert Lead in sf

2018-09-11 23:20:41 - [TEST_STEP][PASSED] - openBrowser: Browser is opened with url: ''

2018-09-11 23:20:43 - [MESSAGE][PASSED] - Browser is opened with url: ''

2018-09-11 23:20:43 - [TEST_STEP][PASSED] - maximizeWindow: Current window maximized

2018-09-11 23:20:45 - [MESSAGE][PASSED] - Current window maximized

2018-09-11 23:20:45 - [TEST_STEP][PASSED] - navigateToUrl: Navigate to 'https://test.salesforce.com/' successfully

2018-09-11 23:20:48 - [MESSAGE][PASSED] - Navigate to 'https://test.salesforce.com/' successfully

2018-09-11 23:20:48 - [TEST_STEP][PASSED] - delay: Delayed 5 second(s)

2018-09-11 23:20:53 - [MESSAGE][PASSED] - Delayed 5 second(s)

2018-09-11 23:20:53 - [TEST_STEP][PASSED] - setText: Text 'daniel.shiosaky@openenglish.com.stg' is set on object 'Object Repository/Page_Login  Salesforce/input_username'

2018-09-11 23:20:53 - [MESSAGE][PASSED] - Text 'daniel.shiosaky@openenglish.com.stg' is set on object 'Object Repository/Page_Login  Salesforce/input_username'

2018-09-11 23:20:53 - [TEST_STEP][PASSED] - setText: Text 'Ds.4285716010*' is set on object 'Object Repository/Page_Login  Salesforce/input_pw'

2018-09-11 23:20:54 - [MESSAGE][PASSED] - Text 'Ds.4285716010*' is set on object 'Object Repository/Page_Login  Salesforce/input_pw'

2018-09-11 23:20:54 - [TEST_STEP][PASSED] - click: Object: 'Object Repository/Page_Login  Salesforce/input_Login' is clicked on

2018-09-11 23:20:56 - [MESSAGE][PASSED] - Object: 'Object Repository/Page_Login  Salesforce/input_Login' is clicked on

2018-09-11 23:20:56 - [TEST_STEP][PASSED] - delay: Delayed 5 second(s)

2018-09-11 23:21:01 - [MESSAGE][PASSED] - Delayed 5 second(s)

2018-09-11 23:21:01 - [TEST_STEP][PASSED] - click: Object: 'Object Repository/Page_Salesforce - Performance Editi/a_Leads' is clicked on

2018-09-11 23:21:07 - [MESSAGE][PASSED] - Object: 'Object Repository/Page_Salesforce - Performance Editi/a_Leads' is clicked on

2018-09-11 23:21:07 - [TEST_STEP][PASSED] - setText: Text 'jenkins.desktoplevelfive@mailinator.com' is set on object 'Object Repository/Page_Leads Home  Salesforce - Perfo/input_str'

2018-09-11 23:21:09 - [MESSAGE][PASSED] - Text 'jenkins.desktoplevelfive@mailinator.com' is set on object 'Object Repository/Page_Leads Home  Salesforce - Perfo/input_str'

2018-09-11 23:21:09 - [TEST_STEP][PASSED] - click: Object: 'Object Repository/Page_Leads Home  Salesforce - Perfo/input_phSearchButton' is clicked on

2018-09-11 23:21:11 - [MESSAGE][PASSED] - Object: 'Object Repository/Page_Leads Home  Salesforce - Perfo/input_phSearchButton' is clicked on

2018-09-11 23:21:11 - [TEST_STEP][PASSED] - delay: Delayed 5 second(s)

2018-09-11 23:21:16 - [MESSAGE][PASSED] - Delayed 5 second(s)

2018-09-11 23:21:16 - [TEST_STEP][PASSED] - click: Object: 'Object Repository/Page_Search Results  Salesforce - P (1)/a_StudentName' is clicked on

2018-09-11 23:21:21 - [MESSAGE][PASSED] - Object: 'Object Repository/Page_Search Results  Salesforce - P (1)/a_StudentName' is clicked on

2018-09-11 23:21:21 - [TEST_STEP][PASSED] - click: Object: 'Object Repository/Page_Lead Daniel Levelthree  Salesf/input_sales_tool' is clicked on

2018-09-11 23:21:23 - [MESSAGE][PASSED] - Object: 'Object Repository/Page_Lead Daniel Levelthree  Salesf/input_sales_tool' is clicked on

2018-09-11 23:21:23 - [TEST_STEP][PASSED] - click: Object: 'Object Repository/Page_Sales Tool  Salesforce - Perfo/input_j_id0frmConditionscmdOrg' is clicked on

2018-09-11 23:21:26 - [MESSAGE][PASSED] - Object: 'Object Repository/Page_Sales Tool  Salesforce - Perfo/input_j_id0frmConditionscmdOrg' is clicked on

2018-09-11 23:21:26 - [TEST_STEP][PASSED] - click: Object: 'Object Repository/Page_Sales Tool  Salesforce - Perfo/button_SELECT DISCOUNT' is clicked on

2018-09-11 23:21:27 - [MESSAGE][PASSED] - Object: 'Object Repository/Page_Sales Tool  Salesforce - Perfo/button_SELECT DISCOUNT' is clicked on

2018-09-11 23:21:27 - [TEST_STEP][PASSED] - click: Object: 'Object Repository/Page_Sales Tool  Salesforce - Perfo/input_j_id0j_id110j_id111mainF' is clicked on

2018-09-11 23:21:27 - [MESSAGE][PASSED] - Object: 'Object Repository/Page_Sales Tool  Salesforce - Perfo/input_j_id0j_id110j_id111mainF' is clicked on

2018-09-11 23:21:27 - [TEST_STEP][PASSED] - click: Object: 'Object Repository/Page_Sales Tool  Salesforce - Perfo/input_j_id0j_id110j_id111mainF_1' is clicked on

2018-09-11 23:21:29 - [MESSAGE][PASSED] - Object: 'Object Repository/Page_Sales Tool  Salesforce - Perfo/input_j_id0j_id110j_id111mainF_1' is clicked on

2018-09-11 23:21:29 - [TEST_STEP][PASSED] - click: Object: 'Object Repository/Page_Sales Tool  Salesforce - Perfo/input_j_id0j_id110j_id111mainF_2' is clicked on

2018-09-11 23:21:29 - [MESSAGE][PASSED] - Object: 'Object Repository/Page_Sales Tool  Salesforce - Perfo/input_j_id0j_id110j_id111mainF_2' is clicked on

2018-09-11 23:21:29 - [TEST_STEP][PASSED] - delay: Delayed 30 second(s)

2018-09-11 23:21:59 - [MESSAGE][PASSED] - Delayed 30 second(s)

2018-09-11 23:21:59 - [TEST_STEP][PASSED] - switchToFrame: Switched to iframe: 'Object Repository/Page_Sales Tool  Salesforce - Perfo (1)/iframe_immediateCapture_iframe'

2018-09-11 23:21:59 - [TEST_STEP][PASSED] - delay: Delayed 5 second(s)

2018-09-11 23:22:04 - [MESSAGE][PASSED] - Delayed 5 second(s)

2018-09-11 23:22:04 - [TEST_STEP][PASSED] - selectOptionByLabel: All options with label 'Visa' are selected in object 'Object Repository/Page_Sales Tool  Salesforce - Perfo (1)/select_VisaMasterCard' 

2018-09-11 23:22:04 - [MESSAGE][PASSED] - All options with label 'Visa' are selected in object 'Object Repository/Page_Sales Tool  Salesforce - Perfo (1)/select_VisaMasterCard' 

2018-09-11 23:22:04 - [TEST_STEP][PASSED] - setText: Text '4012 8888 8888 1881' is set on object 'Object Repository/Page_Sales Tool  Salesforce - Perfo (1)/input_CardNumber'

2018-09-11 23:22:06 - [MESSAGE][PASSED] - Text '4012 8888 8888 1881' is set on object 'Object Repository/Page_Sales Tool  Salesforce - Perfo (1)/input_CardNumber'

2018-09-11 23:22:06 - [TEST_STEP][PASSED] - setText: Text '10 / 2019' is set on object 'Object Repository/Page_Sales Tool  Salesforce - Perfo (1)/input_CardExpiry'

2018-09-11 23:22:06 - [MESSAGE][PASSED] - Text '10 / 2019' is set on object 'Object Repository/Page_Sales Tool  Salesforce - Perfo (1)/input_CardExpiry'

2018-09-11 23:22:06 - [TEST_STEP][PASSED] - setText: Text 'Approved' is set on object 'Object Repository/Page_Sales Tool  Salesforce - Perfo (1)/input_CardName'

2018-09-11 23:22:07 - [MESSAGE][PASSED] - Text 'Approved' is set on object 'Object Repository/Page_Sales Tool  Salesforce - Perfo (1)/input_CardName'

2018-09-11 23:22:07 - [TEST_STEP][PASSED] - setText: Text '123' is set on object 'Object Repository/Page_Sales Tool  Salesforce - Perfo (1)/input_CardCvv'

2018-09-11 23:22:07 - [MESSAGE][PASSED] - Text '123' is set on object 'Object Repository/Page_Sales Tool  Salesforce - Perfo (1)/input_CardCvv'

2018-09-11 23:22:07 - [TEST_STEP][PASSED] - setText: Text 'Approved' is set on object 'Object Repository/Page_Sales Tool  Salesforce - Perfo (1)/input_contractHolderName'

2018-09-11 23:22:08 - [MESSAGE][PASSED] - Text 'Approved' is set on object 'Object Repository/Page_Sales Tool  Salesforce - Perfo (1)/input_contractHolderName'

2018-09-11 23:22:08 - [TEST_STEP][PASSED] - delay: Delayed 5 second(s)

2018-09-11 23:22:13 - [MESSAGE][PASSED] - Delayed 5 second(s)

2018-09-11 23:22:13 - [TEST_STEP][PASSED] - click: Object: 'Object Repository/Page_Sales Tool  Salesforce - Perfo/label_I accept the terms and w' is clicked on

2018-09-11 23:22:13 - [MESSAGE][PASSED] - Object: 'Object Repository/Page_Sales Tool  Salesforce - Perfo/label_I accept the terms and w' is clicked on

2018-09-11 23:22:13 - [TEST_STEP][PASSED] - click: Object: 'Object Repository/Page_Sales Tool  Salesforce - Perfo/label_Term of the Course I und' is clicked on

2018-09-11 23:22:13 - [MESSAGE][PASSED] - Object: 'Object Repository/Page_Sales Tool  Salesforce - Perfo/label_Term of the Course I und' is clicked on

2018-09-11 23:22:13 - [TEST_STEP][PASSED] - delay: Delayed 5 second(s)

2018-09-11 23:22:18 - [MESSAGE][PASSED] - Delayed 5 second(s)

2018-09-11 23:22:18 - [TEST_STEP][PASSED] - click: Object: 'Object Repository/Page_Sales Tool  Salesforce - Perfo (1)/button_Submit payment' is clicked on

2018-09-11 23:22:18 - [MESSAGE][PASSED] - Object: 'Object Repository/Page_Sales Tool  Salesforce - Perfo (1)/button_Submit payment' is clicked on

2018-09-11 23:22:18 - [TEST_STEP][PASSED] - delay: Delayed 60 second(s)

2018-09-11 23:23:18 - [MESSAGE][PASSED] - Delayed 60 second(s)

2018-09-11 23:23:18 - [TEST_STEP][PASSED] - verifyTextPresent: Text 'Congratulations! Your payment is successfully processed!' is present on page  using regular expression

2018-09-11 23:23:19 - [MESSAGE][PASSED] - Text 'Congratulations! Your payment is successfully processed!' is present on page  using regular expression

2018-09-11 23:23:19 - [TEST_STEP][PASSED] - switchToDefaultContent: Switching to default content

2018-09-11 23:23:19 - [TEST_STEP][PASSED] - click: Object: 'Object Repository/Page_Sales Tool  Salesforce - Perfo/input_j_id0j_id110j_id111mainF_3' is clicked on

2018-09-11 23:23:25 - [MESSAGE][PASSED] - Object: 'Object Repository/Page_Sales Tool  Salesforce - Perfo/input_j_id0j_id110j_id111mainF_3' is clicked on

2018-09-11 23:23:25 - [TEST_STEP][PASSED] - delay: Delayed 15 second(s)

2018-09-11 23:23:40 - [MESSAGE][PASSED] - Delayed 15 second(s)

2018-09-11 23:23:40 - [TEST_STEP][PASSED] - closeBrowser: Browser is closed

2018-09-11 23:23:41 - [MESSAGE][PASSED] - Browser is closed]]></system-out>
         <system-err><![CDATA[]]></system-err>
      </testcase>
      <testcase name="Test Cases/Convert Lead in sf" classname="Test Cases/Convert Lead in sf" status="FAILED">
         <failure type="FAILED" message="(Stack trace: com.kms.katalon.core.exception.StepFailedException: Unable to click on object 'Object Repository/Page_Search Results  Salesforce - P (1)/a_StudentName' (Root cause: com.kms.katalon.core.webui.exception.WebElementNotFoundException: Web element with id: 'Object Repository/Page_Search Results  Salesforce - P (1)/a_StudentName' located by 'By.xpath: html/body/div[1]/div[2]/table/tbody/tr/td/div[2]/table/tbody/tr/td[2]/div[2]/div[2]/div[2]/div/div[2]/div/div[2]/table/tbody/tr[2]/th/a' not found)
	at com.kms.katalon.core.keyword.internal.KeywordMain.stepFailed(KeywordMain.groovy:36)
	at com.kms.katalon.core.webui.keyword.internal.WebUIKeywordMain.stepFailed(WebUIKeywordMain.groovy:65)
	at com.kms.katalon.core.webui.keyword.internal.WebUIKeywordMain.runKeyword(WebUIKeywordMain.groovy:27)
	at com.kms.katalon.core.webui.keyword.builtin.ClickKeyword.click(ClickKeyword.groovy:86)
	at com.kms.katalon.core.webui.keyword.builtin.ClickKeyword.execute(ClickKeyword.groovy:67)
	at com.kms.katalon.core.keyword.internal.KeywordExecutor.executeKeywordForPlatform(KeywordExecutor.groovy:53)
	at com.kms.katalon.core.webui.keyword.WebUiBuiltInKeywords.click(WebUiBuiltInKeywords.groovy:616)
	at com.kms.katalon.core.webui.keyword.WebUiBuiltInKeywords$click$3.call(Unknown Source)
	at Script1521090863390.run(Script1521090863390.groovy:46)
	at com.kms.katalon.core.main.ScriptEngine.run(ScriptEngine.java:183)
	at com.kms.katalon.core.main.ScriptEngine.runScriptAsRawText(ScriptEngine.java:108)
	at com.kms.katalon.core.main.TestCaseExecutor.runScript(TestCaseExecutor.java:294)
	at com.kms.katalon.core.main.TestCaseExecutor.doExecute(TestCaseExecutor.java:285)
	at com.kms.katalon.core.main.TestCaseExecutor.processExecutionPhase(TestCaseExecutor.java:264)
	at com.kms.katalon.core.main.TestCaseExecutor.accessMainPhase(TestCaseExecutor.java:256)
	at com.kms.katalon.core.main.TestCaseExecutor.execute(TestCaseExecutor.java:200)
	at com.kms.katalon.core.main.TestSuiteExecutor.accessTestCaseMainPhase(TestSuiteExecutor.java:129)
	at com.kms.katalon.core.main.TestSuiteExecutor.accessTestSuiteMainPhase(TestSuiteExecutor.java:112)
	at com.kms.katalon.core.main.TestSuiteExecutor.execute(TestSuiteExecutor.java:81)
	at com.kms.katalon.core.main.TestCaseMain.startTestSuite(TestCaseMain.java:142)
	at com.kms.katalon.core.main.TestCaseMain$startTestSuite$0.call(Unknown Source)
	at org.codehaus.groovy.runtime.callsite.CallSiteArray.defaultCall(CallSiteArray.java:48)
	at org.codehaus.groovy.runtime.callsite.AbstractCallSite.call(AbstractCallSite.java:113)
	at org.codehaus.groovy.runtime.callsite.AbstractCallSite.call(AbstractCallSite.java:141)
	at TempTestSuite1536721834649.run(TempTestSuite1536721834649.groovy:36)
	at groovy.lang.GroovyShell.runScriptOrMainOrTestOrRunnable(GroovyShell.java:263)
	at groovy.lang.GroovyShell.run(GroovyShell.java:518)
	at groovy.lang.GroovyShell.run(GroovyShell.java:507)
	at groovy.ui.GroovyMain.processOnce(GroovyMain.java:653)
	at groovy.ui.GroovyMain.run(GroovyMain.java:384)
	at groovy.ui.GroovyMain.process(GroovyMain.java:370)
	at groovy.ui.GroovyMain.processArgs(GroovyMain.java:129)
	at groovy.ui.GroovyMain.main(GroovyMain.java:109)
	at sun.reflect.NativeMethodAccessorImpl.invoke0(Native Method)
	at sun.reflect.NativeMethodAccessorImpl.invoke(NativeMethodAccessorImpl.java:62)
	at sun.reflect.DelegatingMethodAccessorImpl.invoke(DelegatingMethodAccessorImpl.java:43)
	at java.lang.reflect.Method.invoke(Method.java:498)
	at org.codehaus.groovy.tools.GroovyStarter.rootLoader(GroovyStarter.java:109)
	at org.codehaus.groovy.tools.GroovyStarter.main(GroovyStarter.java:131)
)"/>
         <system-out><![CDATA[2018-09-11 23:23:41 - [TEST_CASE][FAILED] - Test Cases/Convert Lead in sf: Test Cases/Convert Lead in sf FAILED because (of) (Stack trace: com.kms.katalon.core.exception.StepFailedException: Unable to click on object 'Object Repository/Page_Search Results  Salesforce - P (1)/a_StudentName' (Root cause: com.kms.katalon.core.webui.exception.WebElementNotFoundException: Web element with id: 'Object Repository/Page_Search Results  Salesforce - P (1)/a_StudentName' located by 'By.xpath: html/body/div[1]/div[2]/table/tbody/tr/td/div[2]/table/tbody/tr/td[2]/div[2]/div[2]/div[2]/div/div[2]/div/div[2]/table/tbody/tr[2]/th/a' not found)
	at com.kms.katalon.core.keyword.internal.KeywordMain.stepFailed(KeywordMain.groovy:36)
	at com.kms.katalon.core.webui.keyword.internal.WebUIKeywordMain.stepFailed(WebUIKeywordMain.groovy:65)
	at com.kms.katalon.core.webui.keyword.internal.WebUIKeywordMain.runKeyword(WebUIKeywordMain.groovy:27)
	at com.kms.katalon.core.webui.keyword.builtin.ClickKeyword.click(ClickKeyword.groovy:86)
	at com.kms.katalon.core.webui.keyword.builtin.ClickKeyword.execute(ClickKeyword.groovy:67)
	at com.kms.katalon.core.keyword.internal.KeywordExecutor.executeKeywordForPlatform(KeywordExecutor.groovy:53)
	at com.kms.katalon.core.webui.keyword.WebUiBuiltInKeywords.click(WebUiBuiltInKeywords.groovy:616)
	at com.kms.katalon.core.webui.keyword.WebUiBuiltInKeywords$click$3.call(Unknown Source)
	at Script1521090863390.run(Script1521090863390.groovy:46)
	at com.kms.katalon.core.main.ScriptEngine.run(ScriptEngine.java:183)
	at com.kms.katalon.core.main.ScriptEngine.runScriptAsRawText(ScriptEngine.java:108)
	at com.kms.katalon.core.main.TestCaseExecutor.runScript(TestCaseExecutor.java:294)
	at com.kms.katalon.core.main.TestCaseExecutor.doExecute(TestCaseExecutor.java:285)
	at com.kms.katalon.core.main.TestCaseExecutor.processExecutionPhase(TestCaseExecutor.java:264)
	at com.kms.katalon.core.main.TestCaseExecutor.accessMainPhase(TestCaseExecutor.java:256)
	at com.kms.katalon.core.main.TestCaseExecutor.execute(TestCaseExecutor.java:200)
	at com.kms.katalon.core.main.TestSuiteExecutor.accessTestCaseMainPhase(TestSuiteExecutor.java:129)
	at com.kms.katalon.core.main.TestSuiteExecutor.accessTestSuiteMainPhase(TestSuiteExecutor.java:112)
	at com.kms.katalon.core.main.TestSuiteExecutor.execute(TestSuiteExecutor.java:81)
	at com.kms.katalon.core.main.TestCaseMain.startTestSuite(TestCaseMain.java:142)
	at com.kms.katalon.core.main.TestCaseMain$startTestSuite$0.call(Unknown Source)
	at org.codehaus.groovy.runtime.callsite.CallSiteArray.defaultCall(CallSiteArray.java:48)
	at org.codehaus.groovy.runtime.callsite.AbstractCallSite.call(AbstractCallSite.java:113)
	at org.codehaus.groovy.runtime.callsite.AbstractCallSite.call(AbstractCallSite.java:141)
	at TempTestSuite1536721834649.run(TempTestSuite1536721834649.groovy:36)
	at groovy.lang.GroovyShell.runScriptOrMainOrTestOrRunnable(GroovyShell.java:263)
	at groovy.lang.GroovyShell.run(GroovyShell.java:518)
	at groovy.lang.GroovyShell.run(GroovyShell.java:507)
	at groovy.ui.GroovyMain.processOnce(GroovyMain.java:653)
	at groovy.ui.GroovyMain.run(GroovyMain.java:384)
	at groovy.ui.GroovyMain.process(GroovyMain.java:370)
	at groovy.ui.GroovyMain.processArgs(GroovyMain.java:129)
	at groovy.ui.GroovyMain.main(GroovyMain.java:109)
	at sun.reflect.NativeMethodAccessorImpl.invoke0(Native Method)
	at sun.reflect.NativeMethodAccessorImpl.invoke(NativeMethodAccessorImpl.java:62)
	at sun.reflect.DelegatingMethodAccessorImpl.invoke(DelegatingMethodAccessorImpl.java:43)
	at java.lang.reflect.Method.invoke(Method.java:498)
	at org.codehaus.groovy.tools.GroovyStarter.rootLoader(GroovyStarter.java:109)
	at org.codehaus.groovy.tools.GroovyStarter.main(GroovyStarter.java:131)
)

2018-09-11 23:23:41 - [TEST_STEP][PASSED] - openBrowser: Browser is opened with url: ''

2018-09-11 23:23:43 - [MESSAGE][PASSED] - Browser is opened with url: ''

2018-09-11 23:23:43 - [TEST_STEP][PASSED] - maximizeWindow: Current window maximized

2018-09-11 23:23:44 - [MESSAGE][PASSED] - Current window maximized

2018-09-11 23:23:44 - [TEST_STEP][PASSED] - navigateToUrl: Navigate to 'https://test.salesforce.com/' successfully

2018-09-11 23:23:49 - [MESSAGE][PASSED] - Navigate to 'https://test.salesforce.com/' successfully

2018-09-11 23:23:49 - [TEST_STEP][PASSED] - delay: Delayed 5 second(s)

2018-09-11 23:23:54 - [MESSAGE][PASSED] - Delayed 5 second(s)

2018-09-11 23:23:54 - [TEST_STEP][PASSED] - setText: Text 'daniel.shiosaky@openenglish.com.stg' is set on object 'Object Repository/Page_Login  Salesforce/input_username'

2018-09-11 23:23:55 - [MESSAGE][PASSED] - Text 'daniel.shiosaky@openenglish.com.stg' is set on object 'Object Repository/Page_Login  Salesforce/input_username'

2018-09-11 23:23:55 - [TEST_STEP][PASSED] - setText: Text 'Ds.4285716010*' is set on object 'Object Repository/Page_Login  Salesforce/input_pw'

2018-09-11 23:23:55 - [MESSAGE][PASSED] - Text 'Ds.4285716010*' is set on object 'Object Repository/Page_Login  Salesforce/input_pw'

2018-09-11 23:23:55 - [TEST_STEP][PASSED] - click: Object: 'Object Repository/Page_Login  Salesforce/input_Login' is clicked on

2018-09-11 23:23:58 - [MESSAGE][PASSED] - Object: 'Object Repository/Page_Login  Salesforce/input_Login' is clicked on

2018-09-11 23:23:58 - [TEST_STEP][PASSED] - delay: Delayed 5 second(s)

2018-09-11 23:24:03 - [MESSAGE][PASSED] - Delayed 5 second(s)

2018-09-11 23:24:03 - [TEST_STEP][PASSED] - click: Object: 'Object Repository/Page_Salesforce - Performance Editi/a_Leads' is clicked on

2018-09-11 23:24:10 - [MESSAGE][PASSED] - Object: 'Object Repository/Page_Salesforce - Performance Editi/a_Leads' is clicked on

2018-09-11 23:24:10 - [TEST_STEP][PASSED] - setText: Text 'jenkins.desktoplevelsix@mailinator.com' is set on object 'Object Repository/Page_Leads Home  Salesforce - Perfo/input_str'

2018-09-11 23:24:13 - [MESSAGE][PASSED] - Text 'jenkins.desktoplevelsix@mailinator.com' is set on object 'Object Repository/Page_Leads Home  Salesforce - Perfo/input_str'

2018-09-11 23:24:13 - [TEST_STEP][PASSED] - click: Object: 'Object Repository/Page_Leads Home  Salesforce - Perfo/input_phSearchButton' is clicked on

2018-09-11 23:24:13 - [MESSAGE][PASSED] - Object: 'Object Repository/Page_Leads Home  Salesforce - Perfo/input_phSearchButton' is clicked on

2018-09-11 23:24:13 - [TEST_STEP][PASSED] - delay: Delayed 5 second(s)

2018-09-11 23:24:18 - [MESSAGE][PASSED] - Delayed 5 second(s)

2018-09-11 23:24:18 - [TEST_STEP][FAILED] - click: Unable to click on object 'Object Repository/Page_Search Results  Salesforce - P (1)/a_StudentName' (Root cause: com.kms.katalon.core.webui.exception.WebElementNotFoundException: Web element with id: 'Object Repository/Page_Search Results  Salesforce - P (1)/a_StudentName' located by 'By.xpath: html/body/div[1]/div[2]/table/tbody/tr/td/div[2]/table/tbody/tr/td[2]/div[2]/div[2]/div[2]/div/div[2]/div/div[2]/table/tbody/tr[2]/th/a' not found)

2018-09-11 23:24:56 - [MESSAGE][FAILED] - Unable to click on object 'Object Repository/Page_Search Results  Salesforce - P (1)/a_StudentName' (Root cause: com.kms.katalon.core.webui.exception.WebElementNotFoundException: Web element with id: 'Object Repository/Page_Search Results  Salesforce - P (1)/a_StudentName' located by 'By.xpath: html/body/div[1]/div[2]/table/tbody/tr/td/div[2]/table/tbody/tr/td[2]/div[2]/div[2]/div[2]/div/div[2]/div/div[2]/table/tbody/tr[2]/th/a' not found)
[[ATTACHMENT|C:\\Users\\dshiosaky\\Desktop\\KatalonProjects\\OE_user_Activation\\Reports\\TestSuite\\20180911_231025\\1536722695909.png]]]]></system-out>
         <system-err><![CDATA[2018-09-11 23:23:41 - [TEST_CASE][FAILED] - Test Cases/Convert Lead in sf: Test Cases/Convert Lead in sf FAILED because (of) (Stack trace: com.kms.katalon.core.exception.StepFailedException: Unable to click on object 'Object Repository/Page_Search Results  Salesforce - P (1)/a_StudentName' (Root cause: com.kms.katalon.core.webui.exception.WebElementNotFoundException: Web element with id: 'Object Repository/Page_Search Results  Salesforce - P (1)/a_StudentName' located by 'By.xpath: html/body/div[1]/div[2]/table/tbody/tr/td/div[2]/table/tbody/tr/td[2]/div[2]/div[2]/div[2]/div/div[2]/div/div[2]/table/tbody/tr[2]/th/a' not found)
	at com.kms.katalon.core.keyword.internal.KeywordMain.stepFailed(KeywordMain.groovy:36)
	at com.kms.katalon.core.webui.keyword.internal.WebUIKeywordMain.stepFailed(WebUIKeywordMain.groovy:65)
	at com.kms.katalon.core.webui.keyword.internal.WebUIKeywordMain.runKeyword(WebUIKeywordMain.groovy:27)
	at com.kms.katalon.core.webui.keyword.builtin.ClickKeyword.click(ClickKeyword.groovy:86)
	at com.kms.katalon.core.webui.keyword.builtin.ClickKeyword.execute(ClickKeyword.groovy:67)
	at com.kms.katalon.core.keyword.internal.KeywordExecutor.executeKeywordForPlatform(KeywordExecutor.groovy:53)
	at com.kms.katalon.core.webui.keyword.WebUiBuiltInKeywords.click(WebUiBuiltInKeywords.groovy:616)
	at com.kms.katalon.core.webui.keyword.WebUiBuiltInKeywords$click$3.call(Unknown Source)
	at Script1521090863390.run(Script1521090863390.groovy:46)
	at com.kms.katalon.core.main.ScriptEngine.run(ScriptEngine.java:183)
	at com.kms.katalon.core.main.ScriptEngine.runScriptAsRawText(ScriptEngine.java:108)
	at com.kms.katalon.core.main.TestCaseExecutor.runScript(TestCaseExecutor.java:294)
	at com.kms.katalon.core.main.TestCaseExecutor.doExecute(TestCaseExecutor.java:285)
	at com.kms.katalon.core.main.TestCaseExecutor.processExecutionPhase(TestCaseExecutor.java:264)
	at com.kms.katalon.core.main.TestCaseExecutor.accessMainPhase(TestCaseExecutor.java:256)
	at com.kms.katalon.core.main.TestCaseExecutor.execute(TestCaseExecutor.java:200)
	at com.kms.katalon.core.main.TestSuiteExecutor.accessTestCaseMainPhase(TestSuiteExecutor.java:129)
	at com.kms.katalon.core.main.TestSuiteExecutor.accessTestSuiteMainPhase(TestSuiteExecutor.java:112)
	at com.kms.katalon.core.main.TestSuiteExecutor.execute(TestSuiteExecutor.java:81)
	at com.kms.katalon.core.main.TestCaseMain.startTestSuite(TestCaseMain.java:142)
	at com.kms.katalon.core.main.TestCaseMain$startTestSuite$0.call(Unknown Source)
	at org.codehaus.groovy.runtime.callsite.CallSiteArray.defaultCall(CallSiteArray.java:48)
	at org.codehaus.groovy.runtime.callsite.AbstractCallSite.call(AbstractCallSite.java:113)
	at org.codehaus.groovy.runtime.callsite.AbstractCallSite.call(AbstractCallSite.java:141)
	at TempTestSuite1536721834649.run(TempTestSuite1536721834649.groovy:36)
	at groovy.lang.GroovyShell.runScriptOrMainOrTestOrRunnable(GroovyShell.java:263)
	at groovy.lang.GroovyShell.run(GroovyShell.java:518)
	at groovy.lang.GroovyShell.run(GroovyShell.java:507)
	at groovy.ui.GroovyMain.processOnce(GroovyMain.java:653)
	at groovy.ui.GroovyMain.run(GroovyMain.java:384)
	at groovy.ui.GroovyMain.process(GroovyMain.java:370)
	at groovy.ui.GroovyMain.processArgs(GroovyMain.java:129)
	at groovy.ui.GroovyMain.main(GroovyMain.java:109)
	at sun.reflect.NativeMethodAccessorImpl.invoke0(Native Method)
	at sun.reflect.NativeMethodAccessorImpl.invoke(NativeMethodAccessorImpl.java:62)
	at sun.reflect.DelegatingMethodAccessorImpl.invoke(DelegatingMethodAccessorImpl.java:43)
	at java.lang.reflect.Method.invoke(Method.java:498)
	at org.codehaus.groovy.tools.GroovyStarter.rootLoader(GroovyStarter.java:109)
	at org.codehaus.groovy.tools.GroovyStarter.main(GroovyStarter.java:131)
)]]></system-err>
      </testcase>
      <testcase name="Test Cases/Convert Lead in sf" classname="Test Cases/Convert Lead in sf" status="PASSED">
         <system-out><![CDATA[2018-09-11 23:24:56 - [TEST_CASE][PASSED] - Test Cases/Convert Lead in sf: Test Cases/Convert Lead in sf

2018-09-11 23:24:56 - [TEST_STEP][PASSED] - openBrowser: Browser is opened with url: ''

2018-09-11 23:24:56 - [MESSAGE][WARNING] - A browser is already opened. Closing browser and opening a new one

2018-09-11 23:24:59 - [MESSAGE][PASSED] - Browser is opened with url: ''

2018-09-11 23:24:59 - [TEST_STEP][PASSED] - maximizeWindow: Current window maximized

2018-09-11 23:25:00 - [MESSAGE][PASSED] - Current window maximized

2018-09-11 23:25:00 - [TEST_STEP][PASSED] - navigateToUrl: Navigate to 'https://test.salesforce.com/' successfully

2018-09-11 23:25:02 - [MESSAGE][PASSED] - Navigate to 'https://test.salesforce.com/' successfully

2018-09-11 23:25:02 - [TEST_STEP][PASSED] - delay: Delayed 5 second(s)

2018-09-11 23:25:07 - [MESSAGE][PASSED] - Delayed 5 second(s)

2018-09-11 23:25:07 - [TEST_STEP][PASSED] - setText: Text 'daniel.shiosaky@openenglish.com.stg' is set on object 'Object Repository/Page_Login  Salesforce/input_username'

2018-09-11 23:25:08 - [MESSAGE][PASSED] - Text 'daniel.shiosaky@openenglish.com.stg' is set on object 'Object Repository/Page_Login  Salesforce/input_username'

2018-09-11 23:25:08 - [TEST_STEP][PASSED] - setText: Text 'Ds.4285716010*' is set on object 'Object Repository/Page_Login  Salesforce/input_pw'

2018-09-11 23:25:09 - [MESSAGE][PASSED] - Text 'Ds.4285716010*' is set on object 'Object Repository/Page_Login  Salesforce/input_pw'

2018-09-11 23:25:09 - [TEST_STEP][PASSED] - click: Object: 'Object Repository/Page_Login  Salesforce/input_Login' is clicked on

2018-09-11 23:25:12 - [MESSAGE][PASSED] - Object: 'Object Repository/Page_Login  Salesforce/input_Login' is clicked on

2018-09-11 23:25:12 - [TEST_STEP][PASSED] - delay: Delayed 5 second(s)

2018-09-11 23:25:17 - [MESSAGE][PASSED] - Delayed 5 second(s)

2018-09-11 23:25:17 - [TEST_STEP][PASSED] - click: Object: 'Object Repository/Page_Salesforce - Performance Editi/a_Leads' is clicked on

2018-09-11 23:25:19 - [MESSAGE][PASSED] - Object: 'Object Repository/Page_Salesforce - Performance Editi/a_Leads' is clicked on

2018-09-11 23:25:19 - [TEST_STEP][PASSED] - setText: Text 'jenkins.desktoplevelseven@mailinator.com' is set on object 'Object Repository/Page_Leads Home  Salesforce - Perfo/input_str'

2018-09-11 23:25:21 - [MESSAGE][PASSED] - Text 'jenkins.desktoplevelseven@mailinator.com' is set on object 'Object Repository/Page_Leads Home  Salesforce - Perfo/input_str'

2018-09-11 23:25:21 - [TEST_STEP][PASSED] - click: Object: 'Object Repository/Page_Leads Home  Salesforce - Perfo/input_phSearchButton' is clicked on

2018-09-11 23:25:22 - [MESSAGE][PASSED] - Object: 'Object Repository/Page_Leads Home  Salesforce - Perfo/input_phSearchButton' is clicked on

2018-09-11 23:25:22 - [TEST_STEP][PASSED] - delay: Delayed 5 second(s)

2018-09-11 23:25:27 - [MESSAGE][PASSED] - Delayed 5 second(s)

2018-09-11 23:25:27 - [TEST_STEP][PASSED] - click: Object: 'Object Repository/Page_Search Results  Salesforce - P (1)/a_StudentName' is clicked on

2018-09-11 23:25:30 - [MESSAGE][PASSED] - Object: 'Object Repository/Page_Search Results  Salesforce - P (1)/a_StudentName' is clicked on

2018-09-11 23:25:30 - [TEST_STEP][PASSED] - click: Object: 'Object Repository/Page_Lead Daniel Levelthree  Salesf/input_sales_tool' is clicked on

2018-09-11 23:25:32 - [MESSAGE][PASSED] - Object: 'Object Repository/Page_Lead Daniel Levelthree  Salesf/input_sales_tool' is clicked on

2018-09-11 23:25:32 - [TEST_STEP][PASSED] - click: Object: 'Object Repository/Page_Sales Tool  Salesforce - Perfo/input_j_id0frmConditionscmdOrg' is clicked on

2018-09-11 23:25:35 - [MESSAGE][PASSED] - Object: 'Object Repository/Page_Sales Tool  Salesforce - Perfo/input_j_id0frmConditionscmdOrg' is clicked on

2018-09-11 23:25:35 - [TEST_STEP][PASSED] - click: Object: 'Object Repository/Page_Sales Tool  Salesforce - Perfo/button_SELECT DISCOUNT' is clicked on

2018-09-11 23:25:35 - [MESSAGE][PASSED] - Object: 'Object Repository/Page_Sales Tool  Salesforce - Perfo/button_SELECT DISCOUNT' is clicked on

2018-09-11 23:25:35 - [TEST_STEP][PASSED] - click: Object: 'Object Repository/Page_Sales Tool  Salesforce - Perfo/input_j_id0j_id110j_id111mainF' is clicked on

2018-09-11 23:25:35 - [MESSAGE][PASSED] - Object: 'Object Repository/Page_Sales Tool  Salesforce - Perfo/input_j_id0j_id110j_id111mainF' is clicked on

2018-09-11 23:25:35 - [TEST_STEP][PASSED] - click: Object: 'Object Repository/Page_Sales Tool  Salesforce - Perfo/input_j_id0j_id110j_id111mainF_1' is clicked on

2018-09-11 23:25:40 - [MESSAGE][PASSED] - Object: 'Object Repository/Page_Sales Tool  Salesforce - Perfo/input_j_id0j_id110j_id111mainF_1' is clicked on

2018-09-11 23:25:40 - [TEST_STEP][PASSED] - click: Object: 'Object Repository/Page_Sales Tool  Salesforce - Perfo/input_j_id0j_id110j_id111mainF_2' is clicked on

2018-09-11 23:25:40 - [MESSAGE][PASSED] - Object: 'Object Repository/Page_Sales Tool  Salesforce - Perfo/input_j_id0j_id110j_id111mainF_2' is clicked on

2018-09-11 23:25:40 - [TEST_STEP][PASSED] - delay: Delayed 30 second(s)

2018-09-11 23:26:10 - [MESSAGE][PASSED] - Delayed 30 second(s)

2018-09-11 23:26:10 - [TEST_STEP][PASSED] - switchToFrame: Switched to iframe: 'Object Repository/Page_Sales Tool  Salesforce - Perfo (1)/iframe_immediateCapture_iframe'

2018-09-11 23:26:10 - [TEST_STEP][PASSED] - delay: Delayed 5 second(s)

2018-09-11 23:26:15 - [MESSAGE][PASSED] - Delayed 5 second(s)

2018-09-11 23:26:15 - [TEST_STEP][PASSED] - selectOptionByLabel: All options with label 'Visa' are selected in object 'Object Repository/Page_Sales Tool  Salesforce - Perfo (1)/select_VisaMasterCard' 

2018-09-11 23:26:15 - [MESSAGE][PASSED] - All options with label 'Visa' are selected in object 'Object Repository/Page_Sales Tool  Salesforce - Perfo (1)/select_VisaMasterCard' 

2018-09-11 23:26:15 - [TEST_STEP][PASSED] - setText: Text '4012 8888 8888 1881' is set on object 'Object Repository/Page_Sales Tool  Salesforce - Perfo (1)/input_CardNumber'

2018-09-11 23:26:16 - [MESSAGE][PASSED] - Text '4012 8888 8888 1881' is set on object 'Object Repository/Page_Sales Tool  Salesforce - Perfo (1)/input_CardNumber'

2018-09-11 23:26:16 - [TEST_STEP][PASSED] - setText: Text '10 / 2019' is set on object 'Object Repository/Page_Sales Tool  Salesforce - Perfo (1)/input_CardExpiry'

2018-09-11 23:26:17 - [MESSAGE][PASSED] - Text '10 / 2019' is set on object 'Object Repository/Page_Sales Tool  Salesforce - Perfo (1)/input_CardExpiry'

2018-09-11 23:26:17 - [TEST_STEP][PASSED] - setText: Text 'Approved' is set on object 'Object Repository/Page_Sales Tool  Salesforce - Perfo (1)/input_CardName'

2018-09-11 23:26:18 - [MESSAGE][PASSED] - Text 'Approved' is set on object 'Object Repository/Page_Sales Tool  Salesforce - Perfo (1)/input_CardName'

2018-09-11 23:26:18 - [TEST_STEP][PASSED] - setText: Text '123' is set on object 'Object Repository/Page_Sales Tool  Salesforce - Perfo (1)/input_CardCvv'

2018-09-11 23:26:18 - [MESSAGE][PASSED] - Text '123' is set on object 'Object Repository/Page_Sales Tool  Salesforce - Perfo (1)/input_CardCvv'

2018-09-11 23:26:18 - [TEST_STEP][PASSED] - setText: Text 'Approved' is set on object 'Object Repository/Page_Sales Tool  Salesforce - Perfo (1)/input_contractHolderName'

2018-09-11 23:26:19 - [MESSAGE][PASSED] - Text 'Approved' is set on object 'Object Repository/Page_Sales Tool  Salesforce - Perfo (1)/input_contractHolderName'

2018-09-11 23:26:19 - [TEST_STEP][PASSED] - delay: Delayed 5 second(s)

2018-09-11 23:26:24 - [MESSAGE][PASSED] - Delayed 5 second(s)

2018-09-11 23:26:24 - [TEST_STEP][PASSED] - click: Object: 'Object Repository/Page_Sales Tool  Salesforce - Perfo/label_I accept the terms and w' is clicked on

2018-09-11 23:26:24 - [MESSAGE][PASSED] - Object: 'Object Repository/Page_Sales Tool  Salesforce - Perfo/label_I accept the terms and w' is clicked on

2018-09-11 23:26:24 - [TEST_STEP][PASSED] - click: Object: 'Object Repository/Page_Sales Tool  Salesforce - Perfo/label_Term of the Course I und' is clicked on

2018-09-11 23:26:24 - [MESSAGE][PASSED] - Object: 'Object Repository/Page_Sales Tool  Salesforce - Perfo/label_Term of the Course I und' is clicked on

2018-09-11 23:26:24 - [TEST_STEP][PASSED] - delay: Delayed 5 second(s)

2018-09-11 23:26:29 - [MESSAGE][PASSED] - Delayed 5 second(s)

2018-09-11 23:26:29 - [TEST_STEP][PASSED] - click: Object: 'Object Repository/Page_Sales Tool  Salesforce - Perfo (1)/button_Submit payment' is clicked on

2018-09-11 23:26:30 - [MESSAGE][PASSED] - Object: 'Object Repository/Page_Sales Tool  Salesforce - Perfo (1)/button_Submit payment' is clicked on

2018-09-11 23:26:30 - [TEST_STEP][PASSED] - delay: Delayed 60 second(s)

2018-09-11 23:27:30 - [MESSAGE][PASSED] - Delayed 60 second(s)

2018-09-11 23:27:30 - [TEST_STEP][PASSED] - verifyTextPresent: Text 'Congratulations! Your payment is successfully processed!' is present on page  using regular expression

2018-09-11 23:27:30 - [MESSAGE][PASSED] - Text 'Congratulations! Your payment is successfully processed!' is present on page  using regular expression

2018-09-11 23:27:30 - [TEST_STEP][PASSED] - switchToDefaultContent: Switching to default content

2018-09-11 23:27:30 - [TEST_STEP][PASSED] - click: Object: 'Object Repository/Page_Sales Tool  Salesforce - Perfo/input_j_id0j_id110j_id111mainF_3' is clicked on

2018-09-11 23:27:40 - [MESSAGE][PASSED] - Object: 'Object Repository/Page_Sales Tool  Salesforce - Perfo/input_j_id0j_id110j_id111mainF_3' is clicked on

2018-09-11 23:27:40 - [TEST_STEP][PASSED] - delay: Delayed 15 second(s)

2018-09-11 23:27:55 - [MESSAGE][PASSED] - Delayed 15 second(s)

2018-09-11 23:27:55 - [TEST_STEP][PASSED] - closeBrowser: Browser is closed

2018-09-11 23:27:56 - [MESSAGE][PASSED] - Browser is closed]]></system-out>
         <system-err><![CDATA[]]></system-err>
      </testcase>
      <testcase name="Test Cases/Convert Lead in sf" classname="Test Cases/Convert Lead in sf" status="PASSED">
         <system-out><![CDATA[2018-09-11 23:27:56 - [TEST_CASE][PASSED] - Test Cases/Convert Lead in sf: Test Cases/Convert Lead in sf

2018-09-11 23:27:56 - [TEST_STEP][PASSED] - openBrowser: Browser is opened with url: ''

2018-09-11 23:27:59 - [MESSAGE][PASSED] - Browser is opened with url: ''

2018-09-11 23:27:59 - [TEST_STEP][PASSED] - maximizeWindow: Current window maximized

2018-09-11 23:28:00 - [MESSAGE][PASSED] - Current window maximized

2018-09-11 23:28:00 - [TEST_STEP][PASSED] - navigateToUrl: Navigate to 'https://test.salesforce.com/' successfully

2018-09-11 23:28:01 - [MESSAGE][PASSED] - Navigate to 'https://test.salesforce.com/' successfully

2018-09-11 23:28:01 - [TEST_STEP][PASSED] - delay: Delayed 5 second(s)

2018-09-11 23:28:06 - [MESSAGE][PASSED] - Delayed 5 second(s)

2018-09-11 23:28:06 - [TEST_STEP][PASSED] - setText: Text 'daniel.shiosaky@openenglish.com.stg' is set on object 'Object Repository/Page_Login  Salesforce/input_username'

2018-09-11 23:28:08 - [MESSAGE][PASSED] - Text 'daniel.shiosaky@openenglish.com.stg' is set on object 'Object Repository/Page_Login  Salesforce/input_username'

2018-09-11 23:28:08 - [TEST_STEP][PASSED] - setText: Text 'Ds.4285716010*' is set on object 'Object Repository/Page_Login  Salesforce/input_pw'

2018-09-11 23:28:08 - [MESSAGE][PASSED] - Text 'Ds.4285716010*' is set on object 'Object Repository/Page_Login  Salesforce/input_pw'

2018-09-11 23:28:08 - [TEST_STEP][PASSED] - click: Object: 'Object Repository/Page_Login  Salesforce/input_Login' is clicked on

2018-09-11 23:28:11 - [MESSAGE][PASSED] - Object: 'Object Repository/Page_Login  Salesforce/input_Login' is clicked on

2018-09-11 23:28:11 - [TEST_STEP][PASSED] - delay: Delayed 5 second(s)

2018-09-11 23:28:16 - [MESSAGE][PASSED] - Delayed 5 second(s)

2018-09-11 23:28:16 - [TEST_STEP][PASSED] - click: Object: 'Object Repository/Page_Salesforce - Performance Editi/a_Leads' is clicked on

2018-09-11 23:28:21 - [MESSAGE][PASSED] - Object: 'Object Repository/Page_Salesforce - Performance Editi/a_Leads' is clicked on

2018-09-11 23:28:21 - [TEST_STEP][PASSED] - setText: Text 'jenkins.desktopleveleight@mailinator.com' is set on object 'Object Repository/Page_Leads Home  Salesforce - Perfo/input_str'

2018-09-11 23:28:23 - [MESSAGE][PASSED] - Text 'jenkins.desktopleveleight@mailinator.com' is set on object 'Object Repository/Page_Leads Home  Salesforce - Perfo/input_str'

2018-09-11 23:28:23 - [TEST_STEP][PASSED] - click: Object: 'Object Repository/Page_Leads Home  Salesforce - Perfo/input_phSearchButton' is clicked on

2018-09-11 23:28:25 - [MESSAGE][PASSED] - Object: 'Object Repository/Page_Leads Home  Salesforce - Perfo/input_phSearchButton' is clicked on

2018-09-11 23:28:25 - [TEST_STEP][PASSED] - delay: Delayed 5 second(s)

2018-09-11 23:28:30 - [MESSAGE][PASSED] - Delayed 5 second(s)

2018-09-11 23:28:30 - [TEST_STEP][PASSED] - click: Object: 'Object Repository/Page_Search Results  Salesforce - P (1)/a_StudentName' is clicked on

2018-09-11 23:28:32 - [MESSAGE][PASSED] - Object: 'Object Repository/Page_Search Results  Salesforce - P (1)/a_StudentName' is clicked on

2018-09-11 23:28:32 - [TEST_STEP][PASSED] - click: Object: 'Object Repository/Page_Lead Daniel Levelthree  Salesf/input_sales_tool' is clicked on

2018-09-11 23:28:34 - [MESSAGE][PASSED] - Object: 'Object Repository/Page_Lead Daniel Levelthree  Salesf/input_sales_tool' is clicked on

2018-09-11 23:28:34 - [TEST_STEP][PASSED] - click: Object: 'Object Repository/Page_Sales Tool  Salesforce - Perfo/input_j_id0frmConditionscmdOrg' is clicked on

2018-09-11 23:28:38 - [MESSAGE][PASSED] - Object: 'Object Repository/Page_Sales Tool  Salesforce - Perfo/input_j_id0frmConditionscmdOrg' is clicked on

2018-09-11 23:28:38 - [TEST_STEP][PASSED] - click: Object: 'Object Repository/Page_Sales Tool  Salesforce - Perfo/button_SELECT DISCOUNT' is clicked on

2018-09-11 23:28:38 - [MESSAGE][PASSED] - Object: 'Object Repository/Page_Sales Tool  Salesforce - Perfo/button_SELECT DISCOUNT' is clicked on

2018-09-11 23:28:38 - [TEST_STEP][PASSED] - click: Object: 'Object Repository/Page_Sales Tool  Salesforce - Perfo/input_j_id0j_id110j_id111mainF' is clicked on

2018-09-11 23:28:38 - [MESSAGE][PASSED] - Object: 'Object Repository/Page_Sales Tool  Salesforce - Perfo/input_j_id0j_id110j_id111mainF' is clicked on

2018-09-11 23:28:38 - [TEST_STEP][PASSED] - click: Object: 'Object Repository/Page_Sales Tool  Salesforce - Perfo/input_j_id0j_id110j_id111mainF_1' is clicked on

2018-09-11 23:28:41 - [MESSAGE][PASSED] - Object: 'Object Repository/Page_Sales Tool  Salesforce - Perfo/input_j_id0j_id110j_id111mainF_1' is clicked on

2018-09-11 23:28:41 - [TEST_STEP][PASSED] - click: Object: 'Object Repository/Page_Sales Tool  Salesforce - Perfo/input_j_id0j_id110j_id111mainF_2' is clicked on

2018-09-11 23:28:41 - [MESSAGE][PASSED] - Object: 'Object Repository/Page_Sales Tool  Salesforce - Perfo/input_j_id0j_id110j_id111mainF_2' is clicked on

2018-09-11 23:28:41 - [TEST_STEP][PASSED] - delay: Delayed 30 second(s)

2018-09-11 23:29:11 - [MESSAGE][PASSED] - Delayed 30 second(s)

2018-09-11 23:29:11 - [TEST_STEP][PASSED] - switchToFrame: Switched to iframe: 'Object Repository/Page_Sales Tool  Salesforce - Perfo (1)/iframe_immediateCapture_iframe'

2018-09-11 23:29:11 - [TEST_STEP][PASSED] - delay: Delayed 5 second(s)

2018-09-11 23:29:16 - [MESSAGE][PASSED] - Delayed 5 second(s)

2018-09-11 23:29:16 - [TEST_STEP][PASSED] - selectOptionByLabel: All options with label 'Visa' are selected in object 'Object Repository/Page_Sales Tool  Salesforce - Perfo (1)/select_VisaMasterCard' 

2018-09-11 23:29:17 - [MESSAGE][PASSED] - All options with label 'Visa' are selected in object 'Object Repository/Page_Sales Tool  Salesforce - Perfo (1)/select_VisaMasterCard' 

2018-09-11 23:29:17 - [TEST_STEP][PASSED] - setText: Text '4012 8888 8888 1881' is set on object 'Object Repository/Page_Sales Tool  Salesforce - Perfo (1)/input_CardNumber'

2018-09-11 23:29:18 - [MESSAGE][PASSED] - Text '4012 8888 8888 1881' is set on object 'Object Repository/Page_Sales Tool  Salesforce - Perfo (1)/input_CardNumber'

2018-09-11 23:29:18 - [TEST_STEP][PASSED] - setText: Text '10 / 2019' is set on object 'Object Repository/Page_Sales Tool  Salesforce - Perfo (1)/input_CardExpiry'

2018-09-11 23:29:18 - [MESSAGE][PASSED] - Text '10 / 2019' is set on object 'Object Repository/Page_Sales Tool  Salesforce - Perfo (1)/input_CardExpiry'

2018-09-11 23:29:18 - [TEST_STEP][PASSED] - setText: Text 'Approved' is set on object 'Object Repository/Page_Sales Tool  Salesforce - Perfo (1)/input_CardName'

2018-09-11 23:29:19 - [MESSAGE][PASSED] - Text 'Approved' is set on object 'Object Repository/Page_Sales Tool  Salesforce - Perfo (1)/input_CardName'

2018-09-11 23:29:19 - [TEST_STEP][PASSED] - setText: Text '123' is set on object 'Object Repository/Page_Sales Tool  Salesforce - Perfo (1)/input_CardCvv'

2018-09-11 23:29:20 - [MESSAGE][PASSED] - Text '123' is set on object 'Object Repository/Page_Sales Tool  Salesforce - Perfo (1)/input_CardCvv'

2018-09-11 23:29:20 - [TEST_STEP][PASSED] - setText: Text 'Approved' is set on object 'Object Repository/Page_Sales Tool  Salesforce - Perfo (1)/input_contractHolderName'

2018-09-11 23:29:20 - [MESSAGE][PASSED] - Text 'Approved' is set on object 'Object Repository/Page_Sales Tool  Salesforce - Perfo (1)/input_contractHolderName'

2018-09-11 23:29:20 - [TEST_STEP][PASSED] - delay: Delayed 5 second(s)

2018-09-11 23:29:25 - [MESSAGE][PASSED] - Delayed 5 second(s)

2018-09-11 23:29:25 - [TEST_STEP][PASSED] - click: Object: 'Object Repository/Page_Sales Tool  Salesforce - Perfo/label_I accept the terms and w' is clicked on

2018-09-11 23:29:25 - [MESSAGE][PASSED] - Object: 'Object Repository/Page_Sales Tool  Salesforce - Perfo/label_I accept the terms and w' is clicked on

2018-09-11 23:29:25 - [TEST_STEP][PASSED] - click: Object: 'Object Repository/Page_Sales Tool  Salesforce - Perfo/label_Term of the Course I und' is clicked on

2018-09-11 23:29:26 - [MESSAGE][PASSED] - Object: 'Object Repository/Page_Sales Tool  Salesforce - Perfo/label_Term of the Course I und' is clicked on

2018-09-11 23:29:26 - [TEST_STEP][PASSED] - delay: Delayed 5 second(s)

2018-09-11 23:29:31 - [MESSAGE][PASSED] - Delayed 5 second(s)

2018-09-11 23:29:31 - [TEST_STEP][PASSED] - click: Object: 'Object Repository/Page_Sales Tool  Salesforce - Perfo (1)/button_Submit payment' is clicked on

2018-09-11 23:29:31 - [MESSAGE][PASSED] - Object: 'Object Repository/Page_Sales Tool  Salesforce - Perfo (1)/button_Submit payment' is clicked on

2018-09-11 23:29:31 - [TEST_STEP][PASSED] - delay: Delayed 60 second(s)

2018-09-11 23:30:31 - [MESSAGE][PASSED] - Delayed 60 second(s)

2018-09-11 23:30:31 - [TEST_STEP][PASSED] - verifyTextPresent: Text 'Congratulations! Your payment is successfully processed!' is present on page  using regular expression

2018-09-11 23:30:31 - [MESSAGE][PASSED] - Text 'Congratulations! Your payment is successfully processed!' is present on page  using regular expression

2018-09-11 23:30:31 - [TEST_STEP][PASSED] - switchToDefaultContent: Switching to default content

2018-09-11 23:30:31 - [TEST_STEP][PASSED] - click: Object: 'Object Repository/Page_Sales Tool  Salesforce - Perfo/input_j_id0j_id110j_id111mainF_3' is clicked on

2018-09-11 23:30:35 - [MESSAGE][PASSED] - Object: 'Object Repository/Page_Sales Tool  Salesforce - Perfo/input_j_id0j_id110j_id111mainF_3' is clicked on

2018-09-11 23:30:35 - [TEST_STEP][PASSED] - delay: Delayed 15 second(s)

2018-09-11 23:30:50 - [MESSAGE][PASSED] - Delayed 15 second(s)

2018-09-11 23:30:50 - [TEST_STEP][PASSED] - closeBrowser: Browser is closed

2018-09-11 23:30:51 - [MESSAGE][PASSED] - Browser is closed]]></system-out>
         <system-err><![CDATA[]]></system-err>
      </testcase>
      <system-out><![CDATA[2018-09-11 23:10:38 - [TEST_SUITE][FAILED] - TestSuite: Test Cases/Convert Lead in sf FAILED because (of) (Stack trace: com.kms.katalon.core.exception.StepFailedException: Unable to click on object 'Object Repository/Page_Search Results  Salesforce - P (1)/a_StudentName' (Root cause: com.kms.katalon.core.webui.exception.WebElementNotFoundException: Web element with id: 'Object Repository/Page_Search Results  Salesforce - P (1)/a_StudentName' located by 'By.xpath: html/body/div[1]/div[2]/table/tbody/tr/td/div[2]/table/tbody/tr/td[2]/div[2]/div[2]/div[2]/div/div[2]/div/div[2]/table/tbody/tr[2]/th/a' not found)
	at com.kms.katalon.core.keyword.internal.KeywordMain.stepFailed(KeywordMain.groovy:36)
	at com.kms.katalon.core.webui.keyword.internal.WebUIKeywordMain.stepFailed(WebUIKeywordMain.groovy:65)
	at com.kms.katalon.core.webui.keyword.internal.WebUIKeywordMain.runKeyword(WebUIKeywordMain.groovy:27)
	at com.kms.katalon.core.webui.keyword.builtin.ClickKeyword.click(ClickKeyword.groovy:86)
	at com.kms.katalon.core.webui.keyword.builtin.ClickKeyword.execute(ClickKeyword.groovy:67)
	at com.kms.katalon.core.keyword.internal.KeywordExecutor.executeKeywordForPlatform(KeywordExecutor.groovy:53)
	at com.kms.katalon.core.webui.keyword.WebUiBuiltInKeywords.click(WebUiBuiltInKeywords.groovy:616)
	at com.kms.katalon.core.webui.keyword.WebUiBuiltInKeywords$click$3.call(Unknown Source)
	at Script1521090863390.run(Script1521090863390.groovy:46)
	at com.kms.katalon.core.main.ScriptEngine.run(ScriptEngine.java:183)
	at com.kms.katalon.core.main.ScriptEngine.runScriptAsRawText(ScriptEngine.java:108)
	at com.kms.katalon.core.main.TestCaseExecutor.runScript(TestCaseExecutor.java:294)
	at com.kms.katalon.core.main.TestCaseExecutor.doExecute(TestCaseExecutor.java:285)
	at com.kms.katalon.core.main.TestCaseExecutor.processExecutionPhase(TestCaseExecutor.java:264)
	at com.kms.katalon.core.main.TestCaseExecutor.accessMainPhase(TestCaseExecutor.java:256)
	at com.kms.katalon.core.main.TestCaseExecutor.execute(TestCaseExecutor.java:200)
	at com.kms.katalon.core.main.TestSuiteExecutor.accessTestCaseMainPhase(TestSuiteExecutor.java:129)
	at com.kms.katalon.core.main.TestSuiteExecutor.accessTestSuiteMainPhase(TestSuiteExecutor.java:112)
	at com.kms.katalon.core.main.TestSuiteExecutor.execute(TestSuiteExecutor.java:81)
	at com.kms.katalon.core.main.TestCaseMain.startTestSuite(TestCaseMain.java:142)
	at com.kms.katalon.core.main.TestCaseMain$startTestSuite$0.call(Unknown Source)
	at org.codehaus.groovy.runtime.callsite.CallSiteArray.defaultCall(CallSiteArray.java:48)
	at org.codehaus.groovy.runtime.callsite.AbstractCallSite.call(AbstractCallSite.java:113)
	at org.codehaus.groovy.runtime.callsite.AbstractCallSite.call(AbstractCallSite.java:141)
	at TempTestSuite1536721834649.run(TempTestSuite1536721834649.groovy:36)
	at groovy.lang.GroovyShell.runScriptOrMainOrTestOrRunnable(GroovyShell.java:263)
	at groovy.lang.GroovyShell.run(GroovyShell.java:518)
	at groovy.lang.GroovyShell.run(GroovyShell.java:507)
	at groovy.ui.GroovyMain.processOnce(GroovyMain.java:653)
	at groovy.ui.GroovyMain.run(GroovyMain.java:384)
	at groovy.ui.GroovyMain.process(GroovyMain.java:370)
	at groovy.ui.GroovyMain.processArgs(GroovyMain.java:129)
	at groovy.ui.GroovyMain.main(GroovyMain.java:109)
	at sun.reflect.NativeMethodAccessorImpl.invoke0(Native Method)
	at sun.reflect.NativeMethodAccessorImpl.invoke(NativeMethodAccessorImpl.java:62)
	at sun.reflect.DelegatingMethodAccessorImpl.invoke(DelegatingMethodAccessorImpl.java:43)
	at java.lang.reflect.Method.invoke(Method.java:498)
	at org.codehaus.groovy.tools.GroovyStarter.rootLoader(GroovyStarter.java:109)
	at org.codehaus.groovy.tools.GroovyStarter.main(GroovyStarter.java:131)
)]]></system-out>
      <system-err><![CDATA[2018-09-11 23:10:38 - [TEST_SUITE][FAILED] - TestSuite: Test Cases/Convert Lead in sf FAILED because (of) (Stack trace: com.kms.katalon.core.exception.StepFailedException: Unable to click on object 'Object Repository/Page_Search Results  Salesforce - P (1)/a_StudentName' (Root cause: com.kms.katalon.core.webui.exception.WebElementNotFoundException: Web element with id: 'Object Repository/Page_Search Results  Salesforce - P (1)/a_StudentName' located by 'By.xpath: html/body/div[1]/div[2]/table/tbody/tr/td/div[2]/table/tbody/tr/td[2]/div[2]/div[2]/div[2]/div/div[2]/div/div[2]/table/tbody/tr[2]/th/a' not found)
	at com.kms.katalon.core.keyword.internal.KeywordMain.stepFailed(KeywordMain.groovy:36)
	at com.kms.katalon.core.webui.keyword.internal.WebUIKeywordMain.stepFailed(WebUIKeywordMain.groovy:65)
	at com.kms.katalon.core.webui.keyword.internal.WebUIKeywordMain.runKeyword(WebUIKeywordMain.groovy:27)
	at com.kms.katalon.core.webui.keyword.builtin.ClickKeyword.click(ClickKeyword.groovy:86)
	at com.kms.katalon.core.webui.keyword.builtin.ClickKeyword.execute(ClickKeyword.groovy:67)
	at com.kms.katalon.core.keyword.internal.KeywordExecutor.executeKeywordForPlatform(KeywordExecutor.groovy:53)
	at com.kms.katalon.core.webui.keyword.WebUiBuiltInKeywords.click(WebUiBuiltInKeywords.groovy:616)
	at com.kms.katalon.core.webui.keyword.WebUiBuiltInKeywords$click$3.call(Unknown Source)
	at Script1521090863390.run(Script1521090863390.groovy:46)
	at com.kms.katalon.core.main.ScriptEngine.run(ScriptEngine.java:183)
	at com.kms.katalon.core.main.ScriptEngine.runScriptAsRawText(ScriptEngine.java:108)
	at com.kms.katalon.core.main.TestCaseExecutor.runScript(TestCaseExecutor.java:294)
	at com.kms.katalon.core.main.TestCaseExecutor.doExecute(TestCaseExecutor.java:285)
	at com.kms.katalon.core.main.TestCaseExecutor.processExecutionPhase(TestCaseExecutor.java:264)
	at com.kms.katalon.core.main.TestCaseExecutor.accessMainPhase(TestCaseExecutor.java:256)
	at com.kms.katalon.core.main.TestCaseExecutor.execute(TestCaseExecutor.java:200)
	at com.kms.katalon.core.main.TestSuiteExecutor.accessTestCaseMainPhase(TestSuiteExecutor.java:129)
	at com.kms.katalon.core.main.TestSuiteExecutor.accessTestSuiteMainPhase(TestSuiteExecutor.java:112)
	at com.kms.katalon.core.main.TestSuiteExecutor.execute(TestSuiteExecutor.java:81)
	at com.kms.katalon.core.main.TestCaseMain.startTestSuite(TestCaseMain.java:142)
	at com.kms.katalon.core.main.TestCaseMain$startTestSuite$0.call(Unknown Source)
	at org.codehaus.groovy.runtime.callsite.CallSiteArray.defaultCall(CallSiteArray.java:48)
	at org.codehaus.groovy.runtime.callsite.AbstractCallSite.call(AbstractCallSite.java:113)
	at org.codehaus.groovy.runtime.callsite.AbstractCallSite.call(AbstractCallSite.java:141)
	at TempTestSuite1536721834649.run(TempTestSuite1536721834649.groovy:36)
	at groovy.lang.GroovyShell.runScriptOrMainOrTestOrRunnable(GroovyShell.java:263)
	at groovy.lang.GroovyShell.run(GroovyShell.java:518)
	at groovy.lang.GroovyShell.run(GroovyShell.java:507)
	at groovy.ui.GroovyMain.processOnce(GroovyMain.java:653)
	at groovy.ui.GroovyMain.run(GroovyMain.java:384)
	at groovy.ui.GroovyMain.process(GroovyMain.java:370)
	at groovy.ui.GroovyMain.processArgs(GroovyMain.java:129)
	at groovy.ui.GroovyMain.main(GroovyMain.java:109)
	at sun.reflect.NativeMethodAccessorImpl.invoke0(Native Method)
	at sun.reflect.NativeMethodAccessorImpl.invoke(NativeMethodAccessorImpl.java:62)
	at sun.reflect.DelegatingMethodAccessorImpl.invoke(DelegatingMethodAccessorImpl.java:43)
	at java.lang.reflect.Method.invoke(Method.java:498)
	at org.codehaus.groovy.tools.GroovyStarter.rootLoader(GroovyStarter.java:109)
	at org.codehaus.groovy.tools.GroovyStarter.main(GroovyStarter.java:131)
)]]></system-err>
   </testsuite>
</testsuites>
