<?xml version="1.0" encoding="UTF-8"?>
<testsuites name="TestSuite" time="891" tests="0" failures="8" errors="0">
   <testsuite name="TestSuite" tests="0" failures="8" errors="0" time="891" timestamp="2018-03-16 00:00:11" hostname="dshiosaky-laptop - 10.2.0.220" id="Test Suites/TestSuite">
      <properties>
         <property name="deviceName" value=""/>
         <property name="devicePlatform" value=""/>
         <property name="logFolder" value="C:\\Users\\dshiosaky-laptop\\Katalon Studio\\OE_user_Activation\\Reports\\TestSuite\\20180316_000009"/>
         <property name="logFiles" value="C:\\Users\\dshiosaky-laptop\\Katalon Studio\\OE_user_Activation\\Reports\\TestSuite\\20180316_000009\\execution0.log"/>
         <property name="attachments" value="C:\\Users\\dshiosaky-laptop\\Katalon Studio\\OE_user_Activation\\Reports\\TestSuite\\20180316_000009\\1521172874105.png, C:\\Users\\dshiosaky-laptop\\Katalon Studio\\OE_user_Activation\\Reports\\TestSuite\\20180316_000009\\1521173017151.png, C:\\Users\\dshiosaky-laptop\\Katalon Studio\\OE_user_Activation\\Reports\\TestSuite\\20180316_000009\\1521173052344.png, C:\\Users\\dshiosaky-laptop\\Katalon Studio\\OE_user_Activation\\Reports\\TestSuite\\20180316_000009\\1521173135906.png, C:\\Users\\dshiosaky-laptop\\Katalon Studio\\OE_user_Activation\\Reports\\TestSuite\\20180316_000009\\1521173279059.png, C:\\Users\\dshiosaky-laptop\\Katalon Studio\\OE_user_Activation\\Reports\\TestSuite\\20180316_000009\\1521173419785.png, C:\\Users\\dshiosaky-laptop\\Katalon Studio\\OE_user_Activation\\Reports\\TestSuite\\20180316_000009\\1521173560840.png, C:\\Users\\dshiosaky-laptop\\Katalon Studio\\OE_user_Activation\\Reports\\TestSuite\\20180316_000009\\1521173701732.png"/>
         <property name="hostName" value="dshiosaky-laptop - 10.2.0.220"/>
         <property name="os" value="Windows 10 64bit"/>
         <property name="katalonVersion" value="5.3.1.1"/>
         <property name="browser" value="Chrome 64.0.3282.186"/>
         <property name="hostAddress" value="10.2.0.220"/>
         <property name="sessionId" value="d18bbf07554e358873666764819a5830"/>
         <property name="seleniumVersion" value="3.7.1"/>
         <property name="proxyInformation" value="ProxyInformation{proxyOption=NO_PROXY, proxyServerType=HTTP, password=, proxyServerAddress=, proxyServerPort=0}"/>
         <property name="platform" value="Windows 10"/>
      </properties>
      <testcase name="Test Cases/Convert Lead in sf" classname="Test Cases/Convert Lead in sf" status="FAILED">
         <failure type="FAILED" message="Unable to click on object 'Object Repository/Page_Lead Daniel Levelthree  Salesf/input_sales_tool' (Root cause: com.kms.katalon.core.webui.exception.WebElementNotFoundException: Web element with id: 'Object Repository/Page_Lead Daniel Levelthree  Salesf/input_sales_tool' located by 'By.xpath: //input[@name = 'sales_tool' and @title = 'Sales Tool' and @type = 'button']' not found)"/>
         <system-out><![CDATA[2018-03-16 00:00:12 - [TEST_CASE][FAILED] - Test Cases/Convert Lead in sf: Test Cases/Convert Lead in sf FAILED because (of) Unable to click on object 'Object Repository/Page_Lead Daniel Levelthree  Salesf/input_sales_tool' (Root cause: com.kms.katalon.core.webui.exception.WebElementNotFoundException: Web element with id: 'Object Repository/Page_Lead Daniel Levelthree  Salesf/input_sales_tool' located by 'By.xpath: //input[@name = 'sales_tool' and @title = 'Sales Tool' and @type = 'button']' not found)

2018-03-16 00:00:12 - [TEST_STEP][PASSED] - openBrowser: Browser is opened with url: ''

2018-03-16 00:00:17 - [MESSAGE][PASSED] - Browser is opened with url: ''

2018-03-16 00:00:17 - [TEST_STEP][PASSED] - navigateToUrl: Navigate to 'https://test.salesforce.com/' successfully

2018-03-16 00:00:19 - [MESSAGE][PASSED] - Navigate to 'https://test.salesforce.com/' successfully

2018-03-16 00:00:19 - [TEST_STEP][PASSED] - setText: Text 'Shiosaky@gmail.com' is set on object 'Object Repository/Page_Login  Salesforce/input_username'

2018-03-16 00:00:20 - [MESSAGE][PASSED] - Text 'Shiosaky@gmail.com' is set on object 'Object Repository/Page_Login  Salesforce/input_username'

2018-03-16 00:00:20 - [TEST_STEP][PASSED] - setText: Text 'DS.4285716010*' is set on object 'Object Repository/Page_Login  Salesforce/input_pw'

2018-03-16 00:00:20 - [MESSAGE][PASSED] - Text 'DS.4285716010*' is set on object 'Object Repository/Page_Login  Salesforce/input_pw'

2018-03-16 00:00:20 - [TEST_STEP][PASSED] - click: Object: 'Object Repository/Page_Login  Salesforce/input_Login' is clicked on

2018-03-16 00:00:23 - [MESSAGE][PASSED] - Object: 'Object Repository/Page_Login  Salesforce/input_Login' is clicked on

2018-03-16 00:00:23 - [TEST_STEP][PASSED] - click: Object: 'Object Repository/Page_Salesforce - Performance Editi/a_Leads' is clicked on

2018-03-16 00:00:32 - [MESSAGE][PASSED] - Object: 'Object Repository/Page_Salesforce - Performance Editi/a_Leads' is clicked on

2018-03-16 00:00:32 - [TEST_STEP][PASSED] - setText: Text 'daniel.oe+1@mailinator.com' is set on object 'Object Repository/Page_Leads Home  Salesforce - Perfo/input_str'

2018-03-16 00:00:33 - [MESSAGE][PASSED] - Text 'daniel.oe+1@mailinator.com' is set on object 'Object Repository/Page_Leads Home  Salesforce - Perfo/input_str'

2018-03-16 00:00:33 - [TEST_STEP][PASSED] - click: Object: 'Object Repository/Page_Leads Home  Salesforce - Perfo/input_phSearchButton' is clicked on

2018-03-16 00:00:35 - [MESSAGE][PASSED] - Object: 'Object Repository/Page_Leads Home  Salesforce - Perfo/input_phSearchButton' is clicked on

2018-03-16 00:00:35 - [TEST_STEP][PASSED] - delay: Delayed 5 second(s)

2018-03-16 00:00:40 - [MESSAGE][PASSED] - Delayed 5 second(s)

2018-03-16 00:00:40 - [TEST_STEP][PASSED] - click: Object: 'Object Repository/Page_Search Results  Salesforce - P (1)/a_StudentName' is clicked on

2018-03-16 00:00:42 - [MESSAGE][PASSED] - Object: 'Object Repository/Page_Search Results  Salesforce - P (1)/a_StudentName' is clicked on

2018-03-16 00:00:43 - [TEST_STEP][FAILED] - click: Unable to click on object 'Object Repository/Page_Lead Daniel Levelthree  Salesf/input_sales_tool' (Root cause: com.kms.katalon.core.webui.exception.WebElementNotFoundException: Web element with id: 'Object Repository/Page_Lead Daniel Levelthree  Salesf/input_sales_tool' located by 'By.xpath: //input[@name = 'sales_tool' and @title = 'Sales Tool' and @type = 'button']' not found)

2018-03-16 00:01:14 - [MESSAGE][FAILED] - Unable to click on object 'Object Repository/Page_Lead Daniel Levelthree  Salesf/input_sales_tool' (Root cause: com.kms.katalon.core.webui.exception.WebElementNotFoundException: Web element with id: 'Object Repository/Page_Lead Daniel Levelthree  Salesf/input_sales_tool' located by 'By.xpath: //input[@name = 'sales_tool' and @title = 'Sales Tool' and @type = 'button']' not found)
[[ATTACHMENT|C:\\Users\\dshiosaky-laptop\\Katalon Studio\\OE_user_Activation\\Reports\\TestSuite\\20180316_000009\\1521172874105.png]]]]></system-out>
         <system-err><![CDATA[2018-03-16 00:00:12 - [TEST_CASE][FAILED] - Test Cases/Convert Lead in sf: Test Cases/Convert Lead in sf FAILED because (of) Unable to click on object 'Object Repository/Page_Lead Daniel Levelthree  Salesf/input_sales_tool' (Root cause: com.kms.katalon.core.webui.exception.WebElementNotFoundException: Web element with id: 'Object Repository/Page_Lead Daniel Levelthree  Salesf/input_sales_tool' located by 'By.xpath: //input[@name = 'sales_tool' and @title = 'Sales Tool' and @type = 'button']' not found)]]></system-err>
      </testcase>
      <testcase name="Test Cases/Convert Lead in sf" classname="Test Cases/Convert Lead in sf" status="FAILED">
         <failure type="FAILED" message="Unable to verify text 'Congratulations your Payment' is present  using regular expression (Root cause: Text 'Congratulations your Payment' is not present on page  using regular expression)"/>
         <system-out><![CDATA[2018-03-16 00:01:14 - [TEST_CASE][FAILED] - Test Cases/Convert Lead in sf: Test Cases/Convert Lead in sf FAILED because (of) Unable to verify text 'Congratulations your Payment' is present  using regular expression (Root cause: Text 'Congratulations your Payment' is not present on page  using regular expression)

2018-03-16 00:01:14 - [TEST_STEP][PASSED] - openBrowser: Browser is opened with url: ''

2018-03-16 00:01:14 - [MESSAGE][WARNING] - A browser is already opened. Closing browser and opening a new one

2018-03-16 00:01:17 - [MESSAGE][PASSED] - Browser is opened with url: ''

2018-03-16 00:01:17 - [TEST_STEP][PASSED] - navigateToUrl: Navigate to 'https://test.salesforce.com/' successfully

2018-03-16 00:01:21 - [MESSAGE][PASSED] - Navigate to 'https://test.salesforce.com/' successfully

2018-03-16 00:01:21 - [TEST_STEP][PASSED] - setText: Text 'Shiosaky@gmail.com' is set on object 'Object Repository/Page_Login  Salesforce/input_username'

2018-03-16 00:01:21 - [MESSAGE][PASSED] - Text 'Shiosaky@gmail.com' is set on object 'Object Repository/Page_Login  Salesforce/input_username'

2018-03-16 00:01:21 - [TEST_STEP][PASSED] - setText: Text 'DS.4285716010*' is set on object 'Object Repository/Page_Login  Salesforce/input_pw'

2018-03-16 00:01:21 - [MESSAGE][PASSED] - Text 'DS.4285716010*' is set on object 'Object Repository/Page_Login  Salesforce/input_pw'

2018-03-16 00:01:21 - [TEST_STEP][PASSED] - click: Object: 'Object Repository/Page_Login  Salesforce/input_Login' is clicked on

2018-03-16 00:01:24 - [MESSAGE][PASSED] - Object: 'Object Repository/Page_Login  Salesforce/input_Login' is clicked on

2018-03-16 00:01:24 - [TEST_STEP][PASSED] - click: Object: 'Object Repository/Page_Salesforce - Performance Editi/a_Leads' is clicked on

2018-03-16 00:01:33 - [MESSAGE][PASSED] - Object: 'Object Repository/Page_Salesforce - Performance Editi/a_Leads' is clicked on

2018-03-16 00:01:33 - [TEST_STEP][PASSED] - setText: Text 'daniel.oe+4@mailinator.com' is set on object 'Object Repository/Page_Leads Home  Salesforce - Perfo/input_str'

2018-03-16 00:01:34 - [MESSAGE][PASSED] - Text 'daniel.oe+4@mailinator.com' is set on object 'Object Repository/Page_Leads Home  Salesforce - Perfo/input_str'

2018-03-16 00:01:34 - [TEST_STEP][PASSED] - click: Object: 'Object Repository/Page_Leads Home  Salesforce - Perfo/input_phSearchButton' is clicked on

2018-03-16 00:01:35 - [MESSAGE][PASSED] - Object: 'Object Repository/Page_Leads Home  Salesforce - Perfo/input_phSearchButton' is clicked on

2018-03-16 00:01:35 - [TEST_STEP][PASSED] - delay: Delayed 5 second(s)

2018-03-16 00:01:40 - [MESSAGE][PASSED] - Delayed 5 second(s)

2018-03-16 00:01:40 - [TEST_STEP][PASSED] - click: Object: 'Object Repository/Page_Search Results  Salesforce - P (1)/a_StudentName' is clicked on

2018-03-16 00:01:42 - [MESSAGE][PASSED] - Object: 'Object Repository/Page_Search Results  Salesforce - P (1)/a_StudentName' is clicked on

2018-03-16 00:01:42 - [TEST_STEP][PASSED] - click: Object: 'Object Repository/Page_Lead Daniel Levelthree  Salesf/input_sales_tool' is clicked on

2018-03-16 00:01:44 - [MESSAGE][PASSED] - Object: 'Object Repository/Page_Lead Daniel Levelthree  Salesf/input_sales_tool' is clicked on

2018-03-16 00:01:44 - [TEST_STEP][PASSED] - click: Object: 'Object Repository/Page_Sales Tool  Salesforce - Perfo/input_j_id0frmConditionscmdOrg' is clicked on

2018-03-16 00:01:47 - [MESSAGE][PASSED] - Object: 'Object Repository/Page_Sales Tool  Salesforce - Perfo/input_j_id0frmConditionscmdOrg' is clicked on

2018-03-16 00:01:47 - [TEST_STEP][PASSED] - click: Object: 'Object Repository/Page_Sales Tool  Salesforce - Perfo/button_SELECT DISCOUNT' is clicked on

2018-03-16 00:01:47 - [MESSAGE][PASSED] - Object: 'Object Repository/Page_Sales Tool  Salesforce - Perfo/button_SELECT DISCOUNT' is clicked on

2018-03-16 00:01:47 - [TEST_STEP][PASSED] - click: Object: 'Object Repository/Page_Sales Tool  Salesforce - Perfo/input_j_id0j_id110j_id111mainF' is clicked on

2018-03-16 00:01:47 - [MESSAGE][PASSED] - Object: 'Object Repository/Page_Sales Tool  Salesforce - Perfo/input_j_id0j_id110j_id111mainF' is clicked on

2018-03-16 00:01:47 - [TEST_STEP][PASSED] - click: Object: 'Object Repository/Page_Sales Tool  Salesforce - Perfo/input_j_id0j_id110j_id111mainF_1' is clicked on

2018-03-16 00:01:49 - [MESSAGE][PASSED] - Object: 'Object Repository/Page_Sales Tool  Salesforce - Perfo/input_j_id0j_id110j_id111mainF_1' is clicked on

2018-03-16 00:01:49 - [TEST_STEP][PASSED] - click: Object: 'Object Repository/Page_Sales Tool  Salesforce - Perfo/input_j_id0j_id110j_id111mainF_2' is clicked on

2018-03-16 00:01:49 - [MESSAGE][PASSED] - Object: 'Object Repository/Page_Sales Tool  Salesforce - Perfo/input_j_id0j_id110j_id111mainF_2' is clicked on

2018-03-16 00:01:49 - [TEST_STEP][PASSED] - delay: Delayed 30 second(s)

2018-03-16 00:02:19 - [MESSAGE][PASSED] - Delayed 30 second(s)

2018-03-16 00:02:19 - [TEST_STEP][PASSED] - switchToFrame: Switched to iframe: 'Object Repository/Page_Sales Tool  Salesforce - Perfo (1)/iframe_immediateCapture_iframe'

2018-03-16 00:02:19 - [TEST_STEP][PASSED] - delay: Delayed 5 second(s)

2018-03-16 00:02:24 - [MESSAGE][PASSED] - Delayed 5 second(s)

2018-03-16 00:02:24 - [TEST_STEP][PASSED] - selectOptionByLabel: All options with label 'Visa' are selected in object 'Object Repository/Page_Sales Tool  Salesforce - Perfo (1)/select_VisaMasterCard' 

2018-03-16 00:02:24 - [MESSAGE][PASSED] - All options with label 'Visa' are selected in object 'Object Repository/Page_Sales Tool  Salesforce - Perfo (1)/select_VisaMasterCard' 

2018-03-16 00:02:24 - [TEST_STEP][PASSED] - setText: Text '4012 8888 8888 1881' is set on object 'Object Repository/Page_Sales Tool  Salesforce - Perfo (1)/input_CardNumber'

2018-03-16 00:02:25 - [MESSAGE][PASSED] - Text '4012 8888 8888 1881' is set on object 'Object Repository/Page_Sales Tool  Salesforce - Perfo (1)/input_CardNumber'

2018-03-16 00:02:25 - [TEST_STEP][PASSED] - setText: Text '10 / 2019' is set on object 'Object Repository/Page_Sales Tool  Salesforce - Perfo (1)/input_CardExpiry'

2018-03-16 00:02:25 - [MESSAGE][PASSED] - Text '10 / 2019' is set on object 'Object Repository/Page_Sales Tool  Salesforce - Perfo (1)/input_CardExpiry'

2018-03-16 00:02:25 - [TEST_STEP][PASSED] - setText: Text 'Approved' is set on object 'Object Repository/Page_Sales Tool  Salesforce - Perfo (1)/input_CardName'

2018-03-16 00:02:25 - [MESSAGE][PASSED] - Text 'Approved' is set on object 'Object Repository/Page_Sales Tool  Salesforce - Perfo (1)/input_CardName'

2018-03-16 00:02:25 - [TEST_STEP][PASSED] - setText: Text '123' is set on object 'Object Repository/Page_Sales Tool  Salesforce - Perfo (1)/input_CardCvv'

2018-03-16 00:02:26 - [MESSAGE][PASSED] - Text '123' is set on object 'Object Repository/Page_Sales Tool  Salesforce - Perfo (1)/input_CardCvv'

2018-03-16 00:02:26 - [TEST_STEP][PASSED] - setText: Text 'Approved' is set on object 'Object Repository/Page_Sales Tool  Salesforce - Perfo (1)/input_contractHolderName'

2018-03-16 00:02:26 - [MESSAGE][PASSED] - Text 'Approved' is set on object 'Object Repository/Page_Sales Tool  Salesforce - Perfo (1)/input_contractHolderName'

2018-03-16 00:02:26 - [TEST_STEP][PASSED] - delay: Delayed 5 second(s)

2018-03-16 00:02:31 - [MESSAGE][PASSED] - Delayed 5 second(s)

2018-03-16 00:02:31 - [TEST_STEP][PASSED] - click: Object: 'Object Repository/Page_Sales Tool  Salesforce - Perfo/label_I accept the terms and w' is clicked on

2018-03-16 00:02:31 - [MESSAGE][PASSED] - Object: 'Object Repository/Page_Sales Tool  Salesforce - Perfo/label_I accept the terms and w' is clicked on

2018-03-16 00:02:31 - [TEST_STEP][PASSED] - click: Object: 'Object Repository/Page_Sales Tool  Salesforce - Perfo/label_Term of the Course I und' is clicked on

2018-03-16 00:02:31 - [MESSAGE][PASSED] - Object: 'Object Repository/Page_Sales Tool  Salesforce - Perfo/label_Term of the Course I und' is clicked on

2018-03-16 00:02:31 - [TEST_STEP][PASSED] - delay: Delayed 5 second(s)

2018-03-16 00:02:36 - [MESSAGE][PASSED] - Delayed 5 second(s)

2018-03-16 00:02:36 - [TEST_STEP][PASSED] - click: Object: 'Object Repository/Page_Sales Tool  Salesforce - Perfo (1)/button_Submit payment' is clicked on

2018-03-16 00:02:36 - [MESSAGE][PASSED] - Object: 'Object Repository/Page_Sales Tool  Salesforce - Perfo (1)/button_Submit payment' is clicked on

2018-03-16 00:02:36 - [TEST_STEP][PASSED] - delay: Delayed 60 second(s)

2018-03-16 00:03:36 - [MESSAGE][PASSED] - Delayed 60 second(s)

2018-03-16 00:03:36 - [TEST_STEP][FAILED] - verifyTextPresent: Unable to verify text 'Congratulations your Payment' is present  using regular expression (Root cause: Text 'Congratulations your Payment' is not present on page  using regular expression)

2018-03-16 00:03:37 - [MESSAGE][FAILED] - Text 'Congratulations your Payment' is not present on page  using regular expression

2018-03-16 00:03:37 - [MESSAGE][FAILED] - Unable to verify text 'Congratulations your Payment' is present  using regular expression (Root cause: Text 'Congratulations your Payment' is not present on page  using regular expression)
[[ATTACHMENT|C:\\Users\\dshiosaky-laptop\\Katalon Studio\\OE_user_Activation\\Reports\\TestSuite\\20180316_000009\\1521173017151.png]]]]></system-out>
         <system-err><![CDATA[2018-03-16 00:01:14 - [TEST_CASE][FAILED] - Test Cases/Convert Lead in sf: Test Cases/Convert Lead in sf FAILED because (of) Unable to verify text 'Congratulations your Payment' is present  using regular expression (Root cause: Text 'Congratulations your Payment' is not present on page  using regular expression)]]></system-err>
      </testcase>
      <testcase name="Test Cases/Convert Lead in sf" classname="Test Cases/Convert Lead in sf" status="FAILED">
         <failure type="FAILED" message="Unable to click on object 'Object Repository/Page_Sales Tool  Salesforce - Perfo/input_j_id0j_id110j_id111mainF' (Root cause: org.openqa.selenium.ElementNotVisibleException: element not visible
  (Session info: chrome=64.0.3282.186)
  (Driver info: chromedriver=2.35.528161 (5b82f2d2aae0ca24b877009200ced9065a772e73),platform=Windows NT 10.0.16299 x86_64) (WARNING: The server did not provide any stacktrace information)
Command duration or timeout: 0 milliseconds
Build info: version: '3.7.1', revision: '8a0099a', time: '2017-11-06T21:07:36.161Z'
System info: host: 'DSHIOSAKY-LAPTO', ip: '10.2.0.220', os.name: 'Windows 10', os.arch: 'amd64', os.version: '10.0', java.version: '1.8.0_102'
Driver info: com.kms.katalon.selenium.driver.CChromeDriver
Capabilities {acceptInsecureCerts: false, acceptSslCerts: false, applicationCacheEnabled: false, browserConnectionEnabled: false, browserName: chrome, chrome: {chromedriverVersion: 2.35.528161 (5b82f2d2aae0ca..., userDataDir: C:\Users\DSHIOS~1\AppData\L...}, cssSelectorsEnabled: true, databaseEnabled: false, handlesAlerts: true, hasTouchScreen: false, javascriptEnabled: true, locationContextEnabled: true, mobileEmulationEnabled: false, nativeEvents: true, networkConnectionEnabled: false, pageLoadStrategy: normal, platform: XP, platformName: XP, rotatable: false, setWindowRect: true, takesHeapSnapshot: true, takesScreenshot: true, unexpectedAlertBehaviour: , unhandledPromptBehavior: , version: 64.0.3282.186, webStorageEnabled: true}
Session ID: b5adc92010e520a8f6cceae3fdd8edfb)"/>
         <system-out><![CDATA[2018-03-16 00:03:37 - [TEST_CASE][FAILED] - Test Cases/Convert Lead in sf: Test Cases/Convert Lead in sf FAILED because (of) Unable to click on object 'Object Repository/Page_Sales Tool  Salesforce - Perfo/input_j_id0j_id110j_id111mainF' (Root cause: org.openqa.selenium.ElementNotVisibleException: element not visible
  (Session info: chrome=64.0.3282.186)
  (Driver info: chromedriver=2.35.528161 (5b82f2d2aae0ca24b877009200ced9065a772e73),platform=Windows NT 10.0.16299 x86_64) (WARNING: The server did not provide any stacktrace information)
Command duration or timeout: 0 milliseconds
Build info: version: '3.7.1', revision: '8a0099a', time: '2017-11-06T21:07:36.161Z'
System info: host: 'DSHIOSAKY-LAPTO', ip: '10.2.0.220', os.name: 'Windows 10', os.arch: 'amd64', os.version: '10.0', java.version: '1.8.0_102'
Driver info: com.kms.katalon.selenium.driver.CChromeDriver
Capabilities {acceptInsecureCerts: false, acceptSslCerts: false, applicationCacheEnabled: false, browserConnectionEnabled: false, browserName: chrome, chrome: {chromedriverVersion: 2.35.528161 (5b82f2d2aae0ca..., userDataDir: C:\Users\DSHIOS~1\AppData\L...}, cssSelectorsEnabled: true, databaseEnabled: false, handlesAlerts: true, hasTouchScreen: false, javascriptEnabled: true, locationContextEnabled: true, mobileEmulationEnabled: false, nativeEvents: true, networkConnectionEnabled: false, pageLoadStrategy: normal, platform: XP, platformName: XP, rotatable: false, setWindowRect: true, takesHeapSnapshot: true, takesScreenshot: true, unexpectedAlertBehaviour: , unhandledPromptBehavior: , version: 64.0.3282.186, webStorageEnabled: true}
Session ID: b5adc92010e520a8f6cceae3fdd8edfb)

2018-03-16 00:03:37 - [TEST_STEP][PASSED] - openBrowser: Browser is opened with url: ''

2018-03-16 00:03:37 - [MESSAGE][WARNING] - A browser is already opened. Closing browser and opening a new one

2018-03-16 00:03:40 - [MESSAGE][PASSED] - Browser is opened with url: ''

2018-03-16 00:03:40 - [TEST_STEP][PASSED] - navigateToUrl: Navigate to 'https://test.salesforce.com/' successfully

2018-03-16 00:03:44 - [MESSAGE][PASSED] - Navigate to 'https://test.salesforce.com/' successfully

2018-03-16 00:03:44 - [TEST_STEP][PASSED] - setText: Text 'Shiosaky@gmail.com' is set on object 'Object Repository/Page_Login  Salesforce/input_username'

2018-03-16 00:03:44 - [MESSAGE][PASSED] - Text 'Shiosaky@gmail.com' is set on object 'Object Repository/Page_Login  Salesforce/input_username'

2018-03-16 00:03:44 - [TEST_STEP][PASSED] - setText: Text 'DS.4285716010*' is set on object 'Object Repository/Page_Login  Salesforce/input_pw'

2018-03-16 00:03:44 - [MESSAGE][PASSED] - Text 'DS.4285716010*' is set on object 'Object Repository/Page_Login  Salesforce/input_pw'

2018-03-16 00:03:44 - [TEST_STEP][PASSED] - click: Object: 'Object Repository/Page_Login  Salesforce/input_Login' is clicked on

2018-03-16 00:03:47 - [MESSAGE][PASSED] - Object: 'Object Repository/Page_Login  Salesforce/input_Login' is clicked on

2018-03-16 00:03:47 - [TEST_STEP][PASSED] - click: Object: 'Object Repository/Page_Salesforce - Performance Editi/a_Leads' is clicked on

2018-03-16 00:03:59 - [MESSAGE][PASSED] - Object: 'Object Repository/Page_Salesforce - Performance Editi/a_Leads' is clicked on

2018-03-16 00:03:59 - [TEST_STEP][PASSED] - setText: Text 'daniel.auto+2@mailinator.com' is set on object 'Object Repository/Page_Leads Home  Salesforce - Perfo/input_str'

2018-03-16 00:04:00 - [MESSAGE][PASSED] - Text 'daniel.auto+2@mailinator.com' is set on object 'Object Repository/Page_Leads Home  Salesforce - Perfo/input_str'

2018-03-16 00:04:00 - [TEST_STEP][PASSED] - click: Object: 'Object Repository/Page_Leads Home  Salesforce - Perfo/input_phSearchButton' is clicked on

2018-03-16 00:04:01 - [MESSAGE][PASSED] - Object: 'Object Repository/Page_Leads Home  Salesforce - Perfo/input_phSearchButton' is clicked on

2018-03-16 00:04:01 - [TEST_STEP][PASSED] - delay: Delayed 5 second(s)

2018-03-16 00:04:06 - [MESSAGE][PASSED] - Delayed 5 second(s)

2018-03-16 00:04:06 - [TEST_STEP][PASSED] - click: Object: 'Object Repository/Page_Search Results  Salesforce - P (1)/a_StudentName' is clicked on

2018-03-16 00:04:08 - [MESSAGE][PASSED] - Object: 'Object Repository/Page_Search Results  Salesforce - P (1)/a_StudentName' is clicked on

2018-03-16 00:04:08 - [TEST_STEP][PASSED] - click: Object: 'Object Repository/Page_Lead Daniel Levelthree  Salesf/input_sales_tool' is clicked on

2018-03-16 00:04:09 - [MESSAGE][PASSED] - Object: 'Object Repository/Page_Lead Daniel Levelthree  Salesf/input_sales_tool' is clicked on

2018-03-16 00:04:09 - [TEST_STEP][PASSED] - click: Object: 'Object Repository/Page_Sales Tool  Salesforce - Perfo/input_j_id0frmConditionscmdOrg' is clicked on

2018-03-16 00:04:12 - [MESSAGE][PASSED] - Object: 'Object Repository/Page_Sales Tool  Salesforce - Perfo/input_j_id0frmConditionscmdOrg' is clicked on

2018-03-16 00:04:12 - [TEST_STEP][PASSED] - click: Object: 'Object Repository/Page_Sales Tool  Salesforce - Perfo/button_SELECT DISCOUNT' is clicked on

2018-03-16 00:04:12 - [MESSAGE][PASSED] - Object: 'Object Repository/Page_Sales Tool  Salesforce - Perfo/button_SELECT DISCOUNT' is clicked on

2018-03-16 00:04:12 - [TEST_STEP][FAILED] - click: Unable to click on object 'Object Repository/Page_Sales Tool  Salesforce - Perfo/input_j_id0j_id110j_id111mainF' (Root cause: org.openqa.selenium.ElementNotVisibleException: element not visible
  (Session info: chrome=64.0.3282.186)
  (Driver info: chromedriver=2.35.528161 (5b82f2d2aae0ca24b877009200ced9065a772e73),platform=Windows NT 10.0.16299 x86_64) (WARNING: The server did not provide any stacktrace information)
Command duration or timeout: 0 milliseconds
Build info: version: '3.7.1', revision: '8a0099a', time: '2017-11-06T21:07:36.161Z'
System info: host: 'DSHIOSAKY-LAPTO', ip: '10.2.0.220', os.name: 'Windows 10', os.arch: 'amd64', os.version: '10.0', java.version: '1.8.0_102'
Driver info: com.kms.katalon.selenium.driver.CChromeDriver
Capabilities {acceptInsecureCerts: false, acceptSslCerts: false, applicationCacheEnabled: false, browserConnectionEnabled: false, browserName: chrome, chrome: {chromedriverVersion: 2.35.528161 (5b82f2d2aae0ca..., userDataDir: C:\Users\DSHIOS~1\AppData\L...}, cssSelectorsEnabled: true, databaseEnabled: false, handlesAlerts: true, hasTouchScreen: false, javascriptEnabled: true, locationContextEnabled: true, mobileEmulationEnabled: false, nativeEvents: true, networkConnectionEnabled: false, pageLoadStrategy: normal, platform: XP, platformName: XP, rotatable: false, setWindowRect: true, takesHeapSnapshot: true, takesScreenshot: true, unexpectedAlertBehaviour: , unhandledPromptBehavior: , version: 64.0.3282.186, webStorageEnabled: true}
Session ID: b5adc92010e520a8f6cceae3fdd8edfb)

2018-03-16 00:04:12 - [MESSAGE][FAILED] - Unable to click on object 'Object Repository/Page_Sales Tool  Salesforce - Perfo/input_j_id0j_id110j_id111mainF' (Root cause: org.openqa.selenium.ElementNotVisibleException: element not visible
  (Session info: chrome=64.0.3282.186)
  (Driver info: chromedriver=2.35.528161 (5b82f2d2aae0ca24b877009200ced9065a772e73),platform=Windows NT 10.0.16299 x86_64) (WARNING: The server did not provide any stacktrace information)
Command duration or timeout: 0 milliseconds
Build info: version: '3.7.1', revision: '8a0099a', time: '2017-11-06T21:07:36.161Z'
System info: host: 'DSHIOSAKY-LAPTO', ip: '10.2.0.220', os.name: 'Windows 10', os.arch: 'amd64', os.version: '10.0', java.version: '1.8.0_102'
Driver info: com.kms.katalon.selenium.driver.CChromeDriver
Capabilities {acceptInsecureCerts: false, acceptSslCerts: false, applicationCacheEnabled: false, browserConnectionEnabled: false, browserName: chrome, chrome: {chromedriverVersion: 2.35.528161 (5b82f2d2aae0ca..., userDataDir: C:\Users\DSHIOS~1\AppData\L...}, cssSelectorsEnabled: true, databaseEnabled: false, handlesAlerts: true, hasTouchScreen: false, javascriptEnabled: true, locationContextEnabled: true, mobileEmulationEnabled: false, nativeEvents: true, networkConnectionEnabled: false, pageLoadStrategy: normal, platform: XP, platformName: XP, rotatable: false, setWindowRect: true, takesHeapSnapshot: true, takesScreenshot: true, unexpectedAlertBehaviour: , unhandledPromptBehavior: , version: 64.0.3282.186, webStorageEnabled: true}
Session ID: b5adc92010e520a8f6cceae3fdd8edfb)
[[ATTACHMENT|C:\\Users\\dshiosaky-laptop\\Katalon Studio\\OE_user_Activation\\Reports\\TestSuite\\20180316_000009\\1521173052344.png]]]]></system-out>
         <system-err><![CDATA[2018-03-16 00:03:37 - [TEST_CASE][FAILED] - Test Cases/Convert Lead in sf: Test Cases/Convert Lead in sf FAILED because (of) Unable to click on object 'Object Repository/Page_Sales Tool  Salesforce - Perfo/input_j_id0j_id110j_id111mainF' (Root cause: org.openqa.selenium.ElementNotVisibleException: element not visible
  (Session info: chrome=64.0.3282.186)
  (Driver info: chromedriver=2.35.528161 (5b82f2d2aae0ca24b877009200ced9065a772e73),platform=Windows NT 10.0.16299 x86_64) (WARNING: The server did not provide any stacktrace information)
Command duration or timeout: 0 milliseconds
Build info: version: '3.7.1', revision: '8a0099a', time: '2017-11-06T21:07:36.161Z'
System info: host: 'DSHIOSAKY-LAPTO', ip: '10.2.0.220', os.name: 'Windows 10', os.arch: 'amd64', os.version: '10.0', java.version: '1.8.0_102'
Driver info: com.kms.katalon.selenium.driver.CChromeDriver
Capabilities {acceptInsecureCerts: false, acceptSslCerts: false, applicationCacheEnabled: false, browserConnectionEnabled: false, browserName: chrome, chrome: {chromedriverVersion: 2.35.528161 (5b82f2d2aae0ca..., userDataDir: C:\Users\DSHIOS~1\AppData\L...}, cssSelectorsEnabled: true, databaseEnabled: false, handlesAlerts: true, hasTouchScreen: false, javascriptEnabled: true, locationContextEnabled: true, mobileEmulationEnabled: false, nativeEvents: true, networkConnectionEnabled: false, pageLoadStrategy: normal, platform: XP, platformName: XP, rotatable: false, setWindowRect: true, takesHeapSnapshot: true, takesScreenshot: true, unexpectedAlertBehaviour: , unhandledPromptBehavior: , version: 64.0.3282.186, webStorageEnabled: true}
Session ID: b5adc92010e520a8f6cceae3fdd8edfb)]]></system-err>
      </testcase>
      <testcase name="Test Cases/Convert Lead in sf" classname="Test Cases/Convert Lead in sf" status="FAILED">
         <failure type="FAILED" message="Unable to click on object 'Object Repository/Page_Sales Tool  Salesforce - Perfo (1)/button_Submit payment' (Root cause: org.openqa.selenium.WebDriverException: unknown error: Element &lt;button class=&quot;btn btn-block ng-binding&quot; id=&quot;submitBtn&quot; ng-click=&quot;processPayment()&quot; ng-disabled=&quot;payment.$invalid || contractNeedsUpdate&quot; role=&quot;button&quot;>...&lt;/button> is not clickable at point (365, 1833). Other element would receive the click: &lt;div class=&quot;footer&quot;>...&lt;/div>
  (Session info: chrome=64.0.3282.186)
  (Driver info: chromedriver=2.35.528161 (5b82f2d2aae0ca24b877009200ced9065a772e73),platform=Windows NT 10.0.16299 x86_64) (WARNING: The server did not provide any stacktrace information)
Command duration or timeout: 0 milliseconds
Build info: version: '3.7.1', revision: '8a0099a', time: '2017-11-06T21:07:36.161Z'
System info: host: 'DSHIOSAKY-LAPTO', ip: '10.2.0.220', os.name: 'Windows 10', os.arch: 'amd64', os.version: '10.0', java.version: '1.8.0_102'
Driver info: com.kms.katalon.selenium.driver.CChromeDriver
Capabilities {acceptInsecureCerts: false, acceptSslCerts: false, applicationCacheEnabled: false, browserConnectionEnabled: false, browserName: chrome, chrome: {chromedriverVersion: 2.35.528161 (5b82f2d2aae0ca..., userDataDir: C:\Users\DSHIOS~1\AppData\L...}, cssSelectorsEnabled: true, databaseEnabled: false, handlesAlerts: true, hasTouchScreen: false, javascriptEnabled: true, locationContextEnabled: true, mobileEmulationEnabled: false, nativeEvents: true, networkConnectionEnabled: false, pageLoadStrategy: normal, platform: XP, platformName: XP, rotatable: false, setWindowRect: true, takesHeapSnapshot: true, takesScreenshot: true, unexpectedAlertBehaviour: , unhandledPromptBehavior: , version: 64.0.3282.186, webStorageEnabled: true}
Session ID: 2dbbfc0a3f08258a88d6a29789cfd2cf)"/>
         <system-out><![CDATA[2018-03-16 00:04:12 - [TEST_CASE][FAILED] - Test Cases/Convert Lead in sf: Test Cases/Convert Lead in sf FAILED because (of) Unable to click on object 'Object Repository/Page_Sales Tool  Salesforce - Perfo (1)/button_Submit payment' (Root cause: org.openqa.selenium.WebDriverException: unknown error: Element <button class="btn btn-block ng-binding" id="submitBtn" ng-click="processPayment()" ng-disabled="payment.$invalid || contractNeedsUpdate" role="button">...</button> is not clickable at point (365, 1833). Other element would receive the click: <div class="footer">...</div>
  (Session info: chrome=64.0.3282.186)
  (Driver info: chromedriver=2.35.528161 (5b82f2d2aae0ca24b877009200ced9065a772e73),platform=Windows NT 10.0.16299 x86_64) (WARNING: The server did not provide any stacktrace information)
Command duration or timeout: 0 milliseconds
Build info: version: '3.7.1', revision: '8a0099a', time: '2017-11-06T21:07:36.161Z'
System info: host: 'DSHIOSAKY-LAPTO', ip: '10.2.0.220', os.name: 'Windows 10', os.arch: 'amd64', os.version: '10.0', java.version: '1.8.0_102'
Driver info: com.kms.katalon.selenium.driver.CChromeDriver
Capabilities {acceptInsecureCerts: false, acceptSslCerts: false, applicationCacheEnabled: false, browserConnectionEnabled: false, browserName: chrome, chrome: {chromedriverVersion: 2.35.528161 (5b82f2d2aae0ca..., userDataDir: C:\Users\DSHIOS~1\AppData\L...}, cssSelectorsEnabled: true, databaseEnabled: false, handlesAlerts: true, hasTouchScreen: false, javascriptEnabled: true, locationContextEnabled: true, mobileEmulationEnabled: false, nativeEvents: true, networkConnectionEnabled: false, pageLoadStrategy: normal, platform: XP, platformName: XP, rotatable: false, setWindowRect: true, takesHeapSnapshot: true, takesScreenshot: true, unexpectedAlertBehaviour: , unhandledPromptBehavior: , version: 64.0.3282.186, webStorageEnabled: true}
Session ID: 2dbbfc0a3f08258a88d6a29789cfd2cf)

2018-03-16 00:04:12 - [TEST_STEP][PASSED] - openBrowser: Browser is opened with url: ''

2018-03-16 00:04:12 - [MESSAGE][WARNING] - A browser is already opened. Closing browser and opening a new one

2018-03-16 00:04:15 - [MESSAGE][PASSED] - Browser is opened with url: ''

2018-03-16 00:04:15 - [TEST_STEP][PASSED] - navigateToUrl: Navigate to 'https://test.salesforce.com/' successfully

2018-03-16 00:04:18 - [MESSAGE][PASSED] - Navigate to 'https://test.salesforce.com/' successfully

2018-03-16 00:04:18 - [TEST_STEP][PASSED] - setText: Text 'Shiosaky@gmail.com' is set on object 'Object Repository/Page_Login  Salesforce/input_username'

2018-03-16 00:04:19 - [MESSAGE][PASSED] - Text 'Shiosaky@gmail.com' is set on object 'Object Repository/Page_Login  Salesforce/input_username'

2018-03-16 00:04:19 - [TEST_STEP][PASSED] - setText: Text 'DS.4285716010*' is set on object 'Object Repository/Page_Login  Salesforce/input_pw'

2018-03-16 00:04:19 - [MESSAGE][PASSED] - Text 'DS.4285716010*' is set on object 'Object Repository/Page_Login  Salesforce/input_pw'

2018-03-16 00:04:19 - [TEST_STEP][PASSED] - click: Object: 'Object Repository/Page_Login  Salesforce/input_Login' is clicked on

2018-03-16 00:04:21 - [MESSAGE][PASSED] - Object: 'Object Repository/Page_Login  Salesforce/input_Login' is clicked on

2018-03-16 00:04:21 - [TEST_STEP][PASSED] - click: Object: 'Object Repository/Page_Salesforce - Performance Editi/a_Leads' is clicked on

2018-03-16 00:04:30 - [MESSAGE][PASSED] - Object: 'Object Repository/Page_Salesforce - Performance Editi/a_Leads' is clicked on

2018-03-16 00:04:30 - [TEST_STEP][PASSED] - setText: Text 'daniel.auto+4@mailinator.com' is set on object 'Object Repository/Page_Leads Home  Salesforce - Perfo/input_str'

2018-03-16 00:04:31 - [MESSAGE][PASSED] - Text 'daniel.auto+4@mailinator.com' is set on object 'Object Repository/Page_Leads Home  Salesforce - Perfo/input_str'

2018-03-16 00:04:31 - [TEST_STEP][PASSED] - click: Object: 'Object Repository/Page_Leads Home  Salesforce - Perfo/input_phSearchButton' is clicked on

2018-03-16 00:04:33 - [MESSAGE][PASSED] - Object: 'Object Repository/Page_Leads Home  Salesforce - Perfo/input_phSearchButton' is clicked on

2018-03-16 00:04:33 - [TEST_STEP][PASSED] - delay: Delayed 5 second(s)

2018-03-16 00:04:38 - [MESSAGE][PASSED] - Delayed 5 second(s)

2018-03-16 00:04:38 - [TEST_STEP][PASSED] - click: Object: 'Object Repository/Page_Search Results  Salesforce - P (1)/a_StudentName' is clicked on

2018-03-16 00:04:41 - [MESSAGE][PASSED] - Object: 'Object Repository/Page_Search Results  Salesforce - P (1)/a_StudentName' is clicked on

2018-03-16 00:04:41 - [TEST_STEP][PASSED] - click: Object: 'Object Repository/Page_Lead Daniel Levelthree  Salesf/input_sales_tool' is clicked on

2018-03-16 00:04:44 - [MESSAGE][PASSED] - Object: 'Object Repository/Page_Lead Daniel Levelthree  Salesf/input_sales_tool' is clicked on

2018-03-16 00:04:44 - [TEST_STEP][PASSED] - click: Object: 'Object Repository/Page_Sales Tool  Salesforce - Perfo/input_j_id0frmConditionscmdOrg' is clicked on

2018-03-16 00:04:46 - [MESSAGE][PASSED] - Object: 'Object Repository/Page_Sales Tool  Salesforce - Perfo/input_j_id0frmConditionscmdOrg' is clicked on

2018-03-16 00:04:46 - [TEST_STEP][PASSED] - click: Object: 'Object Repository/Page_Sales Tool  Salesforce - Perfo/button_SELECT DISCOUNT' is clicked on

2018-03-16 00:04:46 - [MESSAGE][PASSED] - Object: 'Object Repository/Page_Sales Tool  Salesforce - Perfo/button_SELECT DISCOUNT' is clicked on

2018-03-16 00:04:46 - [TEST_STEP][PASSED] - click: Object: 'Object Repository/Page_Sales Tool  Salesforce - Perfo/input_j_id0j_id110j_id111mainF' is clicked on

2018-03-16 00:04:47 - [MESSAGE][PASSED] - Object: 'Object Repository/Page_Sales Tool  Salesforce - Perfo/input_j_id0j_id110j_id111mainF' is clicked on

2018-03-16 00:04:47 - [TEST_STEP][PASSED] - click: Object: 'Object Repository/Page_Sales Tool  Salesforce - Perfo/input_j_id0j_id110j_id111mainF_1' is clicked on

2018-03-16 00:04:48 - [MESSAGE][PASSED] - Object: 'Object Repository/Page_Sales Tool  Salesforce - Perfo/input_j_id0j_id110j_id111mainF_1' is clicked on

2018-03-16 00:04:48 - [TEST_STEP][PASSED] - click: Object: 'Object Repository/Page_Sales Tool  Salesforce - Perfo/input_j_id0j_id110j_id111mainF_2' is clicked on

2018-03-16 00:04:48 - [MESSAGE][PASSED] - Object: 'Object Repository/Page_Sales Tool  Salesforce - Perfo/input_j_id0j_id110j_id111mainF_2' is clicked on

2018-03-16 00:04:48 - [TEST_STEP][PASSED] - delay: Delayed 30 second(s)

2018-03-16 00:05:18 - [MESSAGE][PASSED] - Delayed 30 second(s)

2018-03-16 00:05:18 - [TEST_STEP][PASSED] - switchToFrame: Switched to iframe: 'Object Repository/Page_Sales Tool  Salesforce - Perfo (1)/iframe_immediateCapture_iframe'

2018-03-16 00:05:18 - [TEST_STEP][PASSED] - delay: Delayed 5 second(s)

2018-03-16 00:05:23 - [MESSAGE][PASSED] - Delayed 5 second(s)

2018-03-16 00:05:23 - [TEST_STEP][PASSED] - selectOptionByLabel: All options with label 'Visa' are selected in object 'Object Repository/Page_Sales Tool  Salesforce - Perfo (1)/select_VisaMasterCard' 

2018-03-16 00:05:23 - [MESSAGE][PASSED] - All options with label 'Visa' are selected in object 'Object Repository/Page_Sales Tool  Salesforce - Perfo (1)/select_VisaMasterCard' 

2018-03-16 00:05:23 - [TEST_STEP][PASSED] - setText: Text '4012 8888 8888 1881' is set on object 'Object Repository/Page_Sales Tool  Salesforce - Perfo (1)/input_CardNumber'

2018-03-16 00:05:24 - [MESSAGE][PASSED] - Text '4012 8888 8888 1881' is set on object 'Object Repository/Page_Sales Tool  Salesforce - Perfo (1)/input_CardNumber'

2018-03-16 00:05:24 - [TEST_STEP][PASSED] - setText: Text '10 / 2019' is set on object 'Object Repository/Page_Sales Tool  Salesforce - Perfo (1)/input_CardExpiry'

2018-03-16 00:05:24 - [MESSAGE][PASSED] - Text '10 / 2019' is set on object 'Object Repository/Page_Sales Tool  Salesforce - Perfo (1)/input_CardExpiry'

2018-03-16 00:05:24 - [TEST_STEP][PASSED] - setText: Text 'Approved' is set on object 'Object Repository/Page_Sales Tool  Salesforce - Perfo (1)/input_CardName'

2018-03-16 00:05:24 - [MESSAGE][PASSED] - Text 'Approved' is set on object 'Object Repository/Page_Sales Tool  Salesforce - Perfo (1)/input_CardName'

2018-03-16 00:05:24 - [TEST_STEP][PASSED] - setText: Text '123' is set on object 'Object Repository/Page_Sales Tool  Salesforce - Perfo (1)/input_CardCvv'

2018-03-16 00:05:25 - [MESSAGE][PASSED] - Text '123' is set on object 'Object Repository/Page_Sales Tool  Salesforce - Perfo (1)/input_CardCvv'

2018-03-16 00:05:25 - [TEST_STEP][PASSED] - setText: Text 'Approved' is set on object 'Object Repository/Page_Sales Tool  Salesforce - Perfo (1)/input_contractHolderName'

2018-03-16 00:05:25 - [MESSAGE][PASSED] - Text 'Approved' is set on object 'Object Repository/Page_Sales Tool  Salesforce - Perfo (1)/input_contractHolderName'

2018-03-16 00:05:25 - [TEST_STEP][PASSED] - delay: Delayed 5 second(s)

2018-03-16 00:05:30 - [MESSAGE][PASSED] - Delayed 5 second(s)

2018-03-16 00:05:30 - [TEST_STEP][PASSED] - click: Object: 'Object Repository/Page_Sales Tool  Salesforce - Perfo/label_I accept the terms and w' is clicked on

2018-03-16 00:05:30 - [MESSAGE][PASSED] - Object: 'Object Repository/Page_Sales Tool  Salesforce - Perfo/label_I accept the terms and w' is clicked on

2018-03-16 00:05:30 - [TEST_STEP][PASSED] - click: Object: 'Object Repository/Page_Sales Tool  Salesforce - Perfo/label_Term of the Course I und' is clicked on

2018-03-16 00:05:30 - [MESSAGE][PASSED] - Object: 'Object Repository/Page_Sales Tool  Salesforce - Perfo/label_Term of the Course I und' is clicked on

2018-03-16 00:05:30 - [TEST_STEP][PASSED] - delay: Delayed 5 second(s)

2018-03-16 00:05:35 - [MESSAGE][PASSED] - Delayed 5 second(s)

2018-03-16 00:05:35 - [TEST_STEP][FAILED] - click: Unable to click on object 'Object Repository/Page_Sales Tool  Salesforce - Perfo (1)/button_Submit payment' (Root cause: org.openqa.selenium.WebDriverException: unknown error: Element <button class="btn btn-block ng-binding" id="submitBtn" ng-click="processPayment()" ng-disabled="payment.$invalid || contractNeedsUpdate" role="button">...</button> is not clickable at point (365, 1833). Other element would receive the click: <div class="footer">...</div>
  (Session info: chrome=64.0.3282.186)
  (Driver info: chromedriver=2.35.528161 (5b82f2d2aae0ca24b877009200ced9065a772e73),platform=Windows NT 10.0.16299 x86_64) (WARNING: The server did not provide any stacktrace information)
Command duration or timeout: 0 milliseconds
Build info: version: '3.7.1', revision: '8a0099a', time: '2017-11-06T21:07:36.161Z'
System info: host: 'DSHIOSAKY-LAPTO', ip: '10.2.0.220', os.name: 'Windows 10', os.arch: 'amd64', os.version: '10.0', java.version: '1.8.0_102'
Driver info: com.kms.katalon.selenium.driver.CChromeDriver
Capabilities {acceptInsecureCerts: false, acceptSslCerts: false, applicationCacheEnabled: false, browserConnectionEnabled: false, browserName: chrome, chrome: {chromedriverVersion: 2.35.528161 (5b82f2d2aae0ca..., userDataDir: C:\Users\DSHIOS~1\AppData\L...}, cssSelectorsEnabled: true, databaseEnabled: false, handlesAlerts: true, hasTouchScreen: false, javascriptEnabled: true, locationContextEnabled: true, mobileEmulationEnabled: false, nativeEvents: true, networkConnectionEnabled: false, pageLoadStrategy: normal, platform: XP, platformName: XP, rotatable: false, setWindowRect: true, takesHeapSnapshot: true, takesScreenshot: true, unexpectedAlertBehaviour: , unhandledPromptBehavior: , version: 64.0.3282.186, webStorageEnabled: true}
Session ID: 2dbbfc0a3f08258a88d6a29789cfd2cf)

2018-03-16 00:05:36 - [MESSAGE][FAILED] - Unable to click on object 'Object Repository/Page_Sales Tool  Salesforce - Perfo (1)/button_Submit payment' (Root cause: org.openqa.selenium.WebDriverException: unknown error: Element <button class="btn btn-block ng-binding" id="submitBtn" ng-click="processPayment()" ng-disabled="payment.$invalid || contractNeedsUpdate" role="button">...</button> is not clickable at point (365, 1833). Other element would receive the click: <div class="footer">...</div>
  (Session info: chrome=64.0.3282.186)
  (Driver info: chromedriver=2.35.528161 (5b82f2d2aae0ca24b877009200ced9065a772e73),platform=Windows NT 10.0.16299 x86_64) (WARNING: The server did not provide any stacktrace information)
Command duration or timeout: 0 milliseconds
Build info: version: '3.7.1', revision: '8a0099a', time: '2017-11-06T21:07:36.161Z'
System info: host: 'DSHIOSAKY-LAPTO', ip: '10.2.0.220', os.name: 'Windows 10', os.arch: 'amd64', os.version: '10.0', java.version: '1.8.0_102'
Driver info: com.kms.katalon.selenium.driver.CChromeDriver
Capabilities {acceptInsecureCerts: false, acceptSslCerts: false, applicationCacheEnabled: false, browserConnectionEnabled: false, browserName: chrome, chrome: {chromedriverVersion: 2.35.528161 (5b82f2d2aae0ca..., userDataDir: C:\Users\DSHIOS~1\AppData\L...}, cssSelectorsEnabled: true, databaseEnabled: false, handlesAlerts: true, hasTouchScreen: false, javascriptEnabled: true, locationContextEnabled: true, mobileEmulationEnabled: false, nativeEvents: true, networkConnectionEnabled: false, pageLoadStrategy: normal, platform: XP, platformName: XP, rotatable: false, setWindowRect: true, takesHeapSnapshot: true, takesScreenshot: true, unexpectedAlertBehaviour: , unhandledPromptBehavior: , version: 64.0.3282.186, webStorageEnabled: true}
Session ID: 2dbbfc0a3f08258a88d6a29789cfd2cf)
[[ATTACHMENT|C:\\Users\\dshiosaky-laptop\\Katalon Studio\\OE_user_Activation\\Reports\\TestSuite\\20180316_000009\\1521173135906.png]]]]></system-out>
         <system-err><![CDATA[2018-03-16 00:04:12 - [TEST_CASE][FAILED] - Test Cases/Convert Lead in sf: Test Cases/Convert Lead in sf FAILED because (of) Unable to click on object 'Object Repository/Page_Sales Tool  Salesforce - Perfo (1)/button_Submit payment' (Root cause: org.openqa.selenium.WebDriverException: unknown error: Element <button class="btn btn-block ng-binding" id="submitBtn" ng-click="processPayment()" ng-disabled="payment.$invalid || contractNeedsUpdate" role="button">...</button> is not clickable at point (365, 1833). Other element would receive the click: <div class="footer">...</div>
  (Session info: chrome=64.0.3282.186)
  (Driver info: chromedriver=2.35.528161 (5b82f2d2aae0ca24b877009200ced9065a772e73),platform=Windows NT 10.0.16299 x86_64) (WARNING: The server did not provide any stacktrace information)
Command duration or timeout: 0 milliseconds
Build info: version: '3.7.1', revision: '8a0099a', time: '2017-11-06T21:07:36.161Z'
System info: host: 'DSHIOSAKY-LAPTO', ip: '10.2.0.220', os.name: 'Windows 10', os.arch: 'amd64', os.version: '10.0', java.version: '1.8.0_102'
Driver info: com.kms.katalon.selenium.driver.CChromeDriver
Capabilities {acceptInsecureCerts: false, acceptSslCerts: false, applicationCacheEnabled: false, browserConnectionEnabled: false, browserName: chrome, chrome: {chromedriverVersion: 2.35.528161 (5b82f2d2aae0ca..., userDataDir: C:\Users\DSHIOS~1\AppData\L...}, cssSelectorsEnabled: true, databaseEnabled: false, handlesAlerts: true, hasTouchScreen: false, javascriptEnabled: true, locationContextEnabled: true, mobileEmulationEnabled: false, nativeEvents: true, networkConnectionEnabled: false, pageLoadStrategy: normal, platform: XP, platformName: XP, rotatable: false, setWindowRect: true, takesHeapSnapshot: true, takesScreenshot: true, unexpectedAlertBehaviour: , unhandledPromptBehavior: , version: 64.0.3282.186, webStorageEnabled: true}
Session ID: 2dbbfc0a3f08258a88d6a29789cfd2cf)]]></system-err>
      </testcase>
      <testcase name="Test Cases/Convert Lead in sf" classname="Test Cases/Convert Lead in sf" status="FAILED">
         <failure type="FAILED" message="Unable to verify text 'Congratulations your Payment' is present  using regular expression (Root cause: Text 'Congratulations your Payment' is not present on page  using regular expression)"/>
         <system-out><![CDATA[2018-03-16 00:05:36 - [TEST_CASE][FAILED] - Test Cases/Convert Lead in sf: Test Cases/Convert Lead in sf FAILED because (of) Unable to verify text 'Congratulations your Payment' is present  using regular expression (Root cause: Text 'Congratulations your Payment' is not present on page  using regular expression)

2018-03-16 00:05:36 - [TEST_STEP][PASSED] - openBrowser: Browser is opened with url: ''

2018-03-16 00:05:36 - [MESSAGE][WARNING] - A browser is already opened. Closing browser and opening a new one

2018-03-16 00:05:39 - [MESSAGE][PASSED] - Browser is opened with url: ''

2018-03-16 00:05:39 - [TEST_STEP][PASSED] - navigateToUrl: Navigate to 'https://test.salesforce.com/' successfully

2018-03-16 00:05:42 - [MESSAGE][PASSED] - Navigate to 'https://test.salesforce.com/' successfully

2018-03-16 00:05:42 - [TEST_STEP][PASSED] - setText: Text 'Shiosaky@gmail.com' is set on object 'Object Repository/Page_Login  Salesforce/input_username'

2018-03-16 00:05:42 - [MESSAGE][PASSED] - Text 'Shiosaky@gmail.com' is set on object 'Object Repository/Page_Login  Salesforce/input_username'

2018-03-16 00:05:42 - [TEST_STEP][PASSED] - setText: Text 'DS.4285716010*' is set on object 'Object Repository/Page_Login  Salesforce/input_pw'

2018-03-16 00:05:43 - [MESSAGE][PASSED] - Text 'DS.4285716010*' is set on object 'Object Repository/Page_Login  Salesforce/input_pw'

2018-03-16 00:05:43 - [TEST_STEP][PASSED] - click: Object: 'Object Repository/Page_Login  Salesforce/input_Login' is clicked on

2018-03-16 00:05:45 - [MESSAGE][PASSED] - Object: 'Object Repository/Page_Login  Salesforce/input_Login' is clicked on

2018-03-16 00:05:45 - [TEST_STEP][PASSED] - click: Object: 'Object Repository/Page_Salesforce - Performance Editi/a_Leads' is clicked on

2018-03-16 00:05:54 - [MESSAGE][PASSED] - Object: 'Object Repository/Page_Salesforce - Performance Editi/a_Leads' is clicked on

2018-03-16 00:05:54 - [TEST_STEP][PASSED] - setText: Text 'daniel.auto+5@mailinator.com' is set on object 'Object Repository/Page_Leads Home  Salesforce - Perfo/input_str'

2018-03-16 00:05:55 - [MESSAGE][PASSED] - Text 'daniel.auto+5@mailinator.com' is set on object 'Object Repository/Page_Leads Home  Salesforce - Perfo/input_str'

2018-03-16 00:05:55 - [TEST_STEP][PASSED] - click: Object: 'Object Repository/Page_Leads Home  Salesforce - Perfo/input_phSearchButton' is clicked on

2018-03-16 00:05:57 - [MESSAGE][PASSED] - Object: 'Object Repository/Page_Leads Home  Salesforce - Perfo/input_phSearchButton' is clicked on

2018-03-16 00:05:57 - [TEST_STEP][PASSED] - delay: Delayed 5 second(s)

2018-03-16 00:06:02 - [MESSAGE][PASSED] - Delayed 5 second(s)

2018-03-16 00:06:02 - [TEST_STEP][PASSED] - click: Object: 'Object Repository/Page_Search Results  Salesforce - P (1)/a_StudentName' is clicked on

2018-03-16 00:06:04 - [MESSAGE][PASSED] - Object: 'Object Repository/Page_Search Results  Salesforce - P (1)/a_StudentName' is clicked on

2018-03-16 00:06:04 - [TEST_STEP][PASSED] - click: Object: 'Object Repository/Page_Lead Daniel Levelthree  Salesf/input_sales_tool' is clicked on

2018-03-16 00:06:05 - [MESSAGE][PASSED] - Object: 'Object Repository/Page_Lead Daniel Levelthree  Salesf/input_sales_tool' is clicked on

2018-03-16 00:06:05 - [TEST_STEP][PASSED] - click: Object: 'Object Repository/Page_Sales Tool  Salesforce - Perfo/input_j_id0frmConditionscmdOrg' is clicked on

2018-03-16 00:06:08 - [MESSAGE][PASSED] - Object: 'Object Repository/Page_Sales Tool  Salesforce - Perfo/input_j_id0frmConditionscmdOrg' is clicked on

2018-03-16 00:06:08 - [TEST_STEP][PASSED] - click: Object: 'Object Repository/Page_Sales Tool  Salesforce - Perfo/button_SELECT DISCOUNT' is clicked on

2018-03-16 00:06:08 - [MESSAGE][PASSED] - Object: 'Object Repository/Page_Sales Tool  Salesforce - Perfo/button_SELECT DISCOUNT' is clicked on

2018-03-16 00:06:08 - [TEST_STEP][PASSED] - click: Object: 'Object Repository/Page_Sales Tool  Salesforce - Perfo/input_j_id0j_id110j_id111mainF' is clicked on

2018-03-16 00:06:08 - [MESSAGE][PASSED] - Object: 'Object Repository/Page_Sales Tool  Salesforce - Perfo/input_j_id0j_id110j_id111mainF' is clicked on

2018-03-16 00:06:08 - [TEST_STEP][PASSED] - click: Object: 'Object Repository/Page_Sales Tool  Salesforce - Perfo/input_j_id0j_id110j_id111mainF_1' is clicked on

2018-03-16 00:06:11 - [MESSAGE][PASSED] - Object: 'Object Repository/Page_Sales Tool  Salesforce - Perfo/input_j_id0j_id110j_id111mainF_1' is clicked on

2018-03-16 00:06:11 - [TEST_STEP][PASSED] - click: Object: 'Object Repository/Page_Sales Tool  Salesforce - Perfo/input_j_id0j_id110j_id111mainF_2' is clicked on

2018-03-16 00:06:11 - [MESSAGE][PASSED] - Object: 'Object Repository/Page_Sales Tool  Salesforce - Perfo/input_j_id0j_id110j_id111mainF_2' is clicked on

2018-03-16 00:06:11 - [TEST_STEP][PASSED] - delay: Delayed 30 second(s)

2018-03-16 00:06:41 - [MESSAGE][PASSED] - Delayed 30 second(s)

2018-03-16 00:06:41 - [TEST_STEP][PASSED] - switchToFrame: Switched to iframe: 'Object Repository/Page_Sales Tool  Salesforce - Perfo (1)/iframe_immediateCapture_iframe'

2018-03-16 00:06:41 - [TEST_STEP][PASSED] - delay: Delayed 5 second(s)

2018-03-16 00:06:46 - [MESSAGE][PASSED] - Delayed 5 second(s)

2018-03-16 00:06:46 - [TEST_STEP][PASSED] - selectOptionByLabel: All options with label 'Visa' are selected in object 'Object Repository/Page_Sales Tool  Salesforce - Perfo (1)/select_VisaMasterCard' 

2018-03-16 00:06:46 - [MESSAGE][PASSED] - All options with label 'Visa' are selected in object 'Object Repository/Page_Sales Tool  Salesforce - Perfo (1)/select_VisaMasterCard' 

2018-03-16 00:06:46 - [TEST_STEP][PASSED] - setText: Text '4012 8888 8888 1881' is set on object 'Object Repository/Page_Sales Tool  Salesforce - Perfo (1)/input_CardNumber'

2018-03-16 00:06:47 - [MESSAGE][PASSED] - Text '4012 8888 8888 1881' is set on object 'Object Repository/Page_Sales Tool  Salesforce - Perfo (1)/input_CardNumber'

2018-03-16 00:06:47 - [TEST_STEP][PASSED] - setText: Text '10 / 2019' is set on object 'Object Repository/Page_Sales Tool  Salesforce - Perfo (1)/input_CardExpiry'

2018-03-16 00:06:47 - [MESSAGE][PASSED] - Text '10 / 2019' is set on object 'Object Repository/Page_Sales Tool  Salesforce - Perfo (1)/input_CardExpiry'

2018-03-16 00:06:47 - [TEST_STEP][PASSED] - setText: Text 'Approved' is set on object 'Object Repository/Page_Sales Tool  Salesforce - Perfo (1)/input_CardName'

2018-03-16 00:06:47 - [MESSAGE][PASSED] - Text 'Approved' is set on object 'Object Repository/Page_Sales Tool  Salesforce - Perfo (1)/input_CardName'

2018-03-16 00:06:47 - [TEST_STEP][PASSED] - setText: Text '123' is set on object 'Object Repository/Page_Sales Tool  Salesforce - Perfo (1)/input_CardCvv'

2018-03-16 00:06:48 - [MESSAGE][PASSED] - Text '123' is set on object 'Object Repository/Page_Sales Tool  Salesforce - Perfo (1)/input_CardCvv'

2018-03-16 00:06:48 - [TEST_STEP][PASSED] - setText: Text 'Approved' is set on object 'Object Repository/Page_Sales Tool  Salesforce - Perfo (1)/input_contractHolderName'

2018-03-16 00:06:48 - [MESSAGE][PASSED] - Text 'Approved' is set on object 'Object Repository/Page_Sales Tool  Salesforce - Perfo (1)/input_contractHolderName'

2018-03-16 00:06:48 - [TEST_STEP][PASSED] - delay: Delayed 5 second(s)

2018-03-16 00:06:53 - [MESSAGE][PASSED] - Delayed 5 second(s)

2018-03-16 00:06:53 - [TEST_STEP][PASSED] - click: Object: 'Object Repository/Page_Sales Tool  Salesforce - Perfo/label_I accept the terms and w' is clicked on

2018-03-16 00:06:53 - [MESSAGE][PASSED] - Object: 'Object Repository/Page_Sales Tool  Salesforce - Perfo/label_I accept the terms and w' is clicked on

2018-03-16 00:06:53 - [TEST_STEP][PASSED] - click: Object: 'Object Repository/Page_Sales Tool  Salesforce - Perfo/label_Term of the Course I und' is clicked on

2018-03-16 00:06:53 - [MESSAGE][PASSED] - Object: 'Object Repository/Page_Sales Tool  Salesforce - Perfo/label_Term of the Course I und' is clicked on

2018-03-16 00:06:53 - [TEST_STEP][PASSED] - delay: Delayed 5 second(s)

2018-03-16 00:06:58 - [MESSAGE][PASSED] - Delayed 5 second(s)

2018-03-16 00:06:58 - [TEST_STEP][PASSED] - click: Object: 'Object Repository/Page_Sales Tool  Salesforce - Perfo (1)/button_Submit payment' is clicked on

2018-03-16 00:06:58 - [MESSAGE][PASSED] - Object: 'Object Repository/Page_Sales Tool  Salesforce - Perfo (1)/button_Submit payment' is clicked on

2018-03-16 00:06:58 - [TEST_STEP][PASSED] - delay: Delayed 60 second(s)

2018-03-16 00:07:58 - [MESSAGE][PASSED] - Delayed 60 second(s)

2018-03-16 00:07:58 - [TEST_STEP][FAILED] - verifyTextPresent: Unable to verify text 'Congratulations your Payment' is present  using regular expression (Root cause: Text 'Congratulations your Payment' is not present on page  using regular expression)

2018-03-16 00:07:59 - [MESSAGE][FAILED] - Text 'Congratulations your Payment' is not present on page  using regular expression

2018-03-16 00:07:59 - [MESSAGE][FAILED] - Unable to verify text 'Congratulations your Payment' is present  using regular expression (Root cause: Text 'Congratulations your Payment' is not present on page  using regular expression)
[[ATTACHMENT|C:\\Users\\dshiosaky-laptop\\Katalon Studio\\OE_user_Activation\\Reports\\TestSuite\\20180316_000009\\1521173279059.png]]]]></system-out>
         <system-err><![CDATA[2018-03-16 00:05:36 - [TEST_CASE][FAILED] - Test Cases/Convert Lead in sf: Test Cases/Convert Lead in sf FAILED because (of) Unable to verify text 'Congratulations your Payment' is present  using regular expression (Root cause: Text 'Congratulations your Payment' is not present on page  using regular expression)]]></system-err>
      </testcase>
      <testcase name="Test Cases/Convert Lead in sf" classname="Test Cases/Convert Lead in sf" status="FAILED">
         <failure type="FAILED" message="Unable to verify text 'Congratulations your Payment' is present  using regular expression (Root cause: Text 'Congratulations your Payment' is not present on page  using regular expression)"/>
         <system-out><![CDATA[2018-03-16 00:07:59 - [TEST_CASE][FAILED] - Test Cases/Convert Lead in sf: Test Cases/Convert Lead in sf FAILED because (of) Unable to verify text 'Congratulations your Payment' is present  using regular expression (Root cause: Text 'Congratulations your Payment' is not present on page  using regular expression)

2018-03-16 00:07:59 - [TEST_STEP][PASSED] - openBrowser: Browser is opened with url: ''

2018-03-16 00:07:59 - [MESSAGE][WARNING] - A browser is already opened. Closing browser and opening a new one

2018-03-16 00:08:02 - [MESSAGE][PASSED] - Browser is opened with url: ''

2018-03-16 00:08:02 - [TEST_STEP][PASSED] - navigateToUrl: Navigate to 'https://test.salesforce.com/' successfully

2018-03-16 00:08:05 - [MESSAGE][PASSED] - Navigate to 'https://test.salesforce.com/' successfully

2018-03-16 00:08:05 - [TEST_STEP][PASSED] - setText: Text 'Shiosaky@gmail.com' is set on object 'Object Repository/Page_Login  Salesforce/input_username'

2018-03-16 00:08:06 - [MESSAGE][PASSED] - Text 'Shiosaky@gmail.com' is set on object 'Object Repository/Page_Login  Salesforce/input_username'

2018-03-16 00:08:06 - [TEST_STEP][PASSED] - setText: Text 'DS.4285716010*' is set on object 'Object Repository/Page_Login  Salesforce/input_pw'

2018-03-16 00:08:06 - [MESSAGE][PASSED] - Text 'DS.4285716010*' is set on object 'Object Repository/Page_Login  Salesforce/input_pw'

2018-03-16 00:08:06 - [TEST_STEP][PASSED] - click: Object: 'Object Repository/Page_Login  Salesforce/input_Login' is clicked on

2018-03-16 00:08:09 - [MESSAGE][PASSED] - Object: 'Object Repository/Page_Login  Salesforce/input_Login' is clicked on

2018-03-16 00:08:09 - [TEST_STEP][PASSED] - click: Object: 'Object Repository/Page_Salesforce - Performance Editi/a_Leads' is clicked on

2018-03-16 00:08:16 - [MESSAGE][PASSED] - Object: 'Object Repository/Page_Salesforce - Performance Editi/a_Leads' is clicked on

2018-03-16 00:08:16 - [TEST_STEP][PASSED] - setText: Text 'daniel.auto+6@mailinator.com' is set on object 'Object Repository/Page_Leads Home  Salesforce - Perfo/input_str'

2018-03-16 00:08:17 - [MESSAGE][PASSED] - Text 'daniel.auto+6@mailinator.com' is set on object 'Object Repository/Page_Leads Home  Salesforce - Perfo/input_str'

2018-03-16 00:08:17 - [TEST_STEP][PASSED] - click: Object: 'Object Repository/Page_Leads Home  Salesforce - Perfo/input_phSearchButton' is clicked on

2018-03-16 00:08:18 - [MESSAGE][PASSED] - Object: 'Object Repository/Page_Leads Home  Salesforce - Perfo/input_phSearchButton' is clicked on

2018-03-16 00:08:18 - [TEST_STEP][PASSED] - delay: Delayed 5 second(s)

2018-03-16 00:08:23 - [MESSAGE][PASSED] - Delayed 5 second(s)

2018-03-16 00:08:23 - [TEST_STEP][PASSED] - click: Object: 'Object Repository/Page_Search Results  Salesforce - P (1)/a_StudentName' is clicked on

2018-03-16 00:08:25 - [MESSAGE][PASSED] - Object: 'Object Repository/Page_Search Results  Salesforce - P (1)/a_StudentName' is clicked on

2018-03-16 00:08:25 - [TEST_STEP][PASSED] - click: Object: 'Object Repository/Page_Lead Daniel Levelthree  Salesf/input_sales_tool' is clicked on

2018-03-16 00:08:26 - [MESSAGE][PASSED] - Object: 'Object Repository/Page_Lead Daniel Levelthree  Salesf/input_sales_tool' is clicked on

2018-03-16 00:08:26 - [TEST_STEP][PASSED] - click: Object: 'Object Repository/Page_Sales Tool  Salesforce - Perfo/input_j_id0frmConditionscmdOrg' is clicked on

2018-03-16 00:08:30 - [MESSAGE][PASSED] - Object: 'Object Repository/Page_Sales Tool  Salesforce - Perfo/input_j_id0frmConditionscmdOrg' is clicked on

2018-03-16 00:08:30 - [TEST_STEP][PASSED] - click: Object: 'Object Repository/Page_Sales Tool  Salesforce - Perfo/button_SELECT DISCOUNT' is clicked on

2018-03-16 00:08:30 - [MESSAGE][PASSED] - Object: 'Object Repository/Page_Sales Tool  Salesforce - Perfo/button_SELECT DISCOUNT' is clicked on

2018-03-16 00:08:30 - [TEST_STEP][PASSED] - click: Object: 'Object Repository/Page_Sales Tool  Salesforce - Perfo/input_j_id0j_id110j_id111mainF' is clicked on

2018-03-16 00:08:30 - [MESSAGE][PASSED] - Object: 'Object Repository/Page_Sales Tool  Salesforce - Perfo/input_j_id0j_id110j_id111mainF' is clicked on

2018-03-16 00:08:30 - [TEST_STEP][PASSED] - click: Object: 'Object Repository/Page_Sales Tool  Salesforce - Perfo/input_j_id0j_id110j_id111mainF_1' is clicked on

2018-03-16 00:08:32 - [MESSAGE][PASSED] - Object: 'Object Repository/Page_Sales Tool  Salesforce - Perfo/input_j_id0j_id110j_id111mainF_1' is clicked on

2018-03-16 00:08:32 - [TEST_STEP][PASSED] - click: Object: 'Object Repository/Page_Sales Tool  Salesforce - Perfo/input_j_id0j_id110j_id111mainF_2' is clicked on

2018-03-16 00:08:32 - [MESSAGE][PASSED] - Object: 'Object Repository/Page_Sales Tool  Salesforce - Perfo/input_j_id0j_id110j_id111mainF_2' is clicked on

2018-03-16 00:08:32 - [TEST_STEP][PASSED] - delay: Delayed 30 second(s)

2018-03-16 00:09:02 - [MESSAGE][PASSED] - Delayed 30 second(s)

2018-03-16 00:09:02 - [TEST_STEP][PASSED] - switchToFrame: Switched to iframe: 'Object Repository/Page_Sales Tool  Salesforce - Perfo (1)/iframe_immediateCapture_iframe'

2018-03-16 00:09:02 - [TEST_STEP][PASSED] - delay: Delayed 5 second(s)

2018-03-16 00:09:07 - [MESSAGE][PASSED] - Delayed 5 second(s)

2018-03-16 00:09:07 - [TEST_STEP][PASSED] - selectOptionByLabel: All options with label 'Visa' are selected in object 'Object Repository/Page_Sales Tool  Salesforce - Perfo (1)/select_VisaMasterCard' 

2018-03-16 00:09:07 - [MESSAGE][PASSED] - All options with label 'Visa' are selected in object 'Object Repository/Page_Sales Tool  Salesforce - Perfo (1)/select_VisaMasterCard' 

2018-03-16 00:09:07 - [TEST_STEP][PASSED] - setText: Text '4012 8888 8888 1881' is set on object 'Object Repository/Page_Sales Tool  Salesforce - Perfo (1)/input_CardNumber'

2018-03-16 00:09:07 - [MESSAGE][PASSED] - Text '4012 8888 8888 1881' is set on object 'Object Repository/Page_Sales Tool  Salesforce - Perfo (1)/input_CardNumber'

2018-03-16 00:09:07 - [TEST_STEP][PASSED] - setText: Text '10 / 2019' is set on object 'Object Repository/Page_Sales Tool  Salesforce - Perfo (1)/input_CardExpiry'

2018-03-16 00:09:08 - [MESSAGE][PASSED] - Text '10 / 2019' is set on object 'Object Repository/Page_Sales Tool  Salesforce - Perfo (1)/input_CardExpiry'

2018-03-16 00:09:08 - [TEST_STEP][PASSED] - setText: Text 'Approved' is set on object 'Object Repository/Page_Sales Tool  Salesforce - Perfo (1)/input_CardName'

2018-03-16 00:09:08 - [MESSAGE][PASSED] - Text 'Approved' is set on object 'Object Repository/Page_Sales Tool  Salesforce - Perfo (1)/input_CardName'

2018-03-16 00:09:08 - [TEST_STEP][PASSED] - setText: Text '123' is set on object 'Object Repository/Page_Sales Tool  Salesforce - Perfo (1)/input_CardCvv'

2018-03-16 00:09:08 - [MESSAGE][PASSED] - Text '123' is set on object 'Object Repository/Page_Sales Tool  Salesforce - Perfo (1)/input_CardCvv'

2018-03-16 00:09:08 - [TEST_STEP][PASSED] - setText: Text 'Approved' is set on object 'Object Repository/Page_Sales Tool  Salesforce - Perfo (1)/input_contractHolderName'

2018-03-16 00:09:09 - [MESSAGE][PASSED] - Text 'Approved' is set on object 'Object Repository/Page_Sales Tool  Salesforce - Perfo (1)/input_contractHolderName'

2018-03-16 00:09:09 - [TEST_STEP][PASSED] - delay: Delayed 5 second(s)

2018-03-16 00:09:14 - [MESSAGE][PASSED] - Delayed 5 second(s)

2018-03-16 00:09:14 - [TEST_STEP][PASSED] - click: Object: 'Object Repository/Page_Sales Tool  Salesforce - Perfo/label_I accept the terms and w' is clicked on

2018-03-16 00:09:14 - [MESSAGE][PASSED] - Object: 'Object Repository/Page_Sales Tool  Salesforce - Perfo/label_I accept the terms and w' is clicked on

2018-03-16 00:09:14 - [TEST_STEP][PASSED] - click: Object: 'Object Repository/Page_Sales Tool  Salesforce - Perfo/label_Term of the Course I und' is clicked on

2018-03-16 00:09:14 - [MESSAGE][PASSED] - Object: 'Object Repository/Page_Sales Tool  Salesforce - Perfo/label_Term of the Course I und' is clicked on

2018-03-16 00:09:14 - [TEST_STEP][PASSED] - delay: Delayed 5 second(s)

2018-03-16 00:09:19 - [MESSAGE][PASSED] - Delayed 5 second(s)

2018-03-16 00:09:19 - [TEST_STEP][PASSED] - click: Object: 'Object Repository/Page_Sales Tool  Salesforce - Perfo (1)/button_Submit payment' is clicked on

2018-03-16 00:09:19 - [MESSAGE][PASSED] - Object: 'Object Repository/Page_Sales Tool  Salesforce - Perfo (1)/button_Submit payment' is clicked on

2018-03-16 00:09:19 - [TEST_STEP][PASSED] - delay: Delayed 60 second(s)

2018-03-16 00:10:19 - [MESSAGE][PASSED] - Delayed 60 second(s)

2018-03-16 00:10:19 - [TEST_STEP][FAILED] - verifyTextPresent: Unable to verify text 'Congratulations your Payment' is present  using regular expression (Root cause: Text 'Congratulations your Payment' is not present on page  using regular expression)

2018-03-16 00:10:19 - [MESSAGE][FAILED] - Text 'Congratulations your Payment' is not present on page  using regular expression

2018-03-16 00:10:20 - [MESSAGE][FAILED] - Unable to verify text 'Congratulations your Payment' is present  using regular expression (Root cause: Text 'Congratulations your Payment' is not present on page  using regular expression)
[[ATTACHMENT|C:\\Users\\dshiosaky-laptop\\Katalon Studio\\OE_user_Activation\\Reports\\TestSuite\\20180316_000009\\1521173419785.png]]]]></system-out>
         <system-err><![CDATA[2018-03-16 00:07:59 - [TEST_CASE][FAILED] - Test Cases/Convert Lead in sf: Test Cases/Convert Lead in sf FAILED because (of) Unable to verify text 'Congratulations your Payment' is present  using regular expression (Root cause: Text 'Congratulations your Payment' is not present on page  using regular expression)]]></system-err>
      </testcase>
      <testcase name="Test Cases/Convert Lead in sf" classname="Test Cases/Convert Lead in sf" status="FAILED">
         <failure type="FAILED" message="Unable to verify text 'Congratulations your Payment' is present  using regular expression (Root cause: Text 'Congratulations your Payment' is not present on page  using regular expression)"/>
         <system-out><![CDATA[2018-03-16 00:10:20 - [TEST_CASE][FAILED] - Test Cases/Convert Lead in sf: Test Cases/Convert Lead in sf FAILED because (of) Unable to verify text 'Congratulations your Payment' is present  using regular expression (Root cause: Text 'Congratulations your Payment' is not present on page  using regular expression)

2018-03-16 00:10:20 - [TEST_STEP][PASSED] - openBrowser: Browser is opened with url: ''

2018-03-16 00:10:20 - [MESSAGE][WARNING] - A browser is already opened. Closing browser and opening a new one

2018-03-16 00:10:23 - [MESSAGE][PASSED] - Browser is opened with url: ''

2018-03-16 00:10:23 - [TEST_STEP][PASSED] - navigateToUrl: Navigate to 'https://test.salesforce.com/' successfully

2018-03-16 00:10:26 - [MESSAGE][PASSED] - Navigate to 'https://test.salesforce.com/' successfully

2018-03-16 00:10:26 - [TEST_STEP][PASSED] - setText: Text 'Shiosaky@gmail.com' is set on object 'Object Repository/Page_Login  Salesforce/input_username'

2018-03-16 00:10:26 - [MESSAGE][PASSED] - Text 'Shiosaky@gmail.com' is set on object 'Object Repository/Page_Login  Salesforce/input_username'

2018-03-16 00:10:26 - [TEST_STEP][PASSED] - setText: Text 'DS.4285716010*' is set on object 'Object Repository/Page_Login  Salesforce/input_pw'

2018-03-16 00:10:27 - [MESSAGE][PASSED] - Text 'DS.4285716010*' is set on object 'Object Repository/Page_Login  Salesforce/input_pw'

2018-03-16 00:10:27 - [TEST_STEP][PASSED] - click: Object: 'Object Repository/Page_Login  Salesforce/input_Login' is clicked on

2018-03-16 00:10:29 - [MESSAGE][PASSED] - Object: 'Object Repository/Page_Login  Salesforce/input_Login' is clicked on

2018-03-16 00:10:29 - [TEST_STEP][PASSED] - click: Object: 'Object Repository/Page_Salesforce - Performance Editi/a_Leads' is clicked on

2018-03-16 00:10:36 - [MESSAGE][PASSED] - Object: 'Object Repository/Page_Salesforce - Performance Editi/a_Leads' is clicked on

2018-03-16 00:10:36 - [TEST_STEP][PASSED] - setText: Text 'daniel.auto+7@mailinator.com' is set on object 'Object Repository/Page_Leads Home  Salesforce - Perfo/input_str'

2018-03-16 00:10:37 - [MESSAGE][PASSED] - Text 'daniel.auto+7@mailinator.com' is set on object 'Object Repository/Page_Leads Home  Salesforce - Perfo/input_str'

2018-03-16 00:10:37 - [TEST_STEP][PASSED] - click: Object: 'Object Repository/Page_Leads Home  Salesforce - Perfo/input_phSearchButton' is clicked on

2018-03-16 00:10:38 - [MESSAGE][PASSED] - Object: 'Object Repository/Page_Leads Home  Salesforce - Perfo/input_phSearchButton' is clicked on

2018-03-16 00:10:38 - [TEST_STEP][PASSED] - delay: Delayed 5 second(s)

2018-03-16 00:10:43 - [MESSAGE][PASSED] - Delayed 5 second(s)

2018-03-16 00:10:43 - [TEST_STEP][PASSED] - click: Object: 'Object Repository/Page_Search Results  Salesforce - P (1)/a_StudentName' is clicked on

2018-03-16 00:10:47 - [MESSAGE][PASSED] - Object: 'Object Repository/Page_Search Results  Salesforce - P (1)/a_StudentName' is clicked on

2018-03-16 00:10:47 - [TEST_STEP][PASSED] - click: Object: 'Object Repository/Page_Lead Daniel Levelthree  Salesf/input_sales_tool' is clicked on

2018-03-16 00:10:48 - [MESSAGE][PASSED] - Object: 'Object Repository/Page_Lead Daniel Levelthree  Salesf/input_sales_tool' is clicked on

2018-03-16 00:10:48 - [TEST_STEP][PASSED] - click: Object: 'Object Repository/Page_Sales Tool  Salesforce - Perfo/input_j_id0frmConditionscmdOrg' is clicked on

2018-03-16 00:10:51 - [MESSAGE][PASSED] - Object: 'Object Repository/Page_Sales Tool  Salesforce - Perfo/input_j_id0frmConditionscmdOrg' is clicked on

2018-03-16 00:10:51 - [TEST_STEP][PASSED] - click: Object: 'Object Repository/Page_Sales Tool  Salesforce - Perfo/button_SELECT DISCOUNT' is clicked on

2018-03-16 00:10:51 - [MESSAGE][PASSED] - Object: 'Object Repository/Page_Sales Tool  Salesforce - Perfo/button_SELECT DISCOUNT' is clicked on

2018-03-16 00:10:51 - [TEST_STEP][PASSED] - click: Object: 'Object Repository/Page_Sales Tool  Salesforce - Perfo/input_j_id0j_id110j_id111mainF' is clicked on

2018-03-16 00:10:52 - [MESSAGE][PASSED] - Object: 'Object Repository/Page_Sales Tool  Salesforce - Perfo/input_j_id0j_id110j_id111mainF' is clicked on

2018-03-16 00:10:52 - [TEST_STEP][PASSED] - click: Object: 'Object Repository/Page_Sales Tool  Salesforce - Perfo/input_j_id0j_id110j_id111mainF_1' is clicked on

2018-03-16 00:10:53 - [MESSAGE][PASSED] - Object: 'Object Repository/Page_Sales Tool  Salesforce - Perfo/input_j_id0j_id110j_id111mainF_1' is clicked on

2018-03-16 00:10:53 - [TEST_STEP][PASSED] - click: Object: 'Object Repository/Page_Sales Tool  Salesforce - Perfo/input_j_id0j_id110j_id111mainF_2' is clicked on

2018-03-16 00:10:53 - [MESSAGE][PASSED] - Object: 'Object Repository/Page_Sales Tool  Salesforce - Perfo/input_j_id0j_id110j_id111mainF_2' is clicked on

2018-03-16 00:10:53 - [TEST_STEP][PASSED] - delay: Delayed 30 second(s)

2018-03-16 00:11:23 - [MESSAGE][PASSED] - Delayed 30 second(s)

2018-03-16 00:11:23 - [TEST_STEP][PASSED] - switchToFrame: Switched to iframe: 'Object Repository/Page_Sales Tool  Salesforce - Perfo (1)/iframe_immediateCapture_iframe'

2018-03-16 00:11:23 - [TEST_STEP][PASSED] - delay: Delayed 5 second(s)

2018-03-16 00:11:28 - [MESSAGE][PASSED] - Delayed 5 second(s)

2018-03-16 00:11:28 - [TEST_STEP][PASSED] - selectOptionByLabel: All options with label 'Visa' are selected in object 'Object Repository/Page_Sales Tool  Salesforce - Perfo (1)/select_VisaMasterCard' 

2018-03-16 00:11:28 - [MESSAGE][PASSED] - All options with label 'Visa' are selected in object 'Object Repository/Page_Sales Tool  Salesforce - Perfo (1)/select_VisaMasterCard' 

2018-03-16 00:11:28 - [TEST_STEP][PASSED] - setText: Text '4012 8888 8888 1881' is set on object 'Object Repository/Page_Sales Tool  Salesforce - Perfo (1)/input_CardNumber'

2018-03-16 00:11:29 - [MESSAGE][PASSED] - Text '4012 8888 8888 1881' is set on object 'Object Repository/Page_Sales Tool  Salesforce - Perfo (1)/input_CardNumber'

2018-03-16 00:11:29 - [TEST_STEP][PASSED] - setText: Text '10 / 2019' is set on object 'Object Repository/Page_Sales Tool  Salesforce - Perfo (1)/input_CardExpiry'

2018-03-16 00:11:29 - [MESSAGE][PASSED] - Text '10 / 2019' is set on object 'Object Repository/Page_Sales Tool  Salesforce - Perfo (1)/input_CardExpiry'

2018-03-16 00:11:29 - [TEST_STEP][PASSED] - setText: Text 'Approved' is set on object 'Object Repository/Page_Sales Tool  Salesforce - Perfo (1)/input_CardName'

2018-03-16 00:11:29 - [MESSAGE][PASSED] - Text 'Approved' is set on object 'Object Repository/Page_Sales Tool  Salesforce - Perfo (1)/input_CardName'

2018-03-16 00:11:29 - [TEST_STEP][PASSED] - setText: Text '123' is set on object 'Object Repository/Page_Sales Tool  Salesforce - Perfo (1)/input_CardCvv'

2018-03-16 00:11:29 - [MESSAGE][PASSED] - Text '123' is set on object 'Object Repository/Page_Sales Tool  Salesforce - Perfo (1)/input_CardCvv'

2018-03-16 00:11:29 - [TEST_STEP][PASSED] - setText: Text 'Approved' is set on object 'Object Repository/Page_Sales Tool  Salesforce - Perfo (1)/input_contractHolderName'

2018-03-16 00:11:30 - [MESSAGE][PASSED] - Text 'Approved' is set on object 'Object Repository/Page_Sales Tool  Salesforce - Perfo (1)/input_contractHolderName'

2018-03-16 00:11:30 - [TEST_STEP][PASSED] - delay: Delayed 5 second(s)

2018-03-16 00:11:35 - [MESSAGE][PASSED] - Delayed 5 second(s)

2018-03-16 00:11:35 - [TEST_STEP][PASSED] - click: Object: 'Object Repository/Page_Sales Tool  Salesforce - Perfo/label_I accept the terms and w' is clicked on

2018-03-16 00:11:35 - [MESSAGE][PASSED] - Object: 'Object Repository/Page_Sales Tool  Salesforce - Perfo/label_I accept the terms and w' is clicked on

2018-03-16 00:11:35 - [TEST_STEP][PASSED] - click: Object: 'Object Repository/Page_Sales Tool  Salesforce - Perfo/label_Term of the Course I und' is clicked on

2018-03-16 00:11:35 - [MESSAGE][PASSED] - Object: 'Object Repository/Page_Sales Tool  Salesforce - Perfo/label_Term of the Course I und' is clicked on

2018-03-16 00:11:35 - [TEST_STEP][PASSED] - delay: Delayed 5 second(s)

2018-03-16 00:11:40 - [MESSAGE][PASSED] - Delayed 5 second(s)

2018-03-16 00:11:40 - [TEST_STEP][PASSED] - click: Object: 'Object Repository/Page_Sales Tool  Salesforce - Perfo (1)/button_Submit payment' is clicked on

2018-03-16 00:11:40 - [MESSAGE][PASSED] - Object: 'Object Repository/Page_Sales Tool  Salesforce - Perfo (1)/button_Submit payment' is clicked on

2018-03-16 00:11:40 - [TEST_STEP][PASSED] - delay: Delayed 60 second(s)

2018-03-16 00:12:40 - [MESSAGE][PASSED] - Delayed 60 second(s)

2018-03-16 00:12:40 - [TEST_STEP][FAILED] - verifyTextPresent: Unable to verify text 'Congratulations your Payment' is present  using regular expression (Root cause: Text 'Congratulations your Payment' is not present on page  using regular expression)

2018-03-16 00:12:40 - [MESSAGE][FAILED] - Text 'Congratulations your Payment' is not present on page  using regular expression

2018-03-16 00:12:41 - [MESSAGE][FAILED] - Unable to verify text 'Congratulations your Payment' is present  using regular expression (Root cause: Text 'Congratulations your Payment' is not present on page  using regular expression)
[[ATTACHMENT|C:\\Users\\dshiosaky-laptop\\Katalon Studio\\OE_user_Activation\\Reports\\TestSuite\\20180316_000009\\1521173560840.png]]]]></system-out>
         <system-err><![CDATA[2018-03-16 00:10:20 - [TEST_CASE][FAILED] - Test Cases/Convert Lead in sf: Test Cases/Convert Lead in sf FAILED because (of) Unable to verify text 'Congratulations your Payment' is present  using regular expression (Root cause: Text 'Congratulations your Payment' is not present on page  using regular expression)]]></system-err>
      </testcase>
      <testcase name="Test Cases/Convert Lead in sf" classname="Test Cases/Convert Lead in sf" status="FAILED">
         <failure type="FAILED" message="Unable to verify text 'Congratulations your Payment' is present  using regular expression (Root cause: Text 'Congratulations your Payment' is not present on page  using regular expression)"/>
         <system-out><![CDATA[2018-03-16 00:12:41 - [TEST_CASE][FAILED] - Test Cases/Convert Lead in sf: Test Cases/Convert Lead in sf FAILED because (of) Unable to verify text 'Congratulations your Payment' is present  using regular expression (Root cause: Text 'Congratulations your Payment' is not present on page  using regular expression)

2018-03-16 00:12:41 - [TEST_STEP][PASSED] - openBrowser: Browser is opened with url: ''

2018-03-16 00:12:41 - [MESSAGE][WARNING] - A browser is already opened. Closing browser and opening a new one

2018-03-16 00:12:44 - [MESSAGE][PASSED] - Browser is opened with url: ''

2018-03-16 00:12:44 - [TEST_STEP][PASSED] - navigateToUrl: Navigate to 'https://test.salesforce.com/' successfully

2018-03-16 00:12:47 - [MESSAGE][PASSED] - Navigate to 'https://test.salesforce.com/' successfully

2018-03-16 00:12:47 - [TEST_STEP][PASSED] - setText: Text 'Shiosaky@gmail.com' is set on object 'Object Repository/Page_Login  Salesforce/input_username'

2018-03-16 00:12:48 - [MESSAGE][PASSED] - Text 'Shiosaky@gmail.com' is set on object 'Object Repository/Page_Login  Salesforce/input_username'

2018-03-16 00:12:48 - [TEST_STEP][PASSED] - setText: Text 'DS.4285716010*' is set on object 'Object Repository/Page_Login  Salesforce/input_pw'

2018-03-16 00:12:48 - [MESSAGE][PASSED] - Text 'DS.4285716010*' is set on object 'Object Repository/Page_Login  Salesforce/input_pw'

2018-03-16 00:12:48 - [TEST_STEP][PASSED] - click: Object: 'Object Repository/Page_Login  Salesforce/input_Login' is clicked on

2018-03-16 00:12:51 - [MESSAGE][PASSED] - Object: 'Object Repository/Page_Login  Salesforce/input_Login' is clicked on

2018-03-16 00:12:51 - [TEST_STEP][PASSED] - click: Object: 'Object Repository/Page_Salesforce - Performance Editi/a_Leads' is clicked on

2018-03-16 00:12:58 - [MESSAGE][PASSED] - Object: 'Object Repository/Page_Salesforce - Performance Editi/a_Leads' is clicked on

2018-03-16 00:12:58 - [TEST_STEP][PASSED] - setText: Text 'daniel.auto+11@mailinator.com' is set on object 'Object Repository/Page_Leads Home  Salesforce - Perfo/input_str'

2018-03-16 00:12:59 - [MESSAGE][PASSED] - Text 'daniel.auto+11@mailinator.com' is set on object 'Object Repository/Page_Leads Home  Salesforce - Perfo/input_str'

2018-03-16 00:12:59 - [TEST_STEP][PASSED] - click: Object: 'Object Repository/Page_Leads Home  Salesforce - Perfo/input_phSearchButton' is clicked on

2018-03-16 00:13:01 - [MESSAGE][PASSED] - Object: 'Object Repository/Page_Leads Home  Salesforce - Perfo/input_phSearchButton' is clicked on

2018-03-16 00:13:01 - [TEST_STEP][PASSED] - delay: Delayed 5 second(s)

2018-03-16 00:13:06 - [MESSAGE][PASSED] - Delayed 5 second(s)

2018-03-16 00:13:06 - [TEST_STEP][PASSED] - click: Object: 'Object Repository/Page_Search Results  Salesforce - P (1)/a_StudentName' is clicked on

2018-03-16 00:13:09 - [MESSAGE][PASSED] - Object: 'Object Repository/Page_Search Results  Salesforce - P (1)/a_StudentName' is clicked on

2018-03-16 00:13:09 - [TEST_STEP][PASSED] - click: Object: 'Object Repository/Page_Lead Daniel Levelthree  Salesf/input_sales_tool' is clicked on

2018-03-16 00:13:10 - [MESSAGE][PASSED] - Object: 'Object Repository/Page_Lead Daniel Levelthree  Salesf/input_sales_tool' is clicked on

2018-03-16 00:13:10 - [TEST_STEP][PASSED] - click: Object: 'Object Repository/Page_Sales Tool  Salesforce - Perfo/input_j_id0frmConditionscmdOrg' is clicked on

2018-03-16 00:13:12 - [MESSAGE][PASSED] - Object: 'Object Repository/Page_Sales Tool  Salesforce - Perfo/input_j_id0frmConditionscmdOrg' is clicked on

2018-03-16 00:13:12 - [TEST_STEP][PASSED] - click: Object: 'Object Repository/Page_Sales Tool  Salesforce - Perfo/button_SELECT DISCOUNT' is clicked on

2018-03-16 00:13:12 - [MESSAGE][PASSED] - Object: 'Object Repository/Page_Sales Tool  Salesforce - Perfo/button_SELECT DISCOUNT' is clicked on

2018-03-16 00:13:12 - [TEST_STEP][PASSED] - click: Object: 'Object Repository/Page_Sales Tool  Salesforce - Perfo/input_j_id0j_id110j_id111mainF' is clicked on

2018-03-16 00:13:13 - [MESSAGE][PASSED] - Object: 'Object Repository/Page_Sales Tool  Salesforce - Perfo/input_j_id0j_id110j_id111mainF' is clicked on

2018-03-16 00:13:13 - [TEST_STEP][PASSED] - click: Object: 'Object Repository/Page_Sales Tool  Salesforce - Perfo/input_j_id0j_id110j_id111mainF_1' is clicked on

2018-03-16 00:13:14 - [MESSAGE][PASSED] - Object: 'Object Repository/Page_Sales Tool  Salesforce - Perfo/input_j_id0j_id110j_id111mainF_1' is clicked on

2018-03-16 00:13:14 - [TEST_STEP][PASSED] - click: Object: 'Object Repository/Page_Sales Tool  Salesforce - Perfo/input_j_id0j_id110j_id111mainF_2' is clicked on

2018-03-16 00:13:14 - [MESSAGE][PASSED] - Object: 'Object Repository/Page_Sales Tool  Salesforce - Perfo/input_j_id0j_id110j_id111mainF_2' is clicked on

2018-03-16 00:13:14 - [TEST_STEP][PASSED] - delay: Delayed 30 second(s)

2018-03-16 00:13:44 - [MESSAGE][PASSED] - Delayed 30 second(s)

2018-03-16 00:13:44 - [TEST_STEP][PASSED] - switchToFrame: Switched to iframe: 'Object Repository/Page_Sales Tool  Salesforce - Perfo (1)/iframe_immediateCapture_iframe'

2018-03-16 00:13:44 - [TEST_STEP][PASSED] - delay: Delayed 5 second(s)

2018-03-16 00:13:49 - [MESSAGE][PASSED] - Delayed 5 second(s)

2018-03-16 00:13:49 - [TEST_STEP][PASSED] - selectOptionByLabel: All options with label 'Visa' are selected in object 'Object Repository/Page_Sales Tool  Salesforce - Perfo (1)/select_VisaMasterCard' 

2018-03-16 00:13:49 - [MESSAGE][PASSED] - All options with label 'Visa' are selected in object 'Object Repository/Page_Sales Tool  Salesforce - Perfo (1)/select_VisaMasterCard' 

2018-03-16 00:13:49 - [TEST_STEP][PASSED] - setText: Text '4012 8888 8888 1881' is set on object 'Object Repository/Page_Sales Tool  Salesforce - Perfo (1)/input_CardNumber'

2018-03-16 00:13:49 - [MESSAGE][PASSED] - Text '4012 8888 8888 1881' is set on object 'Object Repository/Page_Sales Tool  Salesforce - Perfo (1)/input_CardNumber'

2018-03-16 00:13:49 - [TEST_STEP][PASSED] - setText: Text '10 / 2019' is set on object 'Object Repository/Page_Sales Tool  Salesforce - Perfo (1)/input_CardExpiry'

2018-03-16 00:13:50 - [MESSAGE][PASSED] - Text '10 / 2019' is set on object 'Object Repository/Page_Sales Tool  Salesforce - Perfo (1)/input_CardExpiry'

2018-03-16 00:13:50 - [TEST_STEP][PASSED] - setText: Text 'Approved' is set on object 'Object Repository/Page_Sales Tool  Salesforce - Perfo (1)/input_CardName'

2018-03-16 00:13:50 - [MESSAGE][PASSED] - Text 'Approved' is set on object 'Object Repository/Page_Sales Tool  Salesforce - Perfo (1)/input_CardName'

2018-03-16 00:13:50 - [TEST_STEP][PASSED] - setText: Text '123' is set on object 'Object Repository/Page_Sales Tool  Salesforce - Perfo (1)/input_CardCvv'

2018-03-16 00:13:50 - [MESSAGE][PASSED] - Text '123' is set on object 'Object Repository/Page_Sales Tool  Salesforce - Perfo (1)/input_CardCvv'

2018-03-16 00:13:50 - [TEST_STEP][PASSED] - setText: Text 'Approved' is set on object 'Object Repository/Page_Sales Tool  Salesforce - Perfo (1)/input_contractHolderName'

2018-03-16 00:13:51 - [MESSAGE][PASSED] - Text 'Approved' is set on object 'Object Repository/Page_Sales Tool  Salesforce - Perfo (1)/input_contractHolderName'

2018-03-16 00:13:51 - [TEST_STEP][PASSED] - delay: Delayed 5 second(s)

2018-03-16 00:13:56 - [MESSAGE][PASSED] - Delayed 5 second(s)

2018-03-16 00:13:56 - [TEST_STEP][PASSED] - click: Object: 'Object Repository/Page_Sales Tool  Salesforce - Perfo/label_I accept the terms and w' is clicked on

2018-03-16 00:13:56 - [MESSAGE][PASSED] - Object: 'Object Repository/Page_Sales Tool  Salesforce - Perfo/label_I accept the terms and w' is clicked on

2018-03-16 00:13:56 - [TEST_STEP][PASSED] - click: Object: 'Object Repository/Page_Sales Tool  Salesforce - Perfo/label_Term of the Course I und' is clicked on

2018-03-16 00:13:56 - [MESSAGE][PASSED] - Object: 'Object Repository/Page_Sales Tool  Salesforce - Perfo/label_Term of the Course I und' is clicked on

2018-03-16 00:13:56 - [TEST_STEP][PASSED] - delay: Delayed 5 second(s)

2018-03-16 00:14:01 - [MESSAGE][PASSED] - Delayed 5 second(s)

2018-03-16 00:14:01 - [TEST_STEP][PASSED] - click: Object: 'Object Repository/Page_Sales Tool  Salesforce - Perfo (1)/button_Submit payment' is clicked on

2018-03-16 00:14:01 - [MESSAGE][PASSED] - Object: 'Object Repository/Page_Sales Tool  Salesforce - Perfo (1)/button_Submit payment' is clicked on

2018-03-16 00:14:01 - [TEST_STEP][PASSED] - delay: Delayed 60 second(s)

2018-03-16 00:15:01 - [MESSAGE][PASSED] - Delayed 60 second(s)

2018-03-16 00:15:01 - [TEST_STEP][FAILED] - verifyTextPresent: Unable to verify text 'Congratulations your Payment' is present  using regular expression (Root cause: Text 'Congratulations your Payment' is not present on page  using regular expression)

2018-03-16 00:15:01 - [MESSAGE][FAILED] - Text 'Congratulations your Payment' is not present on page  using regular expression

2018-03-16 00:15:02 - [MESSAGE][FAILED] - Unable to verify text 'Congratulations your Payment' is present  using regular expression (Root cause: Text 'Congratulations your Payment' is not present on page  using regular expression)
[[ATTACHMENT|C:\\Users\\dshiosaky-laptop\\Katalon Studio\\OE_user_Activation\\Reports\\TestSuite\\20180316_000009\\1521173701732.png]]]]></system-out>
         <system-err><![CDATA[2018-03-16 00:12:41 - [TEST_CASE][FAILED] - Test Cases/Convert Lead in sf: Test Cases/Convert Lead in sf FAILED because (of) Unable to verify text 'Congratulations your Payment' is present  using regular expression (Root cause: Text 'Congratulations your Payment' is not present on page  using regular expression)]]></system-err>
      </testcase>
      <system-out><![CDATA[2018-03-16 00:00:11 - [TEST_SUITE][FAILED] - TestSuite: Test Cases/Convert Lead in sf FAILED because (of) Unable to click on object 'Object Repository/Page_Lead Daniel Levelthree  Salesf/input_sales_tool' (Root cause: com.kms.katalon.core.webui.exception.WebElementNotFoundException: Web element with id: 'Object Repository/Page_Lead Daniel Levelthree  Salesf/input_sales_tool' located by 'By.xpath: //input[@name = 'sales_tool' and @title = 'Sales Tool' and @type = 'button']' not found)]]></system-out>
      <system-err><![CDATA[2018-03-16 00:00:11 - [TEST_SUITE][FAILED] - TestSuite: Test Cases/Convert Lead in sf FAILED because (of) Unable to click on object 'Object Repository/Page_Lead Daniel Levelthree  Salesf/input_sales_tool' (Root cause: com.kms.katalon.core.webui.exception.WebElementNotFoundException: Web element with id: 'Object Repository/Page_Lead Daniel Levelthree  Salesf/input_sales_tool' located by 'By.xpath: //input[@name = 'sales_tool' and @title = 'Sales Tool' and @type = 'button']' not found)]]></system-err>
   </testsuite>
</testsuites>
