<?xml version="1.0" encoding="UTF-8"?>
<testsuites name="TestSuite" time="538" tests="0" failures="8" errors="0">
   <testsuite name="TestSuite" tests="0" failures="8" errors="0" time="538" timestamp="2018-03-15 23:46:20" hostname="dshiosaky-laptop - 10.2.0.220" id="Test Suites/TestSuite">
      <properties>
         <property name="deviceName" value=""/>
         <property name="devicePlatform" value=""/>
         <property name="logFolder" value="C:\\Users\\dshiosaky-laptop\\Katalon Studio\\OE_user_Activation\\Reports\\TestSuite\\20180315_234617"/>
         <property name="logFiles" value="C:\\Users\\dshiosaky-laptop\\Katalon Studio\\OE_user_Activation\\Reports\\TestSuite\\20180315_234617\\execution0.log"/>
         <property name="attachments" value="C:\\Users\\dshiosaky-laptop\\Katalon Studio\\OE_user_Activation\\Reports\\TestSuite\\20180315_234617\\1521172040114.png, C:\\Users\\dshiosaky-laptop\\Katalon Studio\\OE_user_Activation\\Reports\\TestSuite\\20180315_234617\\1521172108038.png, C:\\Users\\dshiosaky-laptop\\Katalon Studio\\OE_user_Activation\\Reports\\TestSuite\\20180315_234617\\1521172181079.png, C:\\Users\\dshiosaky-laptop\\Katalon Studio\\OE_user_Activation\\Reports\\TestSuite\\20180315_234617\\1521172245842.png, C:\\Users\\dshiosaky-laptop\\Katalon Studio\\OE_user_Activation\\Reports\\TestSuite\\20180315_234617\\1521172317909.png, C:\\Users\\dshiosaky-laptop\\Katalon Studio\\OE_user_Activation\\Reports\\TestSuite\\20180315_234617\\1521172384398.png, C:\\Users\\dshiosaky-laptop\\Katalon Studio\\OE_user_Activation\\Reports\\TestSuite\\20180315_234617\\1521172450562.png, C:\\Users\\dshiosaky-laptop\\Katalon Studio\\OE_user_Activation\\Reports\\TestSuite\\20180315_234617\\1521172517595.png"/>
         <property name="hostName" value="dshiosaky-laptop - 10.2.0.220"/>
         <property name="os" value="Windows 10 64bit"/>
         <property name="katalonVersion" value="5.3.1.1"/>
         <property name="browser" value="Chrome 64.0.3282.186"/>
         <property name="hostAddress" value="10.2.0.220"/>
         <property name="sessionId" value="512134341906bca92e88b104459aff02"/>
         <property name="seleniumVersion" value="3.7.1"/>
         <property name="proxyInformation" value="ProxyInformation{proxyOption=NO_PROXY, proxyServerType=HTTP, password=, proxyServerAddress=, proxyServerPort=0}"/>
         <property name="platform" value="Windows 10"/>
      </properties>
      <testcase name="Test Cases/Convert Lead in sf" classname="Test Cases/Convert Lead in sf" status="FAILED">
         <failure type="FAILED" message="Unable to click on object 'Object Repository/Page_Lead Daniel Levelthree  Salesf/input_sales_tool' (Root cause: com.kms.katalon.core.webui.exception.WebElementNotFoundException: Web element with id: 'Object Repository/Page_Lead Daniel Levelthree  Salesf/input_sales_tool' located by 'By.xpath: //input[@name = 'sales_tool' and @title = 'Sales Tool' and @type = 'button']' not found)"/>
         <system-out><![CDATA[2018-03-15 23:46:21 - [TEST_CASE][FAILED] - Test Cases/Convert Lead in sf: Test Cases/Convert Lead in sf FAILED because (of) Unable to click on object 'Object Repository/Page_Lead Daniel Levelthree  Salesf/input_sales_tool' (Root cause: com.kms.katalon.core.webui.exception.WebElementNotFoundException: Web element with id: 'Object Repository/Page_Lead Daniel Levelthree  Salesf/input_sales_tool' located by 'By.xpath: //input[@name = 'sales_tool' and @title = 'Sales Tool' and @type = 'button']' not found)

2018-03-15 23:46:21 - [TEST_STEP][PASSED] - openBrowser: Browser is opened with url: ''

2018-03-15 23:46:25 - [MESSAGE][PASSED] - Browser is opened with url: ''

2018-03-15 23:46:25 - [TEST_STEP][PASSED] - navigateToUrl: Navigate to 'https://test.salesforce.com/' successfully

2018-03-15 23:46:28 - [MESSAGE][PASSED] - Navigate to 'https://test.salesforce.com/' successfully

2018-03-15 23:46:28 - [TEST_STEP][PASSED] - setText: Text 'Shiosaky@gmail.com' is set on object 'Object Repository/Page_Login  Salesforce/input_username'

2018-03-15 23:46:29 - [MESSAGE][PASSED] - Text 'Shiosaky@gmail.com' is set on object 'Object Repository/Page_Login  Salesforce/input_username'

2018-03-15 23:46:29 - [TEST_STEP][PASSED] - setText: Text 'DS.4285716010*' is set on object 'Object Repository/Page_Login  Salesforce/input_pw'

2018-03-15 23:46:30 - [MESSAGE][PASSED] - Text 'DS.4285716010*' is set on object 'Object Repository/Page_Login  Salesforce/input_pw'

2018-03-15 23:46:30 - [TEST_STEP][PASSED] - click: Object: 'Object Repository/Page_Login  Salesforce/input_Login' is clicked on

2018-03-15 23:46:32 - [MESSAGE][PASSED] - Object: 'Object Repository/Page_Login  Salesforce/input_Login' is clicked on

2018-03-15 23:46:32 - [TEST_STEP][PASSED] - click: Object: 'Object Repository/Page_Salesforce - Performance Editi/a_Leads' is clicked on

2018-03-15 23:46:39 - [MESSAGE][PASSED] - Object: 'Object Repository/Page_Salesforce - Performance Editi/a_Leads' is clicked on

2018-03-15 23:46:39 - [TEST_STEP][PASSED] - setText: Text 'daniel.oe+1@mailinator.com' is set on object 'Object Repository/Page_Leads Home  Salesforce - Perfo/input_str'

2018-03-15 23:46:40 - [MESSAGE][PASSED] - Text 'daniel.oe+1@mailinator.com' is set on object 'Object Repository/Page_Leads Home  Salesforce - Perfo/input_str'

2018-03-15 23:46:40 - [TEST_STEP][PASSED] - click: Object: 'Object Repository/Page_Leads Home  Salesforce - Perfo/input_phSearchButton' is clicked on

2018-03-15 23:46:42 - [MESSAGE][PASSED] - Object: 'Object Repository/Page_Leads Home  Salesforce - Perfo/input_phSearchButton' is clicked on

2018-03-15 23:46:42 - [TEST_STEP][PASSED] - delay: Delayed 5 second(s)

2018-03-15 23:46:47 - [MESSAGE][PASSED] - Delayed 5 second(s)

2018-03-15 23:46:47 - [TEST_STEP][PASSED] - click: Object: 'Object Repository/Page_Search Results  Salesforce - P (1)/a_StudentName' is clicked on

2018-03-15 23:46:49 - [MESSAGE][PASSED] - Object: 'Object Repository/Page_Search Results  Salesforce - P (1)/a_StudentName' is clicked on

2018-03-15 23:46:49 - [TEST_STEP][FAILED] - click: Unable to click on object 'Object Repository/Page_Lead Daniel Levelthree  Salesf/input_sales_tool' (Root cause: com.kms.katalon.core.webui.exception.WebElementNotFoundException: Web element with id: 'Object Repository/Page_Lead Daniel Levelthree  Salesf/input_sales_tool' located by 'By.xpath: //input[@name = 'sales_tool' and @title = 'Sales Tool' and @type = 'button']' not found)

2018-03-15 23:47:20 - [MESSAGE][FAILED] - Unable to click on object 'Object Repository/Page_Lead Daniel Levelthree  Salesf/input_sales_tool' (Root cause: com.kms.katalon.core.webui.exception.WebElementNotFoundException: Web element with id: 'Object Repository/Page_Lead Daniel Levelthree  Salesf/input_sales_tool' located by 'By.xpath: //input[@name = 'sales_tool' and @title = 'Sales Tool' and @type = 'button']' not found)
[[ATTACHMENT|C:\\Users\\dshiosaky-laptop\\Katalon Studio\\OE_user_Activation\\Reports\\TestSuite\\20180315_234617\\1521172040114.png]]]]></system-out>
         <system-err><![CDATA[2018-03-15 23:46:21 - [TEST_CASE][FAILED] - Test Cases/Convert Lead in sf: Test Cases/Convert Lead in sf FAILED because (of) Unable to click on object 'Object Repository/Page_Lead Daniel Levelthree  Salesf/input_sales_tool' (Root cause: com.kms.katalon.core.webui.exception.WebElementNotFoundException: Web element with id: 'Object Repository/Page_Lead Daniel Levelthree  Salesf/input_sales_tool' located by 'By.xpath: //input[@name = 'sales_tool' and @title = 'Sales Tool' and @type = 'button']' not found)]]></system-err>
      </testcase>
      <testcase name="Test Cases/Convert Lead in sf" classname="Test Cases/Convert Lead in sf" status="FAILED">
         <failure type="FAILED" message="Unable to select option by label 'Visa' of object 'Object Repository/Page_Sales Tool  Salesforce - Perfo (1)/select_VisaMasterCard'  (Root cause: org.openqa.selenium.ElementNotVisibleException: element not visible: Element is not currently visible and may not be manipulated
  (Session info: chrome=64.0.3282.186)
  (Driver info: chromedriver=2.35.528161 (5b82f2d2aae0ca24b877009200ced9065a772e73),platform=Windows NT 10.0.16299 x86_64) (WARNING: The server did not provide any stacktrace information)
Command duration or timeout: 0 milliseconds
Build info: version: '3.7.1', revision: '8a0099a', time: '2017-11-06T21:07:36.161Z'
System info: host: 'DSHIOSAKY-LAPTO', ip: '10.2.0.220', os.name: 'Windows 10', os.arch: 'amd64', os.version: '10.0', java.version: '1.8.0_102'
Driver info: com.kms.katalon.selenium.driver.CChromeDriver
Capabilities {acceptInsecureCerts: false, acceptSslCerts: false, applicationCacheEnabled: false, browserConnectionEnabled: false, browserName: chrome, chrome: {chromedriverVersion: 2.35.528161 (5b82f2d2aae0ca..., userDataDir: C:\Users\DSHIOS~1\AppData\L...}, cssSelectorsEnabled: true, databaseEnabled: false, handlesAlerts: true, hasTouchScreen: false, javascriptEnabled: true, locationContextEnabled: true, mobileEmulationEnabled: false, nativeEvents: true, networkConnectionEnabled: false, pageLoadStrategy: normal, platform: XP, platformName: XP, rotatable: false, setWindowRect: true, takesHeapSnapshot: true, takesScreenshot: true, unexpectedAlertBehaviour: , unhandledPromptBehavior: , version: 64.0.3282.186, webStorageEnabled: true}
Session ID: 98abb89ba57c2a40918b000f361eb7dc)"/>
         <system-out><![CDATA[2018-03-15 23:47:20 - [TEST_CASE][FAILED] - Test Cases/Convert Lead in sf: Test Cases/Convert Lead in sf FAILED because (of) Unable to select option by label 'Visa' of object 'Object Repository/Page_Sales Tool  Salesforce - Perfo (1)/select_VisaMasterCard'  (Root cause: org.openqa.selenium.ElementNotVisibleException: element not visible: Element is not currently visible and may not be manipulated
  (Session info: chrome=64.0.3282.186)
  (Driver info: chromedriver=2.35.528161 (5b82f2d2aae0ca24b877009200ced9065a772e73),platform=Windows NT 10.0.16299 x86_64) (WARNING: The server did not provide any stacktrace information)
Command duration or timeout: 0 milliseconds
Build info: version: '3.7.1', revision: '8a0099a', time: '2017-11-06T21:07:36.161Z'
System info: host: 'DSHIOSAKY-LAPTO', ip: '10.2.0.220', os.name: 'Windows 10', os.arch: 'amd64', os.version: '10.0', java.version: '1.8.0_102'
Driver info: com.kms.katalon.selenium.driver.CChromeDriver
Capabilities {acceptInsecureCerts: false, acceptSslCerts: false, applicationCacheEnabled: false, browserConnectionEnabled: false, browserName: chrome, chrome: {chromedriverVersion: 2.35.528161 (5b82f2d2aae0ca..., userDataDir: C:\Users\DSHIOS~1\AppData\L...}, cssSelectorsEnabled: true, databaseEnabled: false, handlesAlerts: true, hasTouchScreen: false, javascriptEnabled: true, locationContextEnabled: true, mobileEmulationEnabled: false, nativeEvents: true, networkConnectionEnabled: false, pageLoadStrategy: normal, platform: XP, platformName: XP, rotatable: false, setWindowRect: true, takesHeapSnapshot: true, takesScreenshot: true, unexpectedAlertBehaviour: , unhandledPromptBehavior: , version: 64.0.3282.186, webStorageEnabled: true}
Session ID: 98abb89ba57c2a40918b000f361eb7dc)

2018-03-15 23:47:20 - [TEST_STEP][PASSED] - openBrowser: Browser is opened with url: ''

2018-03-15 23:47:20 - [MESSAGE][WARNING] - A browser is already opened. Closing browser and opening a new one

2018-03-15 23:47:23 - [MESSAGE][PASSED] - Browser is opened with url: ''

2018-03-15 23:47:23 - [TEST_STEP][PASSED] - navigateToUrl: Navigate to 'https://test.salesforce.com/' successfully

2018-03-15 23:47:26 - [MESSAGE][PASSED] - Navigate to 'https://test.salesforce.com/' successfully

2018-03-15 23:47:26 - [TEST_STEP][PASSED] - setText: Text 'Shiosaky@gmail.com' is set on object 'Object Repository/Page_Login  Salesforce/input_username'

2018-03-15 23:47:27 - [MESSAGE][PASSED] - Text 'Shiosaky@gmail.com' is set on object 'Object Repository/Page_Login  Salesforce/input_username'

2018-03-15 23:47:27 - [TEST_STEP][PASSED] - setText: Text 'DS.4285716010*' is set on object 'Object Repository/Page_Login  Salesforce/input_pw'

2018-03-15 23:47:27 - [MESSAGE][PASSED] - Text 'DS.4285716010*' is set on object 'Object Repository/Page_Login  Salesforce/input_pw'

2018-03-15 23:47:27 - [TEST_STEP][PASSED] - click: Object: 'Object Repository/Page_Login  Salesforce/input_Login' is clicked on

2018-03-15 23:47:30 - [MESSAGE][PASSED] - Object: 'Object Repository/Page_Login  Salesforce/input_Login' is clicked on

2018-03-15 23:47:30 - [TEST_STEP][PASSED] - click: Object: 'Object Repository/Page_Salesforce - Performance Editi/a_Leads' is clicked on

2018-03-15 23:47:36 - [MESSAGE][PASSED] - Object: 'Object Repository/Page_Salesforce - Performance Editi/a_Leads' is clicked on

2018-03-15 23:47:36 - [TEST_STEP][PASSED] - setText: Text 'daniel.oe+4@mailinator.com' is set on object 'Object Repository/Page_Leads Home  Salesforce - Perfo/input_str'

2018-03-15 23:47:37 - [MESSAGE][PASSED] - Text 'daniel.oe+4@mailinator.com' is set on object 'Object Repository/Page_Leads Home  Salesforce - Perfo/input_str'

2018-03-15 23:47:37 - [TEST_STEP][PASSED] - click: Object: 'Object Repository/Page_Leads Home  Salesforce - Perfo/input_phSearchButton' is clicked on

2018-03-15 23:47:38 - [MESSAGE][PASSED] - Object: 'Object Repository/Page_Leads Home  Salesforce - Perfo/input_phSearchButton' is clicked on

2018-03-15 23:47:38 - [TEST_STEP][PASSED] - delay: Delayed 5 second(s)

2018-03-15 23:47:43 - [MESSAGE][PASSED] - Delayed 5 second(s)

2018-03-15 23:47:43 - [TEST_STEP][PASSED] - click: Object: 'Object Repository/Page_Search Results  Salesforce - P (1)/a_StudentName' is clicked on

2018-03-15 23:47:45 - [MESSAGE][PASSED] - Object: 'Object Repository/Page_Search Results  Salesforce - P (1)/a_StudentName' is clicked on

2018-03-15 23:47:45 - [TEST_STEP][PASSED] - click: Object: 'Object Repository/Page_Lead Daniel Levelthree  Salesf/input_sales_tool' is clicked on

2018-03-15 23:47:49 - [MESSAGE][PASSED] - Object: 'Object Repository/Page_Lead Daniel Levelthree  Salesf/input_sales_tool' is clicked on

2018-03-15 23:47:49 - [TEST_STEP][PASSED] - click: Object: 'Object Repository/Page_Sales Tool  Salesforce - Perfo/input_j_id0frmConditionscmdOrg' is clicked on

2018-03-15 23:47:50 - [MESSAGE][PASSED] - Object: 'Object Repository/Page_Sales Tool  Salesforce - Perfo/input_j_id0frmConditionscmdOrg' is clicked on

2018-03-15 23:47:50 - [TEST_STEP][PASSED] - click: Object: 'Object Repository/Page_Sales Tool  Salesforce - Perfo/button_SELECT DISCOUNT' is clicked on

2018-03-15 23:47:50 - [MESSAGE][PASSED] - Object: 'Object Repository/Page_Sales Tool  Salesforce - Perfo/button_SELECT DISCOUNT' is clicked on

2018-03-15 23:47:50 - [TEST_STEP][PASSED] - click: Object: 'Object Repository/Page_Sales Tool  Salesforce - Perfo/input_j_id0j_id110j_id111mainF' is clicked on

2018-03-15 23:47:51 - [MESSAGE][PASSED] - Object: 'Object Repository/Page_Sales Tool  Salesforce - Perfo/input_j_id0j_id110j_id111mainF' is clicked on

2018-03-15 23:47:51 - [TEST_STEP][PASSED] - click: Object: 'Object Repository/Page_Sales Tool  Salesforce - Perfo/input_j_id0j_id110j_id111mainF_1' is clicked on

2018-03-15 23:47:52 - [MESSAGE][PASSED] - Object: 'Object Repository/Page_Sales Tool  Salesforce - Perfo/input_j_id0j_id110j_id111mainF_1' is clicked on

2018-03-15 23:47:52 - [TEST_STEP][PASSED] - click: Object: 'Object Repository/Page_Sales Tool  Salesforce - Perfo/input_j_id0j_id110j_id111mainF_2' is clicked on

2018-03-15 23:47:52 - [MESSAGE][PASSED] - Object: 'Object Repository/Page_Sales Tool  Salesforce - Perfo/input_j_id0j_id110j_id111mainF_2' is clicked on

2018-03-15 23:47:52 - [TEST_STEP][PASSED] - delay: Delayed 30 second(s)

2018-03-15 23:48:22 - [MESSAGE][PASSED] - Delayed 30 second(s)

2018-03-15 23:48:22 - [TEST_STEP][PASSED] - switchToFrame: Switched to iframe: 'Object Repository/Page_Sales Tool  Salesforce - Perfo (1)/iframe_immediateCapture_iframe'

2018-03-15 23:48:22 - [TEST_STEP][PASSED] - delay: Delayed 5 second(s)

2018-03-15 23:48:27 - [MESSAGE][PASSED] - Delayed 5 second(s)

2018-03-15 23:48:27 - [TEST_STEP][FAILED] - selectOptionByLabel: Unable to select option by label 'Visa' of object 'Object Repository/Page_Sales Tool  Salesforce - Perfo (1)/select_VisaMasterCard'  (Root cause: org.openqa.selenium.ElementNotVisibleException: element not visible: Element is not currently visible and may not be manipulated
  (Session info: chrome=64.0.3282.186)
  (Driver info: chromedriver=2.35.528161 (5b82f2d2aae0ca24b877009200ced9065a772e73),platform=Windows NT 10.0.16299 x86_64) (WARNING: The server did not provide any stacktrace information)
Command duration or timeout: 0 milliseconds
Build info: version: '3.7.1', revision: '8a0099a', time: '2017-11-06T21:07:36.161Z'
System info: host: 'DSHIOSAKY-LAPTO', ip: '10.2.0.220', os.name: 'Windows 10', os.arch: 'amd64', os.version: '10.0', java.version: '1.8.0_102'
Driver info: com.kms.katalon.selenium.driver.CChromeDriver
Capabilities {acceptInsecureCerts: false, acceptSslCerts: false, applicationCacheEnabled: false, browserConnectionEnabled: false, browserName: chrome, chrome: {chromedriverVersion: 2.35.528161 (5b82f2d2aae0ca..., userDataDir: C:\Users\DSHIOS~1\AppData\L...}, cssSelectorsEnabled: true, databaseEnabled: false, handlesAlerts: true, hasTouchScreen: false, javascriptEnabled: true, locationContextEnabled: true, mobileEmulationEnabled: false, nativeEvents: true, networkConnectionEnabled: false, pageLoadStrategy: normal, platform: XP, platformName: XP, rotatable: false, setWindowRect: true, takesHeapSnapshot: true, takesScreenshot: true, unexpectedAlertBehaviour: , unhandledPromptBehavior: , version: 64.0.3282.186, webStorageEnabled: true}
Session ID: 98abb89ba57c2a40918b000f361eb7dc)

2018-03-15 23:48:28 - [MESSAGE][FAILED] - Unable to select option by label 'Visa' of object 'Object Repository/Page_Sales Tool  Salesforce - Perfo (1)/select_VisaMasterCard'  (Root cause: org.openqa.selenium.ElementNotVisibleException: element not visible: Element is not currently visible and may not be manipulated
  (Session info: chrome=64.0.3282.186)
  (Driver info: chromedriver=2.35.528161 (5b82f2d2aae0ca24b877009200ced9065a772e73),platform=Windows NT 10.0.16299 x86_64) (WARNING: The server did not provide any stacktrace information)
Command duration or timeout: 0 milliseconds
Build info: version: '3.7.1', revision: '8a0099a', time: '2017-11-06T21:07:36.161Z'
System info: host: 'DSHIOSAKY-LAPTO', ip: '10.2.0.220', os.name: 'Windows 10', os.arch: 'amd64', os.version: '10.0', java.version: '1.8.0_102'
Driver info: com.kms.katalon.selenium.driver.CChromeDriver
Capabilities {acceptInsecureCerts: false, acceptSslCerts: false, applicationCacheEnabled: false, browserConnectionEnabled: false, browserName: chrome, chrome: {chromedriverVersion: 2.35.528161 (5b82f2d2aae0ca..., userDataDir: C:\Users\DSHIOS~1\AppData\L...}, cssSelectorsEnabled: true, databaseEnabled: false, handlesAlerts: true, hasTouchScreen: false, javascriptEnabled: true, locationContextEnabled: true, mobileEmulationEnabled: false, nativeEvents: true, networkConnectionEnabled: false, pageLoadStrategy: normal, platform: XP, platformName: XP, rotatable: false, setWindowRect: true, takesHeapSnapshot: true, takesScreenshot: true, unexpectedAlertBehaviour: , unhandledPromptBehavior: , version: 64.0.3282.186, webStorageEnabled: true}
Session ID: 98abb89ba57c2a40918b000f361eb7dc)
[[ATTACHMENT|C:\\Users\\dshiosaky-laptop\\Katalon Studio\\OE_user_Activation\\Reports\\TestSuite\\20180315_234617\\1521172108038.png]]]]></system-out>
         <system-err><![CDATA[2018-03-15 23:47:20 - [TEST_CASE][FAILED] - Test Cases/Convert Lead in sf: Test Cases/Convert Lead in sf FAILED because (of) Unable to select option by label 'Visa' of object 'Object Repository/Page_Sales Tool  Salesforce - Perfo (1)/select_VisaMasterCard'  (Root cause: org.openqa.selenium.ElementNotVisibleException: element not visible: Element is not currently visible and may not be manipulated
  (Session info: chrome=64.0.3282.186)
  (Driver info: chromedriver=2.35.528161 (5b82f2d2aae0ca24b877009200ced9065a772e73),platform=Windows NT 10.0.16299 x86_64) (WARNING: The server did not provide any stacktrace information)
Command duration or timeout: 0 milliseconds
Build info: version: '3.7.1', revision: '8a0099a', time: '2017-11-06T21:07:36.161Z'
System info: host: 'DSHIOSAKY-LAPTO', ip: '10.2.0.220', os.name: 'Windows 10', os.arch: 'amd64', os.version: '10.0', java.version: '1.8.0_102'
Driver info: com.kms.katalon.selenium.driver.CChromeDriver
Capabilities {acceptInsecureCerts: false, acceptSslCerts: false, applicationCacheEnabled: false, browserConnectionEnabled: false, browserName: chrome, chrome: {chromedriverVersion: 2.35.528161 (5b82f2d2aae0ca..., userDataDir: C:\Users\DSHIOS~1\AppData\L...}, cssSelectorsEnabled: true, databaseEnabled: false, handlesAlerts: true, hasTouchScreen: false, javascriptEnabled: true, locationContextEnabled: true, mobileEmulationEnabled: false, nativeEvents: true, networkConnectionEnabled: false, pageLoadStrategy: normal, platform: XP, platformName: XP, rotatable: false, setWindowRect: true, takesHeapSnapshot: true, takesScreenshot: true, unexpectedAlertBehaviour: , unhandledPromptBehavior: , version: 64.0.3282.186, webStorageEnabled: true}
Session ID: 98abb89ba57c2a40918b000f361eb7dc)]]></system-err>
      </testcase>
      <testcase name="Test Cases/Convert Lead in sf" classname="Test Cases/Convert Lead in sf" status="FAILED">
         <failure type="FAILED" message="Unable to select option by label 'Visa' of object 'Object Repository/Page_Sales Tool  Salesforce - Perfo (1)/select_VisaMasterCard'  (Root cause: org.openqa.selenium.ElementNotVisibleException: element not visible: Element is not currently visible and may not be manipulated
  (Session info: chrome=64.0.3282.186)
  (Driver info: chromedriver=2.35.528161 (5b82f2d2aae0ca24b877009200ced9065a772e73),platform=Windows NT 10.0.16299 x86_64) (WARNING: The server did not provide any stacktrace information)
Command duration or timeout: 0 milliseconds
Build info: version: '3.7.1', revision: '8a0099a', time: '2017-11-06T21:07:36.161Z'
System info: host: 'DSHIOSAKY-LAPTO', ip: '10.2.0.220', os.name: 'Windows 10', os.arch: 'amd64', os.version: '10.0', java.version: '1.8.0_102'
Driver info: com.kms.katalon.selenium.driver.CChromeDriver
Capabilities {acceptInsecureCerts: false, acceptSslCerts: false, applicationCacheEnabled: false, browserConnectionEnabled: false, browserName: chrome, chrome: {chromedriverVersion: 2.35.528161 (5b82f2d2aae0ca..., userDataDir: C:\Users\DSHIOS~1\AppData\L...}, cssSelectorsEnabled: true, databaseEnabled: false, handlesAlerts: true, hasTouchScreen: false, javascriptEnabled: true, locationContextEnabled: true, mobileEmulationEnabled: false, nativeEvents: true, networkConnectionEnabled: false, pageLoadStrategy: normal, platform: XP, platformName: XP, rotatable: false, setWindowRect: true, takesHeapSnapshot: true, takesScreenshot: true, unexpectedAlertBehaviour: , unhandledPromptBehavior: , version: 64.0.3282.186, webStorageEnabled: true}
Session ID: 31f61778fefab9e4ce818337ae767865)"/>
         <system-out><![CDATA[2018-03-15 23:48:28 - [TEST_CASE][FAILED] - Test Cases/Convert Lead in sf: Test Cases/Convert Lead in sf FAILED because (of) Unable to select option by label 'Visa' of object 'Object Repository/Page_Sales Tool  Salesforce - Perfo (1)/select_VisaMasterCard'  (Root cause: org.openqa.selenium.ElementNotVisibleException: element not visible: Element is not currently visible and may not be manipulated
  (Session info: chrome=64.0.3282.186)
  (Driver info: chromedriver=2.35.528161 (5b82f2d2aae0ca24b877009200ced9065a772e73),platform=Windows NT 10.0.16299 x86_64) (WARNING: The server did not provide any stacktrace information)
Command duration or timeout: 0 milliseconds
Build info: version: '3.7.1', revision: '8a0099a', time: '2017-11-06T21:07:36.161Z'
System info: host: 'DSHIOSAKY-LAPTO', ip: '10.2.0.220', os.name: 'Windows 10', os.arch: 'amd64', os.version: '10.0', java.version: '1.8.0_102'
Driver info: com.kms.katalon.selenium.driver.CChromeDriver
Capabilities {acceptInsecureCerts: false, acceptSslCerts: false, applicationCacheEnabled: false, browserConnectionEnabled: false, browserName: chrome, chrome: {chromedriverVersion: 2.35.528161 (5b82f2d2aae0ca..., userDataDir: C:\Users\DSHIOS~1\AppData\L...}, cssSelectorsEnabled: true, databaseEnabled: false, handlesAlerts: true, hasTouchScreen: false, javascriptEnabled: true, locationContextEnabled: true, mobileEmulationEnabled: false, nativeEvents: true, networkConnectionEnabled: false, pageLoadStrategy: normal, platform: XP, platformName: XP, rotatable: false, setWindowRect: true, takesHeapSnapshot: true, takesScreenshot: true, unexpectedAlertBehaviour: , unhandledPromptBehavior: , version: 64.0.3282.186, webStorageEnabled: true}
Session ID: 31f61778fefab9e4ce818337ae767865)

2018-03-15 23:48:28 - [TEST_STEP][PASSED] - openBrowser: Browser is opened with url: ''

2018-03-15 23:48:28 - [MESSAGE][WARNING] - A browser is already opened. Closing browser and opening a new one

2018-03-15 23:48:31 - [MESSAGE][PASSED] - Browser is opened with url: ''

2018-03-15 23:48:31 - [TEST_STEP][PASSED] - navigateToUrl: Navigate to 'https://test.salesforce.com/' successfully

2018-03-15 23:48:34 - [MESSAGE][PASSED] - Navigate to 'https://test.salesforce.com/' successfully

2018-03-15 23:48:34 - [TEST_STEP][PASSED] - setText: Text 'Shiosaky@gmail.com' is set on object 'Object Repository/Page_Login  Salesforce/input_username'

2018-03-15 23:48:34 - [MESSAGE][PASSED] - Text 'Shiosaky@gmail.com' is set on object 'Object Repository/Page_Login  Salesforce/input_username'

2018-03-15 23:48:34 - [TEST_STEP][PASSED] - setText: Text 'DS.4285716010*' is set on object 'Object Repository/Page_Login  Salesforce/input_pw'

2018-03-15 23:48:34 - [MESSAGE][PASSED] - Text 'DS.4285716010*' is set on object 'Object Repository/Page_Login  Salesforce/input_pw'

2018-03-15 23:48:34 - [TEST_STEP][PASSED] - click: Object: 'Object Repository/Page_Login  Salesforce/input_Login' is clicked on

2018-03-15 23:48:37 - [MESSAGE][PASSED] - Object: 'Object Repository/Page_Login  Salesforce/input_Login' is clicked on

2018-03-15 23:48:37 - [TEST_STEP][PASSED] - click: Object: 'Object Repository/Page_Salesforce - Performance Editi/a_Leads' is clicked on

2018-03-15 23:48:43 - [MESSAGE][PASSED] - Object: 'Object Repository/Page_Salesforce - Performance Editi/a_Leads' is clicked on

2018-03-15 23:48:43 - [TEST_STEP][PASSED] - setText: Text 'daniel.auto+2@mailinator.com' is set on object 'Object Repository/Page_Leads Home  Salesforce - Perfo/input_str'

2018-03-15 23:48:44 - [MESSAGE][PASSED] - Text 'daniel.auto+2@mailinator.com' is set on object 'Object Repository/Page_Leads Home  Salesforce - Perfo/input_str'

2018-03-15 23:48:44 - [TEST_STEP][PASSED] - click: Object: 'Object Repository/Page_Leads Home  Salesforce - Perfo/input_phSearchButton' is clicked on

2018-03-15 23:48:46 - [MESSAGE][PASSED] - Object: 'Object Repository/Page_Leads Home  Salesforce - Perfo/input_phSearchButton' is clicked on

2018-03-15 23:48:46 - [TEST_STEP][PASSED] - delay: Delayed 5 second(s)

2018-03-15 23:48:51 - [MESSAGE][PASSED] - Delayed 5 second(s)

2018-03-15 23:48:51 - [TEST_STEP][PASSED] - click: Object: 'Object Repository/Page_Search Results  Salesforce - P (1)/a_StudentName' is clicked on

2018-03-15 23:48:56 - [MESSAGE][PASSED] - Object: 'Object Repository/Page_Search Results  Salesforce - P (1)/a_StudentName' is clicked on

2018-03-15 23:48:56 - [TEST_STEP][PASSED] - click: Object: 'Object Repository/Page_Lead Daniel Levelthree  Salesf/input_sales_tool' is clicked on

2018-03-15 23:49:01 - [MESSAGE][PASSED] - Object: 'Object Repository/Page_Lead Daniel Levelthree  Salesf/input_sales_tool' is clicked on

2018-03-15 23:49:01 - [TEST_STEP][PASSED] - click: Object: 'Object Repository/Page_Sales Tool  Salesforce - Perfo/input_j_id0frmConditionscmdOrg' is clicked on

2018-03-15 23:49:03 - [MESSAGE][PASSED] - Object: 'Object Repository/Page_Sales Tool  Salesforce - Perfo/input_j_id0frmConditionscmdOrg' is clicked on

2018-03-15 23:49:03 - [TEST_STEP][PASSED] - click: Object: 'Object Repository/Page_Sales Tool  Salesforce - Perfo/button_SELECT DISCOUNT' is clicked on

2018-03-15 23:49:03 - [MESSAGE][PASSED] - Object: 'Object Repository/Page_Sales Tool  Salesforce - Perfo/button_SELECT DISCOUNT' is clicked on

2018-03-15 23:49:03 - [TEST_STEP][PASSED] - click: Object: 'Object Repository/Page_Sales Tool  Salesforce - Perfo/input_j_id0j_id110j_id111mainF' is clicked on

2018-03-15 23:49:04 - [MESSAGE][PASSED] - Object: 'Object Repository/Page_Sales Tool  Salesforce - Perfo/input_j_id0j_id110j_id111mainF' is clicked on

2018-03-15 23:49:04 - [TEST_STEP][PASSED] - click: Object: 'Object Repository/Page_Sales Tool  Salesforce - Perfo/input_j_id0j_id110j_id111mainF_1' is clicked on

2018-03-15 23:49:05 - [MESSAGE][PASSED] - Object: 'Object Repository/Page_Sales Tool  Salesforce - Perfo/input_j_id0j_id110j_id111mainF_1' is clicked on

2018-03-15 23:49:05 - [TEST_STEP][PASSED] - click: Object: 'Object Repository/Page_Sales Tool  Salesforce - Perfo/input_j_id0j_id110j_id111mainF_2' is clicked on

2018-03-15 23:49:05 - [MESSAGE][PASSED] - Object: 'Object Repository/Page_Sales Tool  Salesforce - Perfo/input_j_id0j_id110j_id111mainF_2' is clicked on

2018-03-15 23:49:05 - [TEST_STEP][PASSED] - delay: Delayed 30 second(s)

2018-03-15 23:49:35 - [MESSAGE][PASSED] - Delayed 30 second(s)

2018-03-15 23:49:35 - [TEST_STEP][PASSED] - switchToFrame: Switched to iframe: 'Object Repository/Page_Sales Tool  Salesforce - Perfo (1)/iframe_immediateCapture_iframe'

2018-03-15 23:49:35 - [TEST_STEP][PASSED] - delay: Delayed 5 second(s)

2018-03-15 23:49:40 - [MESSAGE][PASSED] - Delayed 5 second(s)

2018-03-15 23:49:40 - [TEST_STEP][FAILED] - selectOptionByLabel: Unable to select option by label 'Visa' of object 'Object Repository/Page_Sales Tool  Salesforce - Perfo (1)/select_VisaMasterCard'  (Root cause: org.openqa.selenium.ElementNotVisibleException: element not visible: Element is not currently visible and may not be manipulated
  (Session info: chrome=64.0.3282.186)
  (Driver info: chromedriver=2.35.528161 (5b82f2d2aae0ca24b877009200ced9065a772e73),platform=Windows NT 10.0.16299 x86_64) (WARNING: The server did not provide any stacktrace information)
Command duration or timeout: 0 milliseconds
Build info: version: '3.7.1', revision: '8a0099a', time: '2017-11-06T21:07:36.161Z'
System info: host: 'DSHIOSAKY-LAPTO', ip: '10.2.0.220', os.name: 'Windows 10', os.arch: 'amd64', os.version: '10.0', java.version: '1.8.0_102'
Driver info: com.kms.katalon.selenium.driver.CChromeDriver
Capabilities {acceptInsecureCerts: false, acceptSslCerts: false, applicationCacheEnabled: false, browserConnectionEnabled: false, browserName: chrome, chrome: {chromedriverVersion: 2.35.528161 (5b82f2d2aae0ca..., userDataDir: C:\Users\DSHIOS~1\AppData\L...}, cssSelectorsEnabled: true, databaseEnabled: false, handlesAlerts: true, hasTouchScreen: false, javascriptEnabled: true, locationContextEnabled: true, mobileEmulationEnabled: false, nativeEvents: true, networkConnectionEnabled: false, pageLoadStrategy: normal, platform: XP, platformName: XP, rotatable: false, setWindowRect: true, takesHeapSnapshot: true, takesScreenshot: true, unexpectedAlertBehaviour: , unhandledPromptBehavior: , version: 64.0.3282.186, webStorageEnabled: true}
Session ID: 31f61778fefab9e4ce818337ae767865)

2018-03-15 23:49:41 - [MESSAGE][FAILED] - Unable to select option by label 'Visa' of object 'Object Repository/Page_Sales Tool  Salesforce - Perfo (1)/select_VisaMasterCard'  (Root cause: org.openqa.selenium.ElementNotVisibleException: element not visible: Element is not currently visible and may not be manipulated
  (Session info: chrome=64.0.3282.186)
  (Driver info: chromedriver=2.35.528161 (5b82f2d2aae0ca24b877009200ced9065a772e73),platform=Windows NT 10.0.16299 x86_64) (WARNING: The server did not provide any stacktrace information)
Command duration or timeout: 0 milliseconds
Build info: version: '3.7.1', revision: '8a0099a', time: '2017-11-06T21:07:36.161Z'
System info: host: 'DSHIOSAKY-LAPTO', ip: '10.2.0.220', os.name: 'Windows 10', os.arch: 'amd64', os.version: '10.0', java.version: '1.8.0_102'
Driver info: com.kms.katalon.selenium.driver.CChromeDriver
Capabilities {acceptInsecureCerts: false, acceptSslCerts: false, applicationCacheEnabled: false, browserConnectionEnabled: false, browserName: chrome, chrome: {chromedriverVersion: 2.35.528161 (5b82f2d2aae0ca..., userDataDir: C:\Users\DSHIOS~1\AppData\L...}, cssSelectorsEnabled: true, databaseEnabled: false, handlesAlerts: true, hasTouchScreen: false, javascriptEnabled: true, locationContextEnabled: true, mobileEmulationEnabled: false, nativeEvents: true, networkConnectionEnabled: false, pageLoadStrategy: normal, platform: XP, platformName: XP, rotatable: false, setWindowRect: true, takesHeapSnapshot: true, takesScreenshot: true, unexpectedAlertBehaviour: , unhandledPromptBehavior: , version: 64.0.3282.186, webStorageEnabled: true}
Session ID: 31f61778fefab9e4ce818337ae767865)
[[ATTACHMENT|C:\\Users\\dshiosaky-laptop\\Katalon Studio\\OE_user_Activation\\Reports\\TestSuite\\20180315_234617\\1521172181079.png]]]]></system-out>
         <system-err><![CDATA[2018-03-15 23:48:28 - [TEST_CASE][FAILED] - Test Cases/Convert Lead in sf: Test Cases/Convert Lead in sf FAILED because (of) Unable to select option by label 'Visa' of object 'Object Repository/Page_Sales Tool  Salesforce - Perfo (1)/select_VisaMasterCard'  (Root cause: org.openqa.selenium.ElementNotVisibleException: element not visible: Element is not currently visible and may not be manipulated
  (Session info: chrome=64.0.3282.186)
  (Driver info: chromedriver=2.35.528161 (5b82f2d2aae0ca24b877009200ced9065a772e73),platform=Windows NT 10.0.16299 x86_64) (WARNING: The server did not provide any stacktrace information)
Command duration or timeout: 0 milliseconds
Build info: version: '3.7.1', revision: '8a0099a', time: '2017-11-06T21:07:36.161Z'
System info: host: 'DSHIOSAKY-LAPTO', ip: '10.2.0.220', os.name: 'Windows 10', os.arch: 'amd64', os.version: '10.0', java.version: '1.8.0_102'
Driver info: com.kms.katalon.selenium.driver.CChromeDriver
Capabilities {acceptInsecureCerts: false, acceptSslCerts: false, applicationCacheEnabled: false, browserConnectionEnabled: false, browserName: chrome, chrome: {chromedriverVersion: 2.35.528161 (5b82f2d2aae0ca..., userDataDir: C:\Users\DSHIOS~1\AppData\L...}, cssSelectorsEnabled: true, databaseEnabled: false, handlesAlerts: true, hasTouchScreen: false, javascriptEnabled: true, locationContextEnabled: true, mobileEmulationEnabled: false, nativeEvents: true, networkConnectionEnabled: false, pageLoadStrategy: normal, platform: XP, platformName: XP, rotatable: false, setWindowRect: true, takesHeapSnapshot: true, takesScreenshot: true, unexpectedAlertBehaviour: , unhandledPromptBehavior: , version: 64.0.3282.186, webStorageEnabled: true}
Session ID: 31f61778fefab9e4ce818337ae767865)]]></system-err>
      </testcase>
      <testcase name="Test Cases/Convert Lead in sf" classname="Test Cases/Convert Lead in sf" status="FAILED">
         <failure type="FAILED" message="Unable to select option by label 'Visa' of object 'Object Repository/Page_Sales Tool  Salesforce - Perfo (1)/select_VisaMasterCard'  (Root cause: org.openqa.selenium.ElementNotVisibleException: element not visible: Element is not currently visible and may not be manipulated
  (Session info: chrome=64.0.3282.186)
  (Driver info: chromedriver=2.35.528161 (5b82f2d2aae0ca24b877009200ced9065a772e73),platform=Windows NT 10.0.16299 x86_64) (WARNING: The server did not provide any stacktrace information)
Command duration or timeout: 0 milliseconds
Build info: version: '3.7.1', revision: '8a0099a', time: '2017-11-06T21:07:36.161Z'
System info: host: 'DSHIOSAKY-LAPTO', ip: '10.2.0.220', os.name: 'Windows 10', os.arch: 'amd64', os.version: '10.0', java.version: '1.8.0_102'
Driver info: com.kms.katalon.selenium.driver.CChromeDriver
Capabilities {acceptInsecureCerts: false, acceptSslCerts: false, applicationCacheEnabled: false, browserConnectionEnabled: false, browserName: chrome, chrome: {chromedriverVersion: 2.35.528161 (5b82f2d2aae0ca..., userDataDir: C:\Users\DSHIOS~1\AppData\L...}, cssSelectorsEnabled: true, databaseEnabled: false, handlesAlerts: true, hasTouchScreen: false, javascriptEnabled: true, locationContextEnabled: true, mobileEmulationEnabled: false, nativeEvents: true, networkConnectionEnabled: false, pageLoadStrategy: normal, platform: XP, platformName: XP, rotatable: false, setWindowRect: true, takesHeapSnapshot: true, takesScreenshot: true, unexpectedAlertBehaviour: , unhandledPromptBehavior: , version: 64.0.3282.186, webStorageEnabled: true}
Session ID: c924aa8cba5aeffefa63be019ee05465)"/>
         <system-out><![CDATA[2018-03-15 23:49:41 - [TEST_CASE][FAILED] - Test Cases/Convert Lead in sf: Test Cases/Convert Lead in sf FAILED because (of) Unable to select option by label 'Visa' of object 'Object Repository/Page_Sales Tool  Salesforce - Perfo (1)/select_VisaMasterCard'  (Root cause: org.openqa.selenium.ElementNotVisibleException: element not visible: Element is not currently visible and may not be manipulated
  (Session info: chrome=64.0.3282.186)
  (Driver info: chromedriver=2.35.528161 (5b82f2d2aae0ca24b877009200ced9065a772e73),platform=Windows NT 10.0.16299 x86_64) (WARNING: The server did not provide any stacktrace information)
Command duration or timeout: 0 milliseconds
Build info: version: '3.7.1', revision: '8a0099a', time: '2017-11-06T21:07:36.161Z'
System info: host: 'DSHIOSAKY-LAPTO', ip: '10.2.0.220', os.name: 'Windows 10', os.arch: 'amd64', os.version: '10.0', java.version: '1.8.0_102'
Driver info: com.kms.katalon.selenium.driver.CChromeDriver
Capabilities {acceptInsecureCerts: false, acceptSslCerts: false, applicationCacheEnabled: false, browserConnectionEnabled: false, browserName: chrome, chrome: {chromedriverVersion: 2.35.528161 (5b82f2d2aae0ca..., userDataDir: C:\Users\DSHIOS~1\AppData\L...}, cssSelectorsEnabled: true, databaseEnabled: false, handlesAlerts: true, hasTouchScreen: false, javascriptEnabled: true, locationContextEnabled: true, mobileEmulationEnabled: false, nativeEvents: true, networkConnectionEnabled: false, pageLoadStrategy: normal, platform: XP, platformName: XP, rotatable: false, setWindowRect: true, takesHeapSnapshot: true, takesScreenshot: true, unexpectedAlertBehaviour: , unhandledPromptBehavior: , version: 64.0.3282.186, webStorageEnabled: true}
Session ID: c924aa8cba5aeffefa63be019ee05465)

2018-03-15 23:49:41 - [TEST_STEP][PASSED] - openBrowser: Browser is opened with url: ''

2018-03-15 23:49:41 - [MESSAGE][WARNING] - A browser is already opened. Closing browser and opening a new one

2018-03-15 23:49:44 - [MESSAGE][PASSED] - Browser is opened with url: ''

2018-03-15 23:49:44 - [TEST_STEP][PASSED] - navigateToUrl: Navigate to 'https://test.salesforce.com/' successfully

2018-03-15 23:49:47 - [MESSAGE][PASSED] - Navigate to 'https://test.salesforce.com/' successfully

2018-03-15 23:49:47 - [TEST_STEP][PASSED] - setText: Text 'Shiosaky@gmail.com' is set on object 'Object Repository/Page_Login  Salesforce/input_username'

2018-03-15 23:49:47 - [MESSAGE][PASSED] - Text 'Shiosaky@gmail.com' is set on object 'Object Repository/Page_Login  Salesforce/input_username'

2018-03-15 23:49:47 - [TEST_STEP][PASSED] - setText: Text 'DS.4285716010*' is set on object 'Object Repository/Page_Login  Salesforce/input_pw'

2018-03-15 23:49:48 - [MESSAGE][PASSED] - Text 'DS.4285716010*' is set on object 'Object Repository/Page_Login  Salesforce/input_pw'

2018-03-15 23:49:48 - [TEST_STEP][PASSED] - click: Object: 'Object Repository/Page_Login  Salesforce/input_Login' is clicked on

2018-03-15 23:49:50 - [MESSAGE][PASSED] - Object: 'Object Repository/Page_Login  Salesforce/input_Login' is clicked on

2018-03-15 23:49:50 - [TEST_STEP][PASSED] - click: Object: 'Object Repository/Page_Salesforce - Performance Editi/a_Leads' is clicked on

2018-03-15 23:49:56 - [MESSAGE][PASSED] - Object: 'Object Repository/Page_Salesforce - Performance Editi/a_Leads' is clicked on

2018-03-15 23:49:56 - [TEST_STEP][PASSED] - setText: Text 'daniel.auto+4@mailinator.com' is set on object 'Object Repository/Page_Leads Home  Salesforce - Perfo/input_str'

2018-03-15 23:49:57 - [MESSAGE][PASSED] - Text 'daniel.auto+4@mailinator.com' is set on object 'Object Repository/Page_Leads Home  Salesforce - Perfo/input_str'

2018-03-15 23:49:57 - [TEST_STEP][PASSED] - click: Object: 'Object Repository/Page_Leads Home  Salesforce - Perfo/input_phSearchButton' is clicked on

2018-03-15 23:49:59 - [MESSAGE][PASSED] - Object: 'Object Repository/Page_Leads Home  Salesforce - Perfo/input_phSearchButton' is clicked on

2018-03-15 23:49:59 - [TEST_STEP][PASSED] - delay: Delayed 5 second(s)

2018-03-15 23:50:04 - [MESSAGE][PASSED] - Delayed 5 second(s)

2018-03-15 23:50:04 - [TEST_STEP][PASSED] - click: Object: 'Object Repository/Page_Search Results  Salesforce - P (1)/a_StudentName' is clicked on

2018-03-15 23:50:05 - [MESSAGE][PASSED] - Object: 'Object Repository/Page_Search Results  Salesforce - P (1)/a_StudentName' is clicked on

2018-03-15 23:50:05 - [TEST_STEP][PASSED] - click: Object: 'Object Repository/Page_Lead Daniel Levelthree  Salesf/input_sales_tool' is clicked on

2018-03-15 23:50:07 - [MESSAGE][PASSED] - Object: 'Object Repository/Page_Lead Daniel Levelthree  Salesf/input_sales_tool' is clicked on

2018-03-15 23:50:07 - [TEST_STEP][PASSED] - click: Object: 'Object Repository/Page_Sales Tool  Salesforce - Perfo/input_j_id0frmConditionscmdOrg' is clicked on

2018-03-15 23:50:09 - [MESSAGE][PASSED] - Object: 'Object Repository/Page_Sales Tool  Salesforce - Perfo/input_j_id0frmConditionscmdOrg' is clicked on

2018-03-15 23:50:09 - [TEST_STEP][PASSED] - click: Object: 'Object Repository/Page_Sales Tool  Salesforce - Perfo/button_SELECT DISCOUNT' is clicked on

2018-03-15 23:50:09 - [MESSAGE][PASSED] - Object: 'Object Repository/Page_Sales Tool  Salesforce - Perfo/button_SELECT DISCOUNT' is clicked on

2018-03-15 23:50:09 - [TEST_STEP][PASSED] - click: Object: 'Object Repository/Page_Sales Tool  Salesforce - Perfo/input_j_id0j_id110j_id111mainF' is clicked on

2018-03-15 23:50:09 - [MESSAGE][PASSED] - Object: 'Object Repository/Page_Sales Tool  Salesforce - Perfo/input_j_id0j_id110j_id111mainF' is clicked on

2018-03-15 23:50:09 - [TEST_STEP][PASSED] - click: Object: 'Object Repository/Page_Sales Tool  Salesforce - Perfo/input_j_id0j_id110j_id111mainF_1' is clicked on

2018-03-15 23:50:10 - [MESSAGE][PASSED] - Object: 'Object Repository/Page_Sales Tool  Salesforce - Perfo/input_j_id0j_id110j_id111mainF_1' is clicked on

2018-03-15 23:50:10 - [TEST_STEP][PASSED] - click: Object: 'Object Repository/Page_Sales Tool  Salesforce - Perfo/input_j_id0j_id110j_id111mainF_2' is clicked on

2018-03-15 23:50:10 - [MESSAGE][PASSED] - Object: 'Object Repository/Page_Sales Tool  Salesforce - Perfo/input_j_id0j_id110j_id111mainF_2' is clicked on

2018-03-15 23:50:10 - [TEST_STEP][PASSED] - delay: Delayed 30 second(s)

2018-03-15 23:50:40 - [MESSAGE][PASSED] - Delayed 30 second(s)

2018-03-15 23:50:40 - [TEST_STEP][PASSED] - switchToFrame: Switched to iframe: 'Object Repository/Page_Sales Tool  Salesforce - Perfo (1)/iframe_immediateCapture_iframe'

2018-03-15 23:50:40 - [TEST_STEP][PASSED] - delay: Delayed 5 second(s)

2018-03-15 23:50:45 - [MESSAGE][PASSED] - Delayed 5 second(s)

2018-03-15 23:50:45 - [TEST_STEP][FAILED] - selectOptionByLabel: Unable to select option by label 'Visa' of object 'Object Repository/Page_Sales Tool  Salesforce - Perfo (1)/select_VisaMasterCard'  (Root cause: org.openqa.selenium.ElementNotVisibleException: element not visible: Element is not currently visible and may not be manipulated
  (Session info: chrome=64.0.3282.186)
  (Driver info: chromedriver=2.35.528161 (5b82f2d2aae0ca24b877009200ced9065a772e73),platform=Windows NT 10.0.16299 x86_64) (WARNING: The server did not provide any stacktrace information)
Command duration or timeout: 0 milliseconds
Build info: version: '3.7.1', revision: '8a0099a', time: '2017-11-06T21:07:36.161Z'
System info: host: 'DSHIOSAKY-LAPTO', ip: '10.2.0.220', os.name: 'Windows 10', os.arch: 'amd64', os.version: '10.0', java.version: '1.8.0_102'
Driver info: com.kms.katalon.selenium.driver.CChromeDriver
Capabilities {acceptInsecureCerts: false, acceptSslCerts: false, applicationCacheEnabled: false, browserConnectionEnabled: false, browserName: chrome, chrome: {chromedriverVersion: 2.35.528161 (5b82f2d2aae0ca..., userDataDir: C:\Users\DSHIOS~1\AppData\L...}, cssSelectorsEnabled: true, databaseEnabled: false, handlesAlerts: true, hasTouchScreen: false, javascriptEnabled: true, locationContextEnabled: true, mobileEmulationEnabled: false, nativeEvents: true, networkConnectionEnabled: false, pageLoadStrategy: normal, platform: XP, platformName: XP, rotatable: false, setWindowRect: true, takesHeapSnapshot: true, takesScreenshot: true, unexpectedAlertBehaviour: , unhandledPromptBehavior: , version: 64.0.3282.186, webStorageEnabled: true}
Session ID: c924aa8cba5aeffefa63be019ee05465)

2018-03-15 23:50:46 - [MESSAGE][FAILED] - Unable to select option by label 'Visa' of object 'Object Repository/Page_Sales Tool  Salesforce - Perfo (1)/select_VisaMasterCard'  (Root cause: org.openqa.selenium.ElementNotVisibleException: element not visible: Element is not currently visible and may not be manipulated
  (Session info: chrome=64.0.3282.186)
  (Driver info: chromedriver=2.35.528161 (5b82f2d2aae0ca24b877009200ced9065a772e73),platform=Windows NT 10.0.16299 x86_64) (WARNING: The server did not provide any stacktrace information)
Command duration or timeout: 0 milliseconds
Build info: version: '3.7.1', revision: '8a0099a', time: '2017-11-06T21:07:36.161Z'
System info: host: 'DSHIOSAKY-LAPTO', ip: '10.2.0.220', os.name: 'Windows 10', os.arch: 'amd64', os.version: '10.0', java.version: '1.8.0_102'
Driver info: com.kms.katalon.selenium.driver.CChromeDriver
Capabilities {acceptInsecureCerts: false, acceptSslCerts: false, applicationCacheEnabled: false, browserConnectionEnabled: false, browserName: chrome, chrome: {chromedriverVersion: 2.35.528161 (5b82f2d2aae0ca..., userDataDir: C:\Users\DSHIOS~1\AppData\L...}, cssSelectorsEnabled: true, databaseEnabled: false, handlesAlerts: true, hasTouchScreen: false, javascriptEnabled: true, locationContextEnabled: true, mobileEmulationEnabled: false, nativeEvents: true, networkConnectionEnabled: false, pageLoadStrategy: normal, platform: XP, platformName: XP, rotatable: false, setWindowRect: true, takesHeapSnapshot: true, takesScreenshot: true, unexpectedAlertBehaviour: , unhandledPromptBehavior: , version: 64.0.3282.186, webStorageEnabled: true}
Session ID: c924aa8cba5aeffefa63be019ee05465)
[[ATTACHMENT|C:\\Users\\dshiosaky-laptop\\Katalon Studio\\OE_user_Activation\\Reports\\TestSuite\\20180315_234617\\1521172245842.png]]]]></system-out>
         <system-err><![CDATA[2018-03-15 23:49:41 - [TEST_CASE][FAILED] - Test Cases/Convert Lead in sf: Test Cases/Convert Lead in sf FAILED because (of) Unable to select option by label 'Visa' of object 'Object Repository/Page_Sales Tool  Salesforce - Perfo (1)/select_VisaMasterCard'  (Root cause: org.openqa.selenium.ElementNotVisibleException: element not visible: Element is not currently visible and may not be manipulated
  (Session info: chrome=64.0.3282.186)
  (Driver info: chromedriver=2.35.528161 (5b82f2d2aae0ca24b877009200ced9065a772e73),platform=Windows NT 10.0.16299 x86_64) (WARNING: The server did not provide any stacktrace information)
Command duration or timeout: 0 milliseconds
Build info: version: '3.7.1', revision: '8a0099a', time: '2017-11-06T21:07:36.161Z'
System info: host: 'DSHIOSAKY-LAPTO', ip: '10.2.0.220', os.name: 'Windows 10', os.arch: 'amd64', os.version: '10.0', java.version: '1.8.0_102'
Driver info: com.kms.katalon.selenium.driver.CChromeDriver
Capabilities {acceptInsecureCerts: false, acceptSslCerts: false, applicationCacheEnabled: false, browserConnectionEnabled: false, browserName: chrome, chrome: {chromedriverVersion: 2.35.528161 (5b82f2d2aae0ca..., userDataDir: C:\Users\DSHIOS~1\AppData\L...}, cssSelectorsEnabled: true, databaseEnabled: false, handlesAlerts: true, hasTouchScreen: false, javascriptEnabled: true, locationContextEnabled: true, mobileEmulationEnabled: false, nativeEvents: true, networkConnectionEnabled: false, pageLoadStrategy: normal, platform: XP, platformName: XP, rotatable: false, setWindowRect: true, takesHeapSnapshot: true, takesScreenshot: true, unexpectedAlertBehaviour: , unhandledPromptBehavior: , version: 64.0.3282.186, webStorageEnabled: true}
Session ID: c924aa8cba5aeffefa63be019ee05465)]]></system-err>
      </testcase>
      <testcase name="Test Cases/Convert Lead in sf" classname="Test Cases/Convert Lead in sf" status="FAILED">
         <failure type="FAILED" message="Unable to select option by label 'Visa' of object 'Object Repository/Page_Sales Tool  Salesforce - Perfo (1)/select_VisaMasterCard'  (Root cause: org.openqa.selenium.ElementNotVisibleException: element not visible: Element is not currently visible and may not be manipulated
  (Session info: chrome=64.0.3282.186)
  (Driver info: chromedriver=2.35.528161 (5b82f2d2aae0ca24b877009200ced9065a772e73),platform=Windows NT 10.0.16299 x86_64) (WARNING: The server did not provide any stacktrace information)
Command duration or timeout: 0 milliseconds
Build info: version: '3.7.1', revision: '8a0099a', time: '2017-11-06T21:07:36.161Z'
System info: host: 'DSHIOSAKY-LAPTO', ip: '10.2.0.220', os.name: 'Windows 10', os.arch: 'amd64', os.version: '10.0', java.version: '1.8.0_102'
Driver info: com.kms.katalon.selenium.driver.CChromeDriver
Capabilities {acceptInsecureCerts: false, acceptSslCerts: false, applicationCacheEnabled: false, browserConnectionEnabled: false, browserName: chrome, chrome: {chromedriverVersion: 2.35.528161 (5b82f2d2aae0ca..., userDataDir: C:\Users\DSHIOS~1\AppData\L...}, cssSelectorsEnabled: true, databaseEnabled: false, handlesAlerts: true, hasTouchScreen: false, javascriptEnabled: true, locationContextEnabled: true, mobileEmulationEnabled: false, nativeEvents: true, networkConnectionEnabled: false, pageLoadStrategy: normal, platform: XP, platformName: XP, rotatable: false, setWindowRect: true, takesHeapSnapshot: true, takesScreenshot: true, unexpectedAlertBehaviour: , unhandledPromptBehavior: , version: 64.0.3282.186, webStorageEnabled: true}
Session ID: 1fbb9e3b7f09551cf22e99662e61dd92)"/>
         <system-out><![CDATA[2018-03-15 23:50:46 - [TEST_CASE][FAILED] - Test Cases/Convert Lead in sf: Test Cases/Convert Lead in sf FAILED because (of) Unable to select option by label 'Visa' of object 'Object Repository/Page_Sales Tool  Salesforce - Perfo (1)/select_VisaMasterCard'  (Root cause: org.openqa.selenium.ElementNotVisibleException: element not visible: Element is not currently visible and may not be manipulated
  (Session info: chrome=64.0.3282.186)
  (Driver info: chromedriver=2.35.528161 (5b82f2d2aae0ca24b877009200ced9065a772e73),platform=Windows NT 10.0.16299 x86_64) (WARNING: The server did not provide any stacktrace information)
Command duration or timeout: 0 milliseconds
Build info: version: '3.7.1', revision: '8a0099a', time: '2017-11-06T21:07:36.161Z'
System info: host: 'DSHIOSAKY-LAPTO', ip: '10.2.0.220', os.name: 'Windows 10', os.arch: 'amd64', os.version: '10.0', java.version: '1.8.0_102'
Driver info: com.kms.katalon.selenium.driver.CChromeDriver
Capabilities {acceptInsecureCerts: false, acceptSslCerts: false, applicationCacheEnabled: false, browserConnectionEnabled: false, browserName: chrome, chrome: {chromedriverVersion: 2.35.528161 (5b82f2d2aae0ca..., userDataDir: C:\Users\DSHIOS~1\AppData\L...}, cssSelectorsEnabled: true, databaseEnabled: false, handlesAlerts: true, hasTouchScreen: false, javascriptEnabled: true, locationContextEnabled: true, mobileEmulationEnabled: false, nativeEvents: true, networkConnectionEnabled: false, pageLoadStrategy: normal, platform: XP, platformName: XP, rotatable: false, setWindowRect: true, takesHeapSnapshot: true, takesScreenshot: true, unexpectedAlertBehaviour: , unhandledPromptBehavior: , version: 64.0.3282.186, webStorageEnabled: true}
Session ID: 1fbb9e3b7f09551cf22e99662e61dd92)

2018-03-15 23:50:46 - [TEST_STEP][PASSED] - openBrowser: Browser is opened with url: ''

2018-03-15 23:50:46 - [MESSAGE][WARNING] - A browser is already opened. Closing browser and opening a new one

2018-03-15 23:50:49 - [MESSAGE][PASSED] - Browser is opened with url: ''

2018-03-15 23:50:49 - [TEST_STEP][PASSED] - navigateToUrl: Navigate to 'https://test.salesforce.com/' successfully

2018-03-15 23:50:52 - [MESSAGE][PASSED] - Navigate to 'https://test.salesforce.com/' successfully

2018-03-15 23:50:52 - [TEST_STEP][PASSED] - setText: Text 'Shiosaky@gmail.com' is set on object 'Object Repository/Page_Login  Salesforce/input_username'

2018-03-15 23:50:52 - [MESSAGE][PASSED] - Text 'Shiosaky@gmail.com' is set on object 'Object Repository/Page_Login  Salesforce/input_username'

2018-03-15 23:50:52 - [TEST_STEP][PASSED] - setText: Text 'DS.4285716010*' is set on object 'Object Repository/Page_Login  Salesforce/input_pw'

2018-03-15 23:50:52 - [MESSAGE][PASSED] - Text 'DS.4285716010*' is set on object 'Object Repository/Page_Login  Salesforce/input_pw'

2018-03-15 23:50:52 - [TEST_STEP][PASSED] - click: Object: 'Object Repository/Page_Login  Salesforce/input_Login' is clicked on

2018-03-15 23:50:57 - [MESSAGE][PASSED] - Object: 'Object Repository/Page_Login  Salesforce/input_Login' is clicked on

2018-03-15 23:50:57 - [TEST_STEP][PASSED] - click: Object: 'Object Repository/Page_Salesforce - Performance Editi/a_Leads' is clicked on

2018-03-15 23:51:04 - [MESSAGE][PASSED] - Object: 'Object Repository/Page_Salesforce - Performance Editi/a_Leads' is clicked on

2018-03-15 23:51:04 - [TEST_STEP][PASSED] - setText: Text 'daniel.auto+5@mailinator.com' is set on object 'Object Repository/Page_Leads Home  Salesforce - Perfo/input_str'

2018-03-15 23:51:04 - [MESSAGE][PASSED] - Text 'daniel.auto+5@mailinator.com' is set on object 'Object Repository/Page_Leads Home  Salesforce - Perfo/input_str'

2018-03-15 23:51:04 - [TEST_STEP][PASSED] - click: Object: 'Object Repository/Page_Leads Home  Salesforce - Perfo/input_phSearchButton' is clicked on

2018-03-15 23:51:06 - [MESSAGE][PASSED] - Object: 'Object Repository/Page_Leads Home  Salesforce - Perfo/input_phSearchButton' is clicked on

2018-03-15 23:51:06 - [TEST_STEP][PASSED] - delay: Delayed 5 second(s)

2018-03-15 23:51:11 - [MESSAGE][PASSED] - Delayed 5 second(s)

2018-03-15 23:51:11 - [TEST_STEP][PASSED] - click: Object: 'Object Repository/Page_Search Results  Salesforce - P (1)/a_StudentName' is clicked on

2018-03-15 23:51:13 - [MESSAGE][PASSED] - Object: 'Object Repository/Page_Search Results  Salesforce - P (1)/a_StudentName' is clicked on

2018-03-15 23:51:13 - [TEST_STEP][PASSED] - click: Object: 'Object Repository/Page_Lead Daniel Levelthree  Salesf/input_sales_tool' is clicked on

2018-03-15 23:51:18 - [MESSAGE][PASSED] - Object: 'Object Repository/Page_Lead Daniel Levelthree  Salesf/input_sales_tool' is clicked on

2018-03-15 23:51:18 - [TEST_STEP][PASSED] - click: Object: 'Object Repository/Page_Sales Tool  Salesforce - Perfo/input_j_id0frmConditionscmdOrg' is clicked on

2018-03-15 23:51:21 - [MESSAGE][PASSED] - Object: 'Object Repository/Page_Sales Tool  Salesforce - Perfo/input_j_id0frmConditionscmdOrg' is clicked on

2018-03-15 23:51:21 - [TEST_STEP][PASSED] - click: Object: 'Object Repository/Page_Sales Tool  Salesforce - Perfo/button_SELECT DISCOUNT' is clicked on

2018-03-15 23:51:21 - [MESSAGE][PASSED] - Object: 'Object Repository/Page_Sales Tool  Salesforce - Perfo/button_SELECT DISCOUNT' is clicked on

2018-03-15 23:51:21 - [TEST_STEP][PASSED] - click: Object: 'Object Repository/Page_Sales Tool  Salesforce - Perfo/input_j_id0j_id110j_id111mainF' is clicked on

2018-03-15 23:51:21 - [MESSAGE][PASSED] - Object: 'Object Repository/Page_Sales Tool  Salesforce - Perfo/input_j_id0j_id110j_id111mainF' is clicked on

2018-03-15 23:51:21 - [TEST_STEP][PASSED] - click: Object: 'Object Repository/Page_Sales Tool  Salesforce - Perfo/input_j_id0j_id110j_id111mainF_1' is clicked on

2018-03-15 23:51:22 - [MESSAGE][PASSED] - Object: 'Object Repository/Page_Sales Tool  Salesforce - Perfo/input_j_id0j_id110j_id111mainF_1' is clicked on

2018-03-15 23:51:22 - [TEST_STEP][PASSED] - click: Object: 'Object Repository/Page_Sales Tool  Salesforce - Perfo/input_j_id0j_id110j_id111mainF_2' is clicked on

2018-03-15 23:51:22 - [MESSAGE][PASSED] - Object: 'Object Repository/Page_Sales Tool  Salesforce - Perfo/input_j_id0j_id110j_id111mainF_2' is clicked on

2018-03-15 23:51:22 - [TEST_STEP][PASSED] - delay: Delayed 30 second(s)

2018-03-15 23:51:52 - [MESSAGE][PASSED] - Delayed 30 second(s)

2018-03-15 23:51:52 - [TEST_STEP][PASSED] - switchToFrame: Switched to iframe: 'Object Repository/Page_Sales Tool  Salesforce - Perfo (1)/iframe_immediateCapture_iframe'

2018-03-15 23:51:52 - [TEST_STEP][PASSED] - delay: Delayed 5 second(s)

2018-03-15 23:51:57 - [MESSAGE][PASSED] - Delayed 5 second(s)

2018-03-15 23:51:57 - [TEST_STEP][FAILED] - selectOptionByLabel: Unable to select option by label 'Visa' of object 'Object Repository/Page_Sales Tool  Salesforce - Perfo (1)/select_VisaMasterCard'  (Root cause: org.openqa.selenium.ElementNotVisibleException: element not visible: Element is not currently visible and may not be manipulated
  (Session info: chrome=64.0.3282.186)
  (Driver info: chromedriver=2.35.528161 (5b82f2d2aae0ca24b877009200ced9065a772e73),platform=Windows NT 10.0.16299 x86_64) (WARNING: The server did not provide any stacktrace information)
Command duration or timeout: 0 milliseconds
Build info: version: '3.7.1', revision: '8a0099a', time: '2017-11-06T21:07:36.161Z'
System info: host: 'DSHIOSAKY-LAPTO', ip: '10.2.0.220', os.name: 'Windows 10', os.arch: 'amd64', os.version: '10.0', java.version: '1.8.0_102'
Driver info: com.kms.katalon.selenium.driver.CChromeDriver
Capabilities {acceptInsecureCerts: false, acceptSslCerts: false, applicationCacheEnabled: false, browserConnectionEnabled: false, browserName: chrome, chrome: {chromedriverVersion: 2.35.528161 (5b82f2d2aae0ca..., userDataDir: C:\Users\DSHIOS~1\AppData\L...}, cssSelectorsEnabled: true, databaseEnabled: false, handlesAlerts: true, hasTouchScreen: false, javascriptEnabled: true, locationContextEnabled: true, mobileEmulationEnabled: false, nativeEvents: true, networkConnectionEnabled: false, pageLoadStrategy: normal, platform: XP, platformName: XP, rotatable: false, setWindowRect: true, takesHeapSnapshot: true, takesScreenshot: true, unexpectedAlertBehaviour: , unhandledPromptBehavior: , version: 64.0.3282.186, webStorageEnabled: true}
Session ID: 1fbb9e3b7f09551cf22e99662e61dd92)

2018-03-15 23:51:58 - [MESSAGE][FAILED] - Unable to select option by label 'Visa' of object 'Object Repository/Page_Sales Tool  Salesforce - Perfo (1)/select_VisaMasterCard'  (Root cause: org.openqa.selenium.ElementNotVisibleException: element not visible: Element is not currently visible and may not be manipulated
  (Session info: chrome=64.0.3282.186)
  (Driver info: chromedriver=2.35.528161 (5b82f2d2aae0ca24b877009200ced9065a772e73),platform=Windows NT 10.0.16299 x86_64) (WARNING: The server did not provide any stacktrace information)
Command duration or timeout: 0 milliseconds
Build info: version: '3.7.1', revision: '8a0099a', time: '2017-11-06T21:07:36.161Z'
System info: host: 'DSHIOSAKY-LAPTO', ip: '10.2.0.220', os.name: 'Windows 10', os.arch: 'amd64', os.version: '10.0', java.version: '1.8.0_102'
Driver info: com.kms.katalon.selenium.driver.CChromeDriver
Capabilities {acceptInsecureCerts: false, acceptSslCerts: false, applicationCacheEnabled: false, browserConnectionEnabled: false, browserName: chrome, chrome: {chromedriverVersion: 2.35.528161 (5b82f2d2aae0ca..., userDataDir: C:\Users\DSHIOS~1\AppData\L...}, cssSelectorsEnabled: true, databaseEnabled: false, handlesAlerts: true, hasTouchScreen: false, javascriptEnabled: true, locationContextEnabled: true, mobileEmulationEnabled: false, nativeEvents: true, networkConnectionEnabled: false, pageLoadStrategy: normal, platform: XP, platformName: XP, rotatable: false, setWindowRect: true, takesHeapSnapshot: true, takesScreenshot: true, unexpectedAlertBehaviour: , unhandledPromptBehavior: , version: 64.0.3282.186, webStorageEnabled: true}
Session ID: 1fbb9e3b7f09551cf22e99662e61dd92)
[[ATTACHMENT|C:\\Users\\dshiosaky-laptop\\Katalon Studio\\OE_user_Activation\\Reports\\TestSuite\\20180315_234617\\1521172317909.png]]]]></system-out>
         <system-err><![CDATA[2018-03-15 23:50:46 - [TEST_CASE][FAILED] - Test Cases/Convert Lead in sf: Test Cases/Convert Lead in sf FAILED because (of) Unable to select option by label 'Visa' of object 'Object Repository/Page_Sales Tool  Salesforce - Perfo (1)/select_VisaMasterCard'  (Root cause: org.openqa.selenium.ElementNotVisibleException: element not visible: Element is not currently visible and may not be manipulated
  (Session info: chrome=64.0.3282.186)
  (Driver info: chromedriver=2.35.528161 (5b82f2d2aae0ca24b877009200ced9065a772e73),platform=Windows NT 10.0.16299 x86_64) (WARNING: The server did not provide any stacktrace information)
Command duration or timeout: 0 milliseconds
Build info: version: '3.7.1', revision: '8a0099a', time: '2017-11-06T21:07:36.161Z'
System info: host: 'DSHIOSAKY-LAPTO', ip: '10.2.0.220', os.name: 'Windows 10', os.arch: 'amd64', os.version: '10.0', java.version: '1.8.0_102'
Driver info: com.kms.katalon.selenium.driver.CChromeDriver
Capabilities {acceptInsecureCerts: false, acceptSslCerts: false, applicationCacheEnabled: false, browserConnectionEnabled: false, browserName: chrome, chrome: {chromedriverVersion: 2.35.528161 (5b82f2d2aae0ca..., userDataDir: C:\Users\DSHIOS~1\AppData\L...}, cssSelectorsEnabled: true, databaseEnabled: false, handlesAlerts: true, hasTouchScreen: false, javascriptEnabled: true, locationContextEnabled: true, mobileEmulationEnabled: false, nativeEvents: true, networkConnectionEnabled: false, pageLoadStrategy: normal, platform: XP, platformName: XP, rotatable: false, setWindowRect: true, takesHeapSnapshot: true, takesScreenshot: true, unexpectedAlertBehaviour: , unhandledPromptBehavior: , version: 64.0.3282.186, webStorageEnabled: true}
Session ID: 1fbb9e3b7f09551cf22e99662e61dd92)]]></system-err>
      </testcase>
      <testcase name="Test Cases/Convert Lead in sf" classname="Test Cases/Convert Lead in sf" status="FAILED">
         <failure type="FAILED" message="Unable to select option by label 'Visa' of object 'Object Repository/Page_Sales Tool  Salesforce - Perfo (1)/select_VisaMasterCard'  (Root cause: org.openqa.selenium.ElementNotVisibleException: element not visible: Element is not currently visible and may not be manipulated
  (Session info: chrome=64.0.3282.186)
  (Driver info: chromedriver=2.35.528161 (5b82f2d2aae0ca24b877009200ced9065a772e73),platform=Windows NT 10.0.16299 x86_64) (WARNING: The server did not provide any stacktrace information)
Command duration or timeout: 0 milliseconds
Build info: version: '3.7.1', revision: '8a0099a', time: '2017-11-06T21:07:36.161Z'
System info: host: 'DSHIOSAKY-LAPTO', ip: '10.2.0.220', os.name: 'Windows 10', os.arch: 'amd64', os.version: '10.0', java.version: '1.8.0_102'
Driver info: com.kms.katalon.selenium.driver.CChromeDriver
Capabilities {acceptInsecureCerts: false, acceptSslCerts: false, applicationCacheEnabled: false, browserConnectionEnabled: false, browserName: chrome, chrome: {chromedriverVersion: 2.35.528161 (5b82f2d2aae0ca..., userDataDir: C:\Users\DSHIOS~1\AppData\L...}, cssSelectorsEnabled: true, databaseEnabled: false, handlesAlerts: true, hasTouchScreen: false, javascriptEnabled: true, locationContextEnabled: true, mobileEmulationEnabled: false, nativeEvents: true, networkConnectionEnabled: false, pageLoadStrategy: normal, platform: XP, platformName: XP, rotatable: false, setWindowRect: true, takesHeapSnapshot: true, takesScreenshot: true, unexpectedAlertBehaviour: , unhandledPromptBehavior: , version: 64.0.3282.186, webStorageEnabled: true}
Session ID: 43b4ee0dd169ad19c506e939e53e9e87)"/>
         <system-out><![CDATA[2018-03-15 23:51:58 - [TEST_CASE][FAILED] - Test Cases/Convert Lead in sf: Test Cases/Convert Lead in sf FAILED because (of) Unable to select option by label 'Visa' of object 'Object Repository/Page_Sales Tool  Salesforce - Perfo (1)/select_VisaMasterCard'  (Root cause: org.openqa.selenium.ElementNotVisibleException: element not visible: Element is not currently visible and may not be manipulated
  (Session info: chrome=64.0.3282.186)
  (Driver info: chromedriver=2.35.528161 (5b82f2d2aae0ca24b877009200ced9065a772e73),platform=Windows NT 10.0.16299 x86_64) (WARNING: The server did not provide any stacktrace information)
Command duration or timeout: 0 milliseconds
Build info: version: '3.7.1', revision: '8a0099a', time: '2017-11-06T21:07:36.161Z'
System info: host: 'DSHIOSAKY-LAPTO', ip: '10.2.0.220', os.name: 'Windows 10', os.arch: 'amd64', os.version: '10.0', java.version: '1.8.0_102'
Driver info: com.kms.katalon.selenium.driver.CChromeDriver
Capabilities {acceptInsecureCerts: false, acceptSslCerts: false, applicationCacheEnabled: false, browserConnectionEnabled: false, browserName: chrome, chrome: {chromedriverVersion: 2.35.528161 (5b82f2d2aae0ca..., userDataDir: C:\Users\DSHIOS~1\AppData\L...}, cssSelectorsEnabled: true, databaseEnabled: false, handlesAlerts: true, hasTouchScreen: false, javascriptEnabled: true, locationContextEnabled: true, mobileEmulationEnabled: false, nativeEvents: true, networkConnectionEnabled: false, pageLoadStrategy: normal, platform: XP, platformName: XP, rotatable: false, setWindowRect: true, takesHeapSnapshot: true, takesScreenshot: true, unexpectedAlertBehaviour: , unhandledPromptBehavior: , version: 64.0.3282.186, webStorageEnabled: true}
Session ID: 43b4ee0dd169ad19c506e939e53e9e87)

2018-03-15 23:51:58 - [TEST_STEP][PASSED] - openBrowser: Browser is opened with url: ''

2018-03-15 23:51:58 - [MESSAGE][WARNING] - A browser is already opened. Closing browser and opening a new one

2018-03-15 23:52:01 - [MESSAGE][PASSED] - Browser is opened with url: ''

2018-03-15 23:52:01 - [TEST_STEP][PASSED] - navigateToUrl: Navigate to 'https://test.salesforce.com/' successfully

2018-03-15 23:52:04 - [MESSAGE][PASSED] - Navigate to 'https://test.salesforce.com/' successfully

2018-03-15 23:52:04 - [TEST_STEP][PASSED] - setText: Text 'Shiosaky@gmail.com' is set on object 'Object Repository/Page_Login  Salesforce/input_username'

2018-03-15 23:52:04 - [MESSAGE][PASSED] - Text 'Shiosaky@gmail.com' is set on object 'Object Repository/Page_Login  Salesforce/input_username'

2018-03-15 23:52:04 - [TEST_STEP][PASSED] - setText: Text 'DS.4285716010*' is set on object 'Object Repository/Page_Login  Salesforce/input_pw'

2018-03-15 23:52:04 - [MESSAGE][PASSED] - Text 'DS.4285716010*' is set on object 'Object Repository/Page_Login  Salesforce/input_pw'

2018-03-15 23:52:04 - [TEST_STEP][PASSED] - click: Object: 'Object Repository/Page_Login  Salesforce/input_Login' is clicked on

2018-03-15 23:52:07 - [MESSAGE][PASSED] - Object: 'Object Repository/Page_Login  Salesforce/input_Login' is clicked on

2018-03-15 23:52:07 - [TEST_STEP][PASSED] - click: Object: 'Object Repository/Page_Salesforce - Performance Editi/a_Leads' is clicked on

2018-03-15 23:52:13 - [MESSAGE][PASSED] - Object: 'Object Repository/Page_Salesforce - Performance Editi/a_Leads' is clicked on

2018-03-15 23:52:13 - [TEST_STEP][PASSED] - setText: Text 'daniel.auto+6@mailinator.com' is set on object 'Object Repository/Page_Leads Home  Salesforce - Perfo/input_str'

2018-03-15 23:52:14 - [MESSAGE][PASSED] - Text 'daniel.auto+6@mailinator.com' is set on object 'Object Repository/Page_Leads Home  Salesforce - Perfo/input_str'

2018-03-15 23:52:14 - [TEST_STEP][PASSED] - click: Object: 'Object Repository/Page_Leads Home  Salesforce - Perfo/input_phSearchButton' is clicked on

2018-03-15 23:52:16 - [MESSAGE][PASSED] - Object: 'Object Repository/Page_Leads Home  Salesforce - Perfo/input_phSearchButton' is clicked on

2018-03-15 23:52:16 - [TEST_STEP][PASSED] - delay: Delayed 5 second(s)

2018-03-15 23:52:21 - [MESSAGE][PASSED] - Delayed 5 second(s)

2018-03-15 23:52:21 - [TEST_STEP][PASSED] - click: Object: 'Object Repository/Page_Search Results  Salesforce - P (1)/a_StudentName' is clicked on

2018-03-15 23:52:23 - [MESSAGE][PASSED] - Object: 'Object Repository/Page_Search Results  Salesforce - P (1)/a_StudentName' is clicked on

2018-03-15 23:52:23 - [TEST_STEP][PASSED] - click: Object: 'Object Repository/Page_Lead Daniel Levelthree  Salesf/input_sales_tool' is clicked on

2018-03-15 23:52:25 - [MESSAGE][PASSED] - Object: 'Object Repository/Page_Lead Daniel Levelthree  Salesf/input_sales_tool' is clicked on

2018-03-15 23:52:25 - [TEST_STEP][PASSED] - click: Object: 'Object Repository/Page_Sales Tool  Salesforce - Perfo/input_j_id0frmConditionscmdOrg' is clicked on

2018-03-15 23:52:27 - [MESSAGE][PASSED] - Object: 'Object Repository/Page_Sales Tool  Salesforce - Perfo/input_j_id0frmConditionscmdOrg' is clicked on

2018-03-15 23:52:27 - [TEST_STEP][PASSED] - click: Object: 'Object Repository/Page_Sales Tool  Salesforce - Perfo/button_SELECT DISCOUNT' is clicked on

2018-03-15 23:52:27 - [MESSAGE][PASSED] - Object: 'Object Repository/Page_Sales Tool  Salesforce - Perfo/button_SELECT DISCOUNT' is clicked on

2018-03-15 23:52:27 - [TEST_STEP][PASSED] - click: Object: 'Object Repository/Page_Sales Tool  Salesforce - Perfo/input_j_id0j_id110j_id111mainF' is clicked on

2018-03-15 23:52:27 - [MESSAGE][PASSED] - Object: 'Object Repository/Page_Sales Tool  Salesforce - Perfo/input_j_id0j_id110j_id111mainF' is clicked on

2018-03-15 23:52:27 - [TEST_STEP][PASSED] - click: Object: 'Object Repository/Page_Sales Tool  Salesforce - Perfo/input_j_id0j_id110j_id111mainF_1' is clicked on

2018-03-15 23:52:29 - [MESSAGE][PASSED] - Object: 'Object Repository/Page_Sales Tool  Salesforce - Perfo/input_j_id0j_id110j_id111mainF_1' is clicked on

2018-03-15 23:52:29 - [TEST_STEP][PASSED] - click: Object: 'Object Repository/Page_Sales Tool  Salesforce - Perfo/input_j_id0j_id110j_id111mainF_2' is clicked on

2018-03-15 23:52:29 - [MESSAGE][PASSED] - Object: 'Object Repository/Page_Sales Tool  Salesforce - Perfo/input_j_id0j_id110j_id111mainF_2' is clicked on

2018-03-15 23:52:29 - [TEST_STEP][PASSED] - delay: Delayed 30 second(s)

2018-03-15 23:52:59 - [MESSAGE][PASSED] - Delayed 30 second(s)

2018-03-15 23:52:59 - [TEST_STEP][PASSED] - switchToFrame: Switched to iframe: 'Object Repository/Page_Sales Tool  Salesforce - Perfo (1)/iframe_immediateCapture_iframe'

2018-03-15 23:52:59 - [TEST_STEP][PASSED] - delay: Delayed 5 second(s)

2018-03-15 23:53:04 - [MESSAGE][PASSED] - Delayed 5 second(s)

2018-03-15 23:53:04 - [TEST_STEP][FAILED] - selectOptionByLabel: Unable to select option by label 'Visa' of object 'Object Repository/Page_Sales Tool  Salesforce - Perfo (1)/select_VisaMasterCard'  (Root cause: org.openqa.selenium.ElementNotVisibleException: element not visible: Element is not currently visible and may not be manipulated
  (Session info: chrome=64.0.3282.186)
  (Driver info: chromedriver=2.35.528161 (5b82f2d2aae0ca24b877009200ced9065a772e73),platform=Windows NT 10.0.16299 x86_64) (WARNING: The server did not provide any stacktrace information)
Command duration or timeout: 0 milliseconds
Build info: version: '3.7.1', revision: '8a0099a', time: '2017-11-06T21:07:36.161Z'
System info: host: 'DSHIOSAKY-LAPTO', ip: '10.2.0.220', os.name: 'Windows 10', os.arch: 'amd64', os.version: '10.0', java.version: '1.8.0_102'
Driver info: com.kms.katalon.selenium.driver.CChromeDriver
Capabilities {acceptInsecureCerts: false, acceptSslCerts: false, applicationCacheEnabled: false, browserConnectionEnabled: false, browserName: chrome, chrome: {chromedriverVersion: 2.35.528161 (5b82f2d2aae0ca..., userDataDir: C:\Users\DSHIOS~1\AppData\L...}, cssSelectorsEnabled: true, databaseEnabled: false, handlesAlerts: true, hasTouchScreen: false, javascriptEnabled: true, locationContextEnabled: true, mobileEmulationEnabled: false, nativeEvents: true, networkConnectionEnabled: false, pageLoadStrategy: normal, platform: XP, platformName: XP, rotatable: false, setWindowRect: true, takesHeapSnapshot: true, takesScreenshot: true, unexpectedAlertBehaviour: , unhandledPromptBehavior: , version: 64.0.3282.186, webStorageEnabled: true}
Session ID: 43b4ee0dd169ad19c506e939e53e9e87)

2018-03-15 23:53:04 - [MESSAGE][FAILED] - Unable to select option by label 'Visa' of object 'Object Repository/Page_Sales Tool  Salesforce - Perfo (1)/select_VisaMasterCard'  (Root cause: org.openqa.selenium.ElementNotVisibleException: element not visible: Element is not currently visible and may not be manipulated
  (Session info: chrome=64.0.3282.186)
  (Driver info: chromedriver=2.35.528161 (5b82f2d2aae0ca24b877009200ced9065a772e73),platform=Windows NT 10.0.16299 x86_64) (WARNING: The server did not provide any stacktrace information)
Command duration or timeout: 0 milliseconds
Build info: version: '3.7.1', revision: '8a0099a', time: '2017-11-06T21:07:36.161Z'
System info: host: 'DSHIOSAKY-LAPTO', ip: '10.2.0.220', os.name: 'Windows 10', os.arch: 'amd64', os.version: '10.0', java.version: '1.8.0_102'
Driver info: com.kms.katalon.selenium.driver.CChromeDriver
Capabilities {acceptInsecureCerts: false, acceptSslCerts: false, applicationCacheEnabled: false, browserConnectionEnabled: false, browserName: chrome, chrome: {chromedriverVersion: 2.35.528161 (5b82f2d2aae0ca..., userDataDir: C:\Users\DSHIOS~1\AppData\L...}, cssSelectorsEnabled: true, databaseEnabled: false, handlesAlerts: true, hasTouchScreen: false, javascriptEnabled: true, locationContextEnabled: true, mobileEmulationEnabled: false, nativeEvents: true, networkConnectionEnabled: false, pageLoadStrategy: normal, platform: XP, platformName: XP, rotatable: false, setWindowRect: true, takesHeapSnapshot: true, takesScreenshot: true, unexpectedAlertBehaviour: , unhandledPromptBehavior: , version: 64.0.3282.186, webStorageEnabled: true}
Session ID: 43b4ee0dd169ad19c506e939e53e9e87)
[[ATTACHMENT|C:\\Users\\dshiosaky-laptop\\Katalon Studio\\OE_user_Activation\\Reports\\TestSuite\\20180315_234617\\1521172384398.png]]]]></system-out>
         <system-err><![CDATA[2018-03-15 23:51:58 - [TEST_CASE][FAILED] - Test Cases/Convert Lead in sf: Test Cases/Convert Lead in sf FAILED because (of) Unable to select option by label 'Visa' of object 'Object Repository/Page_Sales Tool  Salesforce - Perfo (1)/select_VisaMasterCard'  (Root cause: org.openqa.selenium.ElementNotVisibleException: element not visible: Element is not currently visible and may not be manipulated
  (Session info: chrome=64.0.3282.186)
  (Driver info: chromedriver=2.35.528161 (5b82f2d2aae0ca24b877009200ced9065a772e73),platform=Windows NT 10.0.16299 x86_64) (WARNING: The server did not provide any stacktrace information)
Command duration or timeout: 0 milliseconds
Build info: version: '3.7.1', revision: '8a0099a', time: '2017-11-06T21:07:36.161Z'
System info: host: 'DSHIOSAKY-LAPTO', ip: '10.2.0.220', os.name: 'Windows 10', os.arch: 'amd64', os.version: '10.0', java.version: '1.8.0_102'
Driver info: com.kms.katalon.selenium.driver.CChromeDriver
Capabilities {acceptInsecureCerts: false, acceptSslCerts: false, applicationCacheEnabled: false, browserConnectionEnabled: false, browserName: chrome, chrome: {chromedriverVersion: 2.35.528161 (5b82f2d2aae0ca..., userDataDir: C:\Users\DSHIOS~1\AppData\L...}, cssSelectorsEnabled: true, databaseEnabled: false, handlesAlerts: true, hasTouchScreen: false, javascriptEnabled: true, locationContextEnabled: true, mobileEmulationEnabled: false, nativeEvents: true, networkConnectionEnabled: false, pageLoadStrategy: normal, platform: XP, platformName: XP, rotatable: false, setWindowRect: true, takesHeapSnapshot: true, takesScreenshot: true, unexpectedAlertBehaviour: , unhandledPromptBehavior: , version: 64.0.3282.186, webStorageEnabled: true}
Session ID: 43b4ee0dd169ad19c506e939e53e9e87)]]></system-err>
      </testcase>
      <testcase name="Test Cases/Convert Lead in sf" classname="Test Cases/Convert Lead in sf" status="FAILED">
         <failure type="FAILED" message="Unable to select option by label 'Visa' of object 'Object Repository/Page_Sales Tool  Salesforce - Perfo (1)/select_VisaMasterCard'  (Root cause: org.openqa.selenium.ElementNotVisibleException: element not visible: Element is not currently visible and may not be manipulated
  (Session info: chrome=64.0.3282.186)
  (Driver info: chromedriver=2.35.528161 (5b82f2d2aae0ca24b877009200ced9065a772e73),platform=Windows NT 10.0.16299 x86_64) (WARNING: The server did not provide any stacktrace information)
Command duration or timeout: 0 milliseconds
Build info: version: '3.7.1', revision: '8a0099a', time: '2017-11-06T21:07:36.161Z'
System info: host: 'DSHIOSAKY-LAPTO', ip: '10.2.0.220', os.name: 'Windows 10', os.arch: 'amd64', os.version: '10.0', java.version: '1.8.0_102'
Driver info: com.kms.katalon.selenium.driver.CChromeDriver
Capabilities {acceptInsecureCerts: false, acceptSslCerts: false, applicationCacheEnabled: false, browserConnectionEnabled: false, browserName: chrome, chrome: {chromedriverVersion: 2.35.528161 (5b82f2d2aae0ca..., userDataDir: C:\Users\DSHIOS~1\AppData\L...}, cssSelectorsEnabled: true, databaseEnabled: false, handlesAlerts: true, hasTouchScreen: false, javascriptEnabled: true, locationContextEnabled: true, mobileEmulationEnabled: false, nativeEvents: true, networkConnectionEnabled: false, pageLoadStrategy: normal, platform: XP, platformName: XP, rotatable: false, setWindowRect: true, takesHeapSnapshot: true, takesScreenshot: true, unexpectedAlertBehaviour: , unhandledPromptBehavior: , version: 64.0.3282.186, webStorageEnabled: true}
Session ID: da50322f6704b4ad6426a5be4edb2c39)"/>
         <system-out><![CDATA[2018-03-15 23:53:04 - [TEST_CASE][FAILED] - Test Cases/Convert Lead in sf: Test Cases/Convert Lead in sf FAILED because (of) Unable to select option by label 'Visa' of object 'Object Repository/Page_Sales Tool  Salesforce - Perfo (1)/select_VisaMasterCard'  (Root cause: org.openqa.selenium.ElementNotVisibleException: element not visible: Element is not currently visible and may not be manipulated
  (Session info: chrome=64.0.3282.186)
  (Driver info: chromedriver=2.35.528161 (5b82f2d2aae0ca24b877009200ced9065a772e73),platform=Windows NT 10.0.16299 x86_64) (WARNING: The server did not provide any stacktrace information)
Command duration or timeout: 0 milliseconds
Build info: version: '3.7.1', revision: '8a0099a', time: '2017-11-06T21:07:36.161Z'
System info: host: 'DSHIOSAKY-LAPTO', ip: '10.2.0.220', os.name: 'Windows 10', os.arch: 'amd64', os.version: '10.0', java.version: '1.8.0_102'
Driver info: com.kms.katalon.selenium.driver.CChromeDriver
Capabilities {acceptInsecureCerts: false, acceptSslCerts: false, applicationCacheEnabled: false, browserConnectionEnabled: false, browserName: chrome, chrome: {chromedriverVersion: 2.35.528161 (5b82f2d2aae0ca..., userDataDir: C:\Users\DSHIOS~1\AppData\L...}, cssSelectorsEnabled: true, databaseEnabled: false, handlesAlerts: true, hasTouchScreen: false, javascriptEnabled: true, locationContextEnabled: true, mobileEmulationEnabled: false, nativeEvents: true, networkConnectionEnabled: false, pageLoadStrategy: normal, platform: XP, platformName: XP, rotatable: false, setWindowRect: true, takesHeapSnapshot: true, takesScreenshot: true, unexpectedAlertBehaviour: , unhandledPromptBehavior: , version: 64.0.3282.186, webStorageEnabled: true}
Session ID: da50322f6704b4ad6426a5be4edb2c39)

2018-03-15 23:53:04 - [TEST_STEP][PASSED] - openBrowser: Browser is opened with url: ''

2018-03-15 23:53:04 - [MESSAGE][WARNING] - A browser is already opened. Closing browser and opening a new one

2018-03-15 23:53:08 - [MESSAGE][PASSED] - Browser is opened with url: ''

2018-03-15 23:53:08 - [TEST_STEP][PASSED] - navigateToUrl: Navigate to 'https://test.salesforce.com/' successfully

2018-03-15 23:53:11 - [MESSAGE][PASSED] - Navigate to 'https://test.salesforce.com/' successfully

2018-03-15 23:53:11 - [TEST_STEP][PASSED] - setText: Text 'Shiosaky@gmail.com' is set on object 'Object Repository/Page_Login  Salesforce/input_username'

2018-03-15 23:53:11 - [MESSAGE][PASSED] - Text 'Shiosaky@gmail.com' is set on object 'Object Repository/Page_Login  Salesforce/input_username'

2018-03-15 23:53:11 - [TEST_STEP][PASSED] - setText: Text 'DS.4285716010*' is set on object 'Object Repository/Page_Login  Salesforce/input_pw'

2018-03-15 23:53:12 - [MESSAGE][PASSED] - Text 'DS.4285716010*' is set on object 'Object Repository/Page_Login  Salesforce/input_pw'

2018-03-15 23:53:12 - [TEST_STEP][PASSED] - click: Object: 'Object Repository/Page_Login  Salesforce/input_Login' is clicked on

2018-03-15 23:53:14 - [MESSAGE][PASSED] - Object: 'Object Repository/Page_Login  Salesforce/input_Login' is clicked on

2018-03-15 23:53:14 - [TEST_STEP][PASSED] - click: Object: 'Object Repository/Page_Salesforce - Performance Editi/a_Leads' is clicked on

2018-03-15 23:53:21 - [MESSAGE][PASSED] - Object: 'Object Repository/Page_Salesforce - Performance Editi/a_Leads' is clicked on

2018-03-15 23:53:21 - [TEST_STEP][PASSED] - setText: Text 'daniel.auto+7@mailinator.com' is set on object 'Object Repository/Page_Leads Home  Salesforce - Perfo/input_str'

2018-03-15 23:53:22 - [MESSAGE][PASSED] - Text 'daniel.auto+7@mailinator.com' is set on object 'Object Repository/Page_Leads Home  Salesforce - Perfo/input_str'

2018-03-15 23:53:22 - [TEST_STEP][PASSED] - click: Object: 'Object Repository/Page_Leads Home  Salesforce - Perfo/input_phSearchButton' is clicked on

2018-03-15 23:53:23 - [MESSAGE][PASSED] - Object: 'Object Repository/Page_Leads Home  Salesforce - Perfo/input_phSearchButton' is clicked on

2018-03-15 23:53:23 - [TEST_STEP][PASSED] - delay: Delayed 5 second(s)

2018-03-15 23:53:28 - [MESSAGE][PASSED] - Delayed 5 second(s)

2018-03-15 23:53:28 - [TEST_STEP][PASSED] - click: Object: 'Object Repository/Page_Search Results  Salesforce - P (1)/a_StudentName' is clicked on

2018-03-15 23:53:30 - [MESSAGE][PASSED] - Object: 'Object Repository/Page_Search Results  Salesforce - P (1)/a_StudentName' is clicked on

2018-03-15 23:53:30 - [TEST_STEP][PASSED] - click: Object: 'Object Repository/Page_Lead Daniel Levelthree  Salesf/input_sales_tool' is clicked on

2018-03-15 23:53:32 - [MESSAGE][PASSED] - Object: 'Object Repository/Page_Lead Daniel Levelthree  Salesf/input_sales_tool' is clicked on

2018-03-15 23:53:32 - [TEST_STEP][PASSED] - click: Object: 'Object Repository/Page_Sales Tool  Salesforce - Perfo/input_j_id0frmConditionscmdOrg' is clicked on

2018-03-15 23:53:33 - [MESSAGE][PASSED] - Object: 'Object Repository/Page_Sales Tool  Salesforce - Perfo/input_j_id0frmConditionscmdOrg' is clicked on

2018-03-15 23:53:33 - [TEST_STEP][PASSED] - click: Object: 'Object Repository/Page_Sales Tool  Salesforce - Perfo/button_SELECT DISCOUNT' is clicked on

2018-03-15 23:53:34 - [MESSAGE][PASSED] - Object: 'Object Repository/Page_Sales Tool  Salesforce - Perfo/button_SELECT DISCOUNT' is clicked on

2018-03-15 23:53:34 - [TEST_STEP][PASSED] - click: Object: 'Object Repository/Page_Sales Tool  Salesforce - Perfo/input_j_id0j_id110j_id111mainF' is clicked on

2018-03-15 23:53:34 - [MESSAGE][PASSED] - Object: 'Object Repository/Page_Sales Tool  Salesforce - Perfo/input_j_id0j_id110j_id111mainF' is clicked on

2018-03-15 23:53:34 - [TEST_STEP][PASSED] - click: Object: 'Object Repository/Page_Sales Tool  Salesforce - Perfo/input_j_id0j_id110j_id111mainF_1' is clicked on

2018-03-15 23:53:35 - [MESSAGE][PASSED] - Object: 'Object Repository/Page_Sales Tool  Salesforce - Perfo/input_j_id0j_id110j_id111mainF_1' is clicked on

2018-03-15 23:53:35 - [TEST_STEP][PASSED] - click: Object: 'Object Repository/Page_Sales Tool  Salesforce - Perfo/input_j_id0j_id110j_id111mainF_2' is clicked on

2018-03-15 23:53:35 - [MESSAGE][PASSED] - Object: 'Object Repository/Page_Sales Tool  Salesforce - Perfo/input_j_id0j_id110j_id111mainF_2' is clicked on

2018-03-15 23:53:35 - [TEST_STEP][PASSED] - delay: Delayed 30 second(s)

2018-03-15 23:54:05 - [MESSAGE][PASSED] - Delayed 30 second(s)

2018-03-15 23:54:05 - [TEST_STEP][PASSED] - switchToFrame: Switched to iframe: 'Object Repository/Page_Sales Tool  Salesforce - Perfo (1)/iframe_immediateCapture_iframe'

2018-03-15 23:54:05 - [TEST_STEP][PASSED] - delay: Delayed 5 second(s)

2018-03-15 23:54:10 - [MESSAGE][PASSED] - Delayed 5 second(s)

2018-03-15 23:54:10 - [TEST_STEP][FAILED] - selectOptionByLabel: Unable to select option by label 'Visa' of object 'Object Repository/Page_Sales Tool  Salesforce - Perfo (1)/select_VisaMasterCard'  (Root cause: org.openqa.selenium.ElementNotVisibleException: element not visible: Element is not currently visible and may not be manipulated
  (Session info: chrome=64.0.3282.186)
  (Driver info: chromedriver=2.35.528161 (5b82f2d2aae0ca24b877009200ced9065a772e73),platform=Windows NT 10.0.16299 x86_64) (WARNING: The server did not provide any stacktrace information)
Command duration or timeout: 0 milliseconds
Build info: version: '3.7.1', revision: '8a0099a', time: '2017-11-06T21:07:36.161Z'
System info: host: 'DSHIOSAKY-LAPTO', ip: '10.2.0.220', os.name: 'Windows 10', os.arch: 'amd64', os.version: '10.0', java.version: '1.8.0_102'
Driver info: com.kms.katalon.selenium.driver.CChromeDriver
Capabilities {acceptInsecureCerts: false, acceptSslCerts: false, applicationCacheEnabled: false, browserConnectionEnabled: false, browserName: chrome, chrome: {chromedriverVersion: 2.35.528161 (5b82f2d2aae0ca..., userDataDir: C:\Users\DSHIOS~1\AppData\L...}, cssSelectorsEnabled: true, databaseEnabled: false, handlesAlerts: true, hasTouchScreen: false, javascriptEnabled: true, locationContextEnabled: true, mobileEmulationEnabled: false, nativeEvents: true, networkConnectionEnabled: false, pageLoadStrategy: normal, platform: XP, platformName: XP, rotatable: false, setWindowRect: true, takesHeapSnapshot: true, takesScreenshot: true, unexpectedAlertBehaviour: , unhandledPromptBehavior: , version: 64.0.3282.186, webStorageEnabled: true}
Session ID: da50322f6704b4ad6426a5be4edb2c39)

2018-03-15 23:54:10 - [MESSAGE][FAILED] - Unable to select option by label 'Visa' of object 'Object Repository/Page_Sales Tool  Salesforce - Perfo (1)/select_VisaMasterCard'  (Root cause: org.openqa.selenium.ElementNotVisibleException: element not visible: Element is not currently visible and may not be manipulated
  (Session info: chrome=64.0.3282.186)
  (Driver info: chromedriver=2.35.528161 (5b82f2d2aae0ca24b877009200ced9065a772e73),platform=Windows NT 10.0.16299 x86_64) (WARNING: The server did not provide any stacktrace information)
Command duration or timeout: 0 milliseconds
Build info: version: '3.7.1', revision: '8a0099a', time: '2017-11-06T21:07:36.161Z'
System info: host: 'DSHIOSAKY-LAPTO', ip: '10.2.0.220', os.name: 'Windows 10', os.arch: 'amd64', os.version: '10.0', java.version: '1.8.0_102'
Driver info: com.kms.katalon.selenium.driver.CChromeDriver
Capabilities {acceptInsecureCerts: false, acceptSslCerts: false, applicationCacheEnabled: false, browserConnectionEnabled: false, browserName: chrome, chrome: {chromedriverVersion: 2.35.528161 (5b82f2d2aae0ca..., userDataDir: C:\Users\DSHIOS~1\AppData\L...}, cssSelectorsEnabled: true, databaseEnabled: false, handlesAlerts: true, hasTouchScreen: false, javascriptEnabled: true, locationContextEnabled: true, mobileEmulationEnabled: false, nativeEvents: true, networkConnectionEnabled: false, pageLoadStrategy: normal, platform: XP, platformName: XP, rotatable: false, setWindowRect: true, takesHeapSnapshot: true, takesScreenshot: true, unexpectedAlertBehaviour: , unhandledPromptBehavior: , version: 64.0.3282.186, webStorageEnabled: true}
Session ID: da50322f6704b4ad6426a5be4edb2c39)
[[ATTACHMENT|C:\\Users\\dshiosaky-laptop\\Katalon Studio\\OE_user_Activation\\Reports\\TestSuite\\20180315_234617\\1521172450562.png]]]]></system-out>
         <system-err><![CDATA[2018-03-15 23:53:04 - [TEST_CASE][FAILED] - Test Cases/Convert Lead in sf: Test Cases/Convert Lead in sf FAILED because (of) Unable to select option by label 'Visa' of object 'Object Repository/Page_Sales Tool  Salesforce - Perfo (1)/select_VisaMasterCard'  (Root cause: org.openqa.selenium.ElementNotVisibleException: element not visible: Element is not currently visible and may not be manipulated
  (Session info: chrome=64.0.3282.186)
  (Driver info: chromedriver=2.35.528161 (5b82f2d2aae0ca24b877009200ced9065a772e73),platform=Windows NT 10.0.16299 x86_64) (WARNING: The server did not provide any stacktrace information)
Command duration or timeout: 0 milliseconds
Build info: version: '3.7.1', revision: '8a0099a', time: '2017-11-06T21:07:36.161Z'
System info: host: 'DSHIOSAKY-LAPTO', ip: '10.2.0.220', os.name: 'Windows 10', os.arch: 'amd64', os.version: '10.0', java.version: '1.8.0_102'
Driver info: com.kms.katalon.selenium.driver.CChromeDriver
Capabilities {acceptInsecureCerts: false, acceptSslCerts: false, applicationCacheEnabled: false, browserConnectionEnabled: false, browserName: chrome, chrome: {chromedriverVersion: 2.35.528161 (5b82f2d2aae0ca..., userDataDir: C:\Users\DSHIOS~1\AppData\L...}, cssSelectorsEnabled: true, databaseEnabled: false, handlesAlerts: true, hasTouchScreen: false, javascriptEnabled: true, locationContextEnabled: true, mobileEmulationEnabled: false, nativeEvents: true, networkConnectionEnabled: false, pageLoadStrategy: normal, platform: XP, platformName: XP, rotatable: false, setWindowRect: true, takesHeapSnapshot: true, takesScreenshot: true, unexpectedAlertBehaviour: , unhandledPromptBehavior: , version: 64.0.3282.186, webStorageEnabled: true}
Session ID: da50322f6704b4ad6426a5be4edb2c39)]]></system-err>
      </testcase>
      <testcase name="Test Cases/Convert Lead in sf" classname="Test Cases/Convert Lead in sf" status="FAILED">
         <failure type="FAILED" message="Unable to select option by label 'Visa' of object 'Object Repository/Page_Sales Tool  Salesforce - Perfo (1)/select_VisaMasterCard'  (Root cause: org.openqa.selenium.ElementNotVisibleException: element not visible: Element is not currently visible and may not be manipulated
  (Session info: chrome=64.0.3282.186)
  (Driver info: chromedriver=2.35.528161 (5b82f2d2aae0ca24b877009200ced9065a772e73),platform=Windows NT 10.0.16299 x86_64) (WARNING: The server did not provide any stacktrace information)
Command duration or timeout: 0 milliseconds
Build info: version: '3.7.1', revision: '8a0099a', time: '2017-11-06T21:07:36.161Z'
System info: host: 'DSHIOSAKY-LAPTO', ip: '10.2.0.220', os.name: 'Windows 10', os.arch: 'amd64', os.version: '10.0', java.version: '1.8.0_102'
Driver info: com.kms.katalon.selenium.driver.CChromeDriver
Capabilities {acceptInsecureCerts: false, acceptSslCerts: false, applicationCacheEnabled: false, browserConnectionEnabled: false, browserName: chrome, chrome: {chromedriverVersion: 2.35.528161 (5b82f2d2aae0ca..., userDataDir: C:\Users\DSHIOS~1\AppData\L...}, cssSelectorsEnabled: true, databaseEnabled: false, handlesAlerts: true, hasTouchScreen: false, javascriptEnabled: true, locationContextEnabled: true, mobileEmulationEnabled: false, nativeEvents: true, networkConnectionEnabled: false, pageLoadStrategy: normal, platform: XP, platformName: XP, rotatable: false, setWindowRect: true, takesHeapSnapshot: true, takesScreenshot: true, unexpectedAlertBehaviour: , unhandledPromptBehavior: , version: 64.0.3282.186, webStorageEnabled: true}
Session ID: 512134341906bca92e88b104459aff02)"/>
         <system-out><![CDATA[2018-03-15 23:54:10 - [TEST_CASE][FAILED] - Test Cases/Convert Lead in sf: Test Cases/Convert Lead in sf FAILED because (of) Unable to select option by label 'Visa' of object 'Object Repository/Page_Sales Tool  Salesforce - Perfo (1)/select_VisaMasterCard'  (Root cause: org.openqa.selenium.ElementNotVisibleException: element not visible: Element is not currently visible and may not be manipulated
  (Session info: chrome=64.0.3282.186)
  (Driver info: chromedriver=2.35.528161 (5b82f2d2aae0ca24b877009200ced9065a772e73),platform=Windows NT 10.0.16299 x86_64) (WARNING: The server did not provide any stacktrace information)
Command duration or timeout: 0 milliseconds
Build info: version: '3.7.1', revision: '8a0099a', time: '2017-11-06T21:07:36.161Z'
System info: host: 'DSHIOSAKY-LAPTO', ip: '10.2.0.220', os.name: 'Windows 10', os.arch: 'amd64', os.version: '10.0', java.version: '1.8.0_102'
Driver info: com.kms.katalon.selenium.driver.CChromeDriver
Capabilities {acceptInsecureCerts: false, acceptSslCerts: false, applicationCacheEnabled: false, browserConnectionEnabled: false, browserName: chrome, chrome: {chromedriverVersion: 2.35.528161 (5b82f2d2aae0ca..., userDataDir: C:\Users\DSHIOS~1\AppData\L...}, cssSelectorsEnabled: true, databaseEnabled: false, handlesAlerts: true, hasTouchScreen: false, javascriptEnabled: true, locationContextEnabled: true, mobileEmulationEnabled: false, nativeEvents: true, networkConnectionEnabled: false, pageLoadStrategy: normal, platform: XP, platformName: XP, rotatable: false, setWindowRect: true, takesHeapSnapshot: true, takesScreenshot: true, unexpectedAlertBehaviour: , unhandledPromptBehavior: , version: 64.0.3282.186, webStorageEnabled: true}
Session ID: 512134341906bca92e88b104459aff02)

2018-03-15 23:54:10 - [TEST_STEP][PASSED] - openBrowser: Browser is opened with url: ''

2018-03-15 23:54:10 - [MESSAGE][WARNING] - A browser is already opened. Closing browser and opening a new one

2018-03-15 23:54:13 - [MESSAGE][PASSED] - Browser is opened with url: ''

2018-03-15 23:54:13 - [TEST_STEP][PASSED] - navigateToUrl: Navigate to 'https://test.salesforce.com/' successfully

2018-03-15 23:54:17 - [MESSAGE][PASSED] - Navigate to 'https://test.salesforce.com/' successfully

2018-03-15 23:54:17 - [TEST_STEP][PASSED] - setText: Text 'Shiosaky@gmail.com' is set on object 'Object Repository/Page_Login  Salesforce/input_username'

2018-03-15 23:54:17 - [MESSAGE][PASSED] - Text 'Shiosaky@gmail.com' is set on object 'Object Repository/Page_Login  Salesforce/input_username'

2018-03-15 23:54:17 - [TEST_STEP][PASSED] - setText: Text 'DS.4285716010*' is set on object 'Object Repository/Page_Login  Salesforce/input_pw'

2018-03-15 23:54:18 - [MESSAGE][PASSED] - Text 'DS.4285716010*' is set on object 'Object Repository/Page_Login  Salesforce/input_pw'

2018-03-15 23:54:18 - [TEST_STEP][PASSED] - click: Object: 'Object Repository/Page_Login  Salesforce/input_Login' is clicked on

2018-03-15 23:54:21 - [MESSAGE][PASSED] - Object: 'Object Repository/Page_Login  Salesforce/input_Login' is clicked on

2018-03-15 23:54:21 - [TEST_STEP][PASSED] - click: Object: 'Object Repository/Page_Salesforce - Performance Editi/a_Leads' is clicked on

2018-03-15 23:54:28 - [MESSAGE][PASSED] - Object: 'Object Repository/Page_Salesforce - Performance Editi/a_Leads' is clicked on

2018-03-15 23:54:28 - [TEST_STEP][PASSED] - setText: Text 'daniel.auto+11@mailinator.com' is set on object 'Object Repository/Page_Leads Home  Salesforce - Perfo/input_str'

2018-03-15 23:54:29 - [MESSAGE][PASSED] - Text 'daniel.auto+11@mailinator.com' is set on object 'Object Repository/Page_Leads Home  Salesforce - Perfo/input_str'

2018-03-15 23:54:29 - [TEST_STEP][PASSED] - click: Object: 'Object Repository/Page_Leads Home  Salesforce - Perfo/input_phSearchButton' is clicked on

2018-03-15 23:54:30 - [MESSAGE][PASSED] - Object: 'Object Repository/Page_Leads Home  Salesforce - Perfo/input_phSearchButton' is clicked on

2018-03-15 23:54:30 - [TEST_STEP][PASSED] - delay: Delayed 5 second(s)

2018-03-15 23:54:35 - [MESSAGE][PASSED] - Delayed 5 second(s)

2018-03-15 23:54:35 - [TEST_STEP][PASSED] - click: Object: 'Object Repository/Page_Search Results  Salesforce - P (1)/a_StudentName' is clicked on

2018-03-15 23:54:37 - [MESSAGE][PASSED] - Object: 'Object Repository/Page_Search Results  Salesforce - P (1)/a_StudentName' is clicked on

2018-03-15 23:54:37 - [TEST_STEP][PASSED] - click: Object: 'Object Repository/Page_Lead Daniel Levelthree  Salesf/input_sales_tool' is clicked on

2018-03-15 23:54:39 - [MESSAGE][PASSED] - Object: 'Object Repository/Page_Lead Daniel Levelthree  Salesf/input_sales_tool' is clicked on

2018-03-15 23:54:39 - [TEST_STEP][PASSED] - click: Object: 'Object Repository/Page_Sales Tool  Salesforce - Perfo/input_j_id0frmConditionscmdOrg' is clicked on

2018-03-15 23:54:40 - [MESSAGE][PASSED] - Object: 'Object Repository/Page_Sales Tool  Salesforce - Perfo/input_j_id0frmConditionscmdOrg' is clicked on

2018-03-15 23:54:40 - [TEST_STEP][PASSED] - click: Object: 'Object Repository/Page_Sales Tool  Salesforce - Perfo/button_SELECT DISCOUNT' is clicked on

2018-03-15 23:54:41 - [MESSAGE][PASSED] - Object: 'Object Repository/Page_Sales Tool  Salesforce - Perfo/button_SELECT DISCOUNT' is clicked on

2018-03-15 23:54:41 - [TEST_STEP][PASSED] - click: Object: 'Object Repository/Page_Sales Tool  Salesforce - Perfo/input_j_id0j_id110j_id111mainF' is clicked on

2018-03-15 23:54:41 - [MESSAGE][PASSED] - Object: 'Object Repository/Page_Sales Tool  Salesforce - Perfo/input_j_id0j_id110j_id111mainF' is clicked on

2018-03-15 23:54:41 - [TEST_STEP][PASSED] - click: Object: 'Object Repository/Page_Sales Tool  Salesforce - Perfo/input_j_id0j_id110j_id111mainF_1' is clicked on

2018-03-15 23:54:42 - [MESSAGE][PASSED] - Object: 'Object Repository/Page_Sales Tool  Salesforce - Perfo/input_j_id0j_id110j_id111mainF_1' is clicked on

2018-03-15 23:54:42 - [TEST_STEP][PASSED] - click: Object: 'Object Repository/Page_Sales Tool  Salesforce - Perfo/input_j_id0j_id110j_id111mainF_2' is clicked on

2018-03-15 23:54:42 - [MESSAGE][PASSED] - Object: 'Object Repository/Page_Sales Tool  Salesforce - Perfo/input_j_id0j_id110j_id111mainF_2' is clicked on

2018-03-15 23:54:42 - [TEST_STEP][PASSED] - delay: Delayed 30 second(s)

2018-03-15 23:55:12 - [MESSAGE][PASSED] - Delayed 30 second(s)

2018-03-15 23:55:12 - [TEST_STEP][PASSED] - switchToFrame: Switched to iframe: 'Object Repository/Page_Sales Tool  Salesforce - Perfo (1)/iframe_immediateCapture_iframe'

2018-03-15 23:55:12 - [TEST_STEP][PASSED] - delay: Delayed 5 second(s)

2018-03-15 23:55:17 - [MESSAGE][PASSED] - Delayed 5 second(s)

2018-03-15 23:55:17 - [TEST_STEP][FAILED] - selectOptionByLabel: Unable to select option by label 'Visa' of object 'Object Repository/Page_Sales Tool  Salesforce - Perfo (1)/select_VisaMasterCard'  (Root cause: org.openqa.selenium.ElementNotVisibleException: element not visible: Element is not currently visible and may not be manipulated
  (Session info: chrome=64.0.3282.186)
  (Driver info: chromedriver=2.35.528161 (5b82f2d2aae0ca24b877009200ced9065a772e73),platform=Windows NT 10.0.16299 x86_64) (WARNING: The server did not provide any stacktrace information)
Command duration or timeout: 0 milliseconds
Build info: version: '3.7.1', revision: '8a0099a', time: '2017-11-06T21:07:36.161Z'
System info: host: 'DSHIOSAKY-LAPTO', ip: '10.2.0.220', os.name: 'Windows 10', os.arch: 'amd64', os.version: '10.0', java.version: '1.8.0_102'
Driver info: com.kms.katalon.selenium.driver.CChromeDriver
Capabilities {acceptInsecureCerts: false, acceptSslCerts: false, applicationCacheEnabled: false, browserConnectionEnabled: false, browserName: chrome, chrome: {chromedriverVersion: 2.35.528161 (5b82f2d2aae0ca..., userDataDir: C:\Users\DSHIOS~1\AppData\L...}, cssSelectorsEnabled: true, databaseEnabled: false, handlesAlerts: true, hasTouchScreen: false, javascriptEnabled: true, locationContextEnabled: true, mobileEmulationEnabled: false, nativeEvents: true, networkConnectionEnabled: false, pageLoadStrategy: normal, platform: XP, platformName: XP, rotatable: false, setWindowRect: true, takesHeapSnapshot: true, takesScreenshot: true, unexpectedAlertBehaviour: , unhandledPromptBehavior: , version: 64.0.3282.186, webStorageEnabled: true}
Session ID: 512134341906bca92e88b104459aff02)

2018-03-15 23:55:17 - [MESSAGE][FAILED] - Unable to select option by label 'Visa' of object 'Object Repository/Page_Sales Tool  Salesforce - Perfo (1)/select_VisaMasterCard'  (Root cause: org.openqa.selenium.ElementNotVisibleException: element not visible: Element is not currently visible and may not be manipulated
  (Session info: chrome=64.0.3282.186)
  (Driver info: chromedriver=2.35.528161 (5b82f2d2aae0ca24b877009200ced9065a772e73),platform=Windows NT 10.0.16299 x86_64) (WARNING: The server did not provide any stacktrace information)
Command duration or timeout: 0 milliseconds
Build info: version: '3.7.1', revision: '8a0099a', time: '2017-11-06T21:07:36.161Z'
System info: host: 'DSHIOSAKY-LAPTO', ip: '10.2.0.220', os.name: 'Windows 10', os.arch: 'amd64', os.version: '10.0', java.version: '1.8.0_102'
Driver info: com.kms.katalon.selenium.driver.CChromeDriver
Capabilities {acceptInsecureCerts: false, acceptSslCerts: false, applicationCacheEnabled: false, browserConnectionEnabled: false, browserName: chrome, chrome: {chromedriverVersion: 2.35.528161 (5b82f2d2aae0ca..., userDataDir: C:\Users\DSHIOS~1\AppData\L...}, cssSelectorsEnabled: true, databaseEnabled: false, handlesAlerts: true, hasTouchScreen: false, javascriptEnabled: true, locationContextEnabled: true, mobileEmulationEnabled: false, nativeEvents: true, networkConnectionEnabled: false, pageLoadStrategy: normal, platform: XP, platformName: XP, rotatable: false, setWindowRect: true, takesHeapSnapshot: true, takesScreenshot: true, unexpectedAlertBehaviour: , unhandledPromptBehavior: , version: 64.0.3282.186, webStorageEnabled: true}
Session ID: 512134341906bca92e88b104459aff02)
[[ATTACHMENT|C:\\Users\\dshiosaky-laptop\\Katalon Studio\\OE_user_Activation\\Reports\\TestSuite\\20180315_234617\\1521172517595.png]]]]></system-out>
         <system-err><![CDATA[2018-03-15 23:54:10 - [TEST_CASE][FAILED] - Test Cases/Convert Lead in sf: Test Cases/Convert Lead in sf FAILED because (of) Unable to select option by label 'Visa' of object 'Object Repository/Page_Sales Tool  Salesforce - Perfo (1)/select_VisaMasterCard'  (Root cause: org.openqa.selenium.ElementNotVisibleException: element not visible: Element is not currently visible and may not be manipulated
  (Session info: chrome=64.0.3282.186)
  (Driver info: chromedriver=2.35.528161 (5b82f2d2aae0ca24b877009200ced9065a772e73),platform=Windows NT 10.0.16299 x86_64) (WARNING: The server did not provide any stacktrace information)
Command duration or timeout: 0 milliseconds
Build info: version: '3.7.1', revision: '8a0099a', time: '2017-11-06T21:07:36.161Z'
System info: host: 'DSHIOSAKY-LAPTO', ip: '10.2.0.220', os.name: 'Windows 10', os.arch: 'amd64', os.version: '10.0', java.version: '1.8.0_102'
Driver info: com.kms.katalon.selenium.driver.CChromeDriver
Capabilities {acceptInsecureCerts: false, acceptSslCerts: false, applicationCacheEnabled: false, browserConnectionEnabled: false, browserName: chrome, chrome: {chromedriverVersion: 2.35.528161 (5b82f2d2aae0ca..., userDataDir: C:\Users\DSHIOS~1\AppData\L...}, cssSelectorsEnabled: true, databaseEnabled: false, handlesAlerts: true, hasTouchScreen: false, javascriptEnabled: true, locationContextEnabled: true, mobileEmulationEnabled: false, nativeEvents: true, networkConnectionEnabled: false, pageLoadStrategy: normal, platform: XP, platformName: XP, rotatable: false, setWindowRect: true, takesHeapSnapshot: true, takesScreenshot: true, unexpectedAlertBehaviour: , unhandledPromptBehavior: , version: 64.0.3282.186, webStorageEnabled: true}
Session ID: 512134341906bca92e88b104459aff02)]]></system-err>
      </testcase>
      <system-out><![CDATA[2018-03-15 23:46:20 - [TEST_SUITE][FAILED] - TestSuite: Test Cases/Convert Lead in sf FAILED because (of) Unable to click on object 'Object Repository/Page_Lead Daniel Levelthree  Salesf/input_sales_tool' (Root cause: com.kms.katalon.core.webui.exception.WebElementNotFoundException: Web element with id: 'Object Repository/Page_Lead Daniel Levelthree  Salesf/input_sales_tool' located by 'By.xpath: //input[@name = 'sales_tool' and @title = 'Sales Tool' and @type = 'button']' not found)]]></system-out>
      <system-err><![CDATA[2018-03-15 23:46:20 - [TEST_SUITE][FAILED] - TestSuite: Test Cases/Convert Lead in sf FAILED because (of) Unable to click on object 'Object Repository/Page_Lead Daniel Levelthree  Salesf/input_sales_tool' (Root cause: com.kms.katalon.core.webui.exception.WebElementNotFoundException: Web element with id: 'Object Repository/Page_Lead Daniel Levelthree  Salesf/input_sales_tool' located by 'By.xpath: //input[@name = 'sales_tool' and @title = 'Sales Tool' and @type = 'button']' not found)]]></system-err>
   </testsuite>
</testsuites>
